Using pre-set license
Built from '2022.3/staging' branch; Version is '2022.3.32f1 (c8300dc0a3fa) revision 13119501'; Using compiler version '192829333'; Build Type 'Release'
OS: 'Windows 11  (10.0.22631) 64bit Professional' Language: 'en' Physical Memory: 32694 MB
BatchMode: 1, IsHumanControllingUs: 0, StartBugReporterOnCrash: 0, Is64bit: 1, IsPro: 1

COMMAND LINE ARGUMENTS:
F:\Programs\Editor\2022.3.32f1\Editor\Unity.exe
-adb2
-batchMode
-noUpm
-name
AssetImportWorker9
-projectPath
C:/Users/Infer/Documents/GitHub/the-CodeSample/CodeSample
-logFile
Logs/AssetImportWorker9.log
-srvPort
50143
Successfully changed project path to: C:/Users/Infer/Documents/GitHub/the-CodeSample/CodeSample
C:/Users/Infer/Documents/GitHub/the-CodeSample/CodeSample
[UnityMemory] Configuration Parameters - Can be set up in boot.config
    "memorysetup-bucket-allocator-granularity=16"
    "memorysetup-bucket-allocator-bucket-count=8"
    "memorysetup-bucket-allocator-block-size=33554432"
    "memorysetup-bucket-allocator-block-count=8"
    "memorysetup-main-allocator-block-size=16777216"
    "memorysetup-thread-allocator-block-size=16777216"
    "memorysetup-gfx-main-allocator-block-size=16777216"
    "memorysetup-gfx-thread-allocator-block-size=16777216"
    "memorysetup-cache-allocator-block-size=4194304"
    "memorysetup-typetree-allocator-block-size=2097152"
    "memorysetup-profiler-bucket-allocator-granularity=16"
    "memorysetup-profiler-bucket-allocator-bucket-count=8"
    "memorysetup-profiler-bucket-allocator-block-size=33554432"
    "memorysetup-profiler-bucket-allocator-block-count=8"
    "memorysetup-profiler-allocator-block-size=16777216"
    "memorysetup-profiler-editor-allocator-block-size=1048576"
    "memorysetup-temp-allocator-size-main=16777216"
    "memorysetup-job-temp-allocator-block-size=2097152"
    "memorysetup-job-temp-allocator-block-size-background=1048576"
    "memorysetup-job-temp-allocator-reduction-small-platforms=262144"
    "memorysetup-allocator-temp-initial-block-size-main=262144"
    "memorysetup-allocator-temp-initial-block-size-worker=262144"
    "memorysetup-temp-allocator-size-background-worker=32768"
    "memorysetup-temp-allocator-size-job-worker=262144"
    "memorysetup-temp-allocator-size-preload-manager=33554432"
    "memorysetup-temp-allocator-size-nav-mesh-worker=65536"
    "memorysetup-temp-allocator-size-audio-worker=65536"
    "memorysetup-temp-allocator-size-cloud-worker=32768"
    "memorysetup-temp-allocator-size-gi-baking-worker=262144"
    "memorysetup-temp-allocator-size-gfx=262144"
Player connection [18684] Host "[IP] 192.168.1.60 [Port] 0 [Flags] 2 [Guid] 291302523 [EditorId] 291302523 [Version] 1048832 [Id] WindowsEditor(7,Victoria) [Debug] 1 [PackageName] WindowsEditor [ProjectName] Editor" joined multi-casting on [225.0.0.222:54997]...

Player connection [18684] Host "[IP] 192.168.1.60 [Port] 0 [Flags] 2 [Guid] 291302523 [EditorId] 291302523 [Version] 1048832 [Id] WindowsEditor(7,Victoria) [Debug] 1 [PackageName] WindowsEditor [ProjectName] Editor" joined alternative multi-casting on [225.0.0.222:34997]...

[PhysX] Initialized MultithreadedTaskDispatcher with 12 workers.
Refreshing native plugins compatible for Editor in 11.08 ms, found 3 plugins.
Preloading 0 native plugins for Editor in 0.00 ms.
Initialize engine version: 2022.3.32f1 (c8300dc0a3fa)
[Subsystems] Discovering subsystems at path F:/Programs/Editor/2022.3.32f1/Editor/Data/Resources/UnitySubsystems
[Subsystems] Discovering subsystems at path C:/Users/Infer/Documents/GitHub/the-CodeSample/CodeSample/Assets
GfxDevice: creating device client; threaded=0; jobified=0
Direct3D:
    Version:  Direct3D 11.0 [level 11.1]
    Renderer: NVIDIA GeForce RTX 3060 (ID=0x2504)
    Vendor:   NVIDIA
    VRAM:     12115 MB
    Driver:   32.0.15.5599
Initialize mono
Mono path[0] = 'F:/Programs/Editor/2022.3.32f1/Editor/Data/Managed'
Mono path[1] = 'F:/Programs/Editor/2022.3.32f1/Editor/Data/MonoBleedingEdge/lib/mono/unityjit-win32'
Mono config path = 'F:/Programs/Editor/2022.3.32f1/Editor/Data/MonoBleedingEdge/etc'
Using monoOptions --debugger-agent=transport=dt_socket,embedding=1,server=y,suspend=n,address=127.0.0.1:56688
Begin MonoManager ReloadAssembly
Registering precompiled unity dll's ...
Register platform support module: F:/Programs/Editor/2022.3.32f1/Editor/Data/PlaybackEngines/WebGLSupport/UnityEditor.WebGL.Extensions.dll
Register platform support module: F:/Programs/Editor/2022.3.32f1/Editor/Data/PlaybackEngines/MacStandaloneSupport/UnityEditor.OSXStandalone.Extensions.dll
Register platform support module: F:/Programs/Editor/2022.3.32f1/Editor/Data/PlaybackEngines/AndroidPlayer/UnityEditor.Android.Extensions.dll
Register platform support module: F:/Programs/Editor/2022.3.32f1/Editor/Data/PlaybackEngines/iOSSupport/UnityEditor.iOS.Extensions.dll
Register platform support module: F:/Programs/Editor/2022.3.32f1/Editor/Data/PlaybackEngines/WindowsStandaloneSupport/UnityEditor.WindowsStandalone.Extensions.dll
Register platform support module: F:/Programs/Editor/2022.3.32f1/Editor/Data/PlaybackEngines/LinuxStandaloneSupport/UnityEditor.LinuxStandalone.Extensions.dll
Register platform support module: F:/Programs/Editor/2022.3.32f1/Editor/Data/PlaybackEngines/MetroSupport/UnityEditor.UWP.Extensions.dll
Registered in 0.005776 seconds.
- Loaded All Assemblies, in  0.313 seconds
Native extension for UWP target not found
Native extension for LinuxStandalone target not found
Native extension for WindowsStandalone target not found
[usbmuxd] Start listen thread
[usbmuxd] Listen thread started
Native extension for iOS target not found
Native extension for Android target not found
Android Extension - Scanning For ADB Devices 257 ms
Native extension for OSXStandalone target not found
Native extension for WebGL target not found
Mono: successfully reloaded assembly
- Finished resetting the current domain, in  0.560 seconds
Domain Reload Profiling: 873ms
	BeginReloadAssembly (92ms)
		ExecutionOrderSort (0ms)
		DisableScriptedObjects (0ms)
		BackupInstance (0ms)
		ReleaseScriptingObjects (0ms)
		CreateAndSetChildDomain (1ms)
	RebuildCommonClasses (32ms)
	RebuildNativeTypeToScriptingClass (11ms)
	initialDomainReloadingComplete (44ms)
	LoadAllAssembliesAndSetupDomain (134ms)
		LoadAssemblies (91ms)
		RebuildTransferFunctionScriptingTraits (0ms)
		AnalyzeDomain (131ms)
			TypeCache.Refresh (130ms)
				TypeCache.ScanAssembly (118ms)
			ScanForSourceGeneratedMonoScriptInfo (0ms)
			ResolveRequiredComponents (0ms)
	FinalizeReload (560ms)
		ReleaseScriptCaches (0ms)
		RebuildScriptCaches (0ms)
		SetupLoadedEditorAssemblies (503ms)
			LogAssemblyErrors (0ms)
			InitializePlatformSupportModulesInManaged (362ms)
			SetLoadedEditorAssemblies (3ms)
			RefreshPlugins (0ms)
			BeforeProcessingInitializeOnLoad (2ms)
			ProcessInitializeOnLoadAttributes (97ms)
			ProcessInitializeOnLoadMethodAttributes (39ms)
			AfterProcessingInitializeOnLoad (0ms)
			EditorAssembliesLoaded (0ms)
		ExecutionOrderSort2 (0ms)
		AwakeInstancesAfterBackupRestoration (0ms)
========================================================================
Worker process is ready to serve import requests
Begin MonoManager ReloadAssembly
- Loaded All Assemblies, in  0.588 seconds
Refreshing native plugins compatible for Editor in 3.67 ms, found 3 plugins.
Native extension for UWP target not found
Native extension for LinuxStandalone target not found
Native extension for WindowsStandalone target not found
Native extension for iOS target not found
Native extension for Android target not found
Native extension for OSXStandalone target not found
Native extension for WebGL target not found
[MODES] ModeService[none].Initialize
[MODES] ModeService[none].LoadModes
[MODES] Loading mode Default (0) for mode-current-id-CodeSample
Package Manager log level set to [2]
[Package Manager] Server::EnsureServerProcessIsRunning -- launch failed, reason: Unity was launched with the -noUpm command-line argument
[Package Manager] UpmClient::Send -- Unable to send message (not connected to UPM process).
[Package Manager] Cannot connect to Unity Package Manager local server
Mono: successfully reloaded assembly
- Finished resetting the current domain, in  0.785 seconds
Domain Reload Profiling: 1372ms
	BeginReloadAssembly (128ms)
		ExecutionOrderSort (0ms)
		DisableScriptedObjects (5ms)
		BackupInstance (0ms)
		ReleaseScriptingObjects (0ms)
		CreateAndSetChildDomain (19ms)
	RebuildCommonClasses (32ms)
	RebuildNativeTypeToScriptingClass (11ms)
	initialDomainReloadingComplete (36ms)
	LoadAllAssembliesAndSetupDomain (380ms)
		LoadAssemblies (236ms)
		RebuildTransferFunctionScriptingTraits (0ms)
		AnalyzeDomain (207ms)
			TypeCache.Refresh (169ms)
				TypeCache.ScanAssembly (153ms)
			ScanForSourceGeneratedMonoScriptInfo (25ms)
			ResolveRequiredComponents (12ms)
	FinalizeReload (785ms)
		ReleaseScriptCaches (0ms)
		RebuildScriptCaches (0ms)
		SetupLoadedEditorAssemblies (633ms)
			LogAssemblyErrors (0ms)
			InitializePlatformSupportModulesInManaged (35ms)
			SetLoadedEditorAssemblies (3ms)
			RefreshPlugins (0ms)
			BeforeProcessingInitializeOnLoad (66ms)
			ProcessInitializeOnLoadAttributes (471ms)
			ProcessInitializeOnLoadMethodAttributes (57ms)
			AfterProcessingInitializeOnLoad (2ms)
			EditorAssembliesLoaded (0ms)
		ExecutionOrderSort2 (0ms)
		AwakeInstancesAfterBackupRestoration (5ms)
Launched and connected shader compiler UnityShaderCompiler.exe after 0.05 seconds
Refreshing native plugins compatible for Editor in 3.62 ms, found 3 plugins.
Preloading 0 native plugins for Editor in 0.00 ms.
Unloading 5799 Unused Serialized files (Serialized files now loaded: 0)
Unloading 100 unused Assets / (2.1 MB). Loaded Objects now: 6254.
Memory consumption went from 244.1 MB to 242.0 MB.
Total: 5.128200 ms (FindLiveObjects: 0.507100 ms CreateObjectMapping: 0.169500 ms MarkObjects: 3.873500 ms  DeleteObjects: 0.576800 ms)

AssetImportParameters requested are different than current active one (requested -> active):
  custom:container-demuxer-ogg: 62fdf1f143b41e24485cea50d1cbac27 -> 
  custom:video-codec-MediaFoundation-h265: 746d11721c4dcdbdad8f713fa42b33f4 -> 
  custom:video-decoder-ogg-theora: a1e56fd34408186e4bbccfd4996cb3dc -> 
  custom:framework-win-MediaFoundation: 216162199b28c13a410421893ffa2e32 -> 
  custom:CustomObjectIndexerAttribute: 3ead1caaecf1c488f20bcfeb224b6af5 -> 
  custom:container-demuxer-webm: 4f35f7cbe854078d1ac9338744f61a02 -> 
  custom:container-muxer-webm: aa71ff27fc2769a1b78a27578f13a17b -> 
  custom:video-decoder-webm-vp8: 9c59270c3fd7afecdb556c50c9e8de78 -> 
  custom:SearchIndexIgnoredProperties: e643bd26f0fe6173181afceb89e7c659 -> 
  custom:AudioImporter_EditorPlatform: d09bf68614088b80899f8185d706f6e7 -> 
  custom:video-encoder-webm-vp8: eb34c28f22e8b96e1ab97ce403110664 -> 
  custom:audio-decoder-ogg-vorbis: bf7c407c2cedff20999df2af8eb42d56 -> 
  custom:audio-encoder-webm-vorbis: bf7c407c2cedff20999df2af8eb42d56 -> 
========================================================================
Received Import Request.
  Time since last request: 8400.122171 seconds.
  path: Assets/Level Start.prefab
  artifactKey: Guid(3eb4290fc255c26469b8bcb5d013e9ad) Importer(815301076,1909f56bfc062723c751e8b465ee728b)
Start importing Assets/Level Start.prefab using Guid(3eb4290fc255c26469b8bcb5d013e9ad) Importer(815301076,1909f56bfc062723c751e8b465ee728b) [PhysX] Initialized MultithreadedTaskDispatcher with 12 workers.
[PhysX] Initialized MultithreadedTaskDispatcher with 12 workers.
 -> (artifact id: 'c4e2da0217c0208e13db996dc4793b38') in 0.466787 seconds
Number of updated asset objects reloaded before import = 0
Number of asset objects unloaded after import = 2320
========================================================================
Received Import Request.
  Time since last request: 3.333746 seconds.
  path: Assets/Level 1.prefab
  artifactKey: Guid(cd86601b4d7a0334e8c39fedf507f74a) Importer(815301076,1909f56bfc062723c751e8b465ee728b)
Start importing Assets/Level 1.prefab using Guid(cd86601b4d7a0334e8c39fedf507f74a) Importer(815301076,1909f56bfc062723c751e8b465ee728b) [PhysX] Initialized MultithreadedTaskDispatcher with 12 workers.
[PhysX] Initialized MultithreadedTaskDispatcher with 12 workers.
 -> (artifact id: '0ea5b2916860dec541f126b1e9780f3d') in 0.102933 seconds
Number of updated asset objects reloaded before import = 0
Number of asset objects unloaded after import = 1902
========================================================================
Received Import Request.
  Time since last request: 0.000022 seconds.
  path: Assets/Level Start.prefab
  artifactKey: Guid(3eb4290fc255c26469b8bcb5d013e9ad) Importer(815301076,1909f56bfc062723c751e8b465ee728b)
Start importing Assets/Level Start.prefab using Guid(3eb4290fc255c26469b8bcb5d013e9ad) Importer(815301076,1909f56bfc062723c751e8b465ee728b) [PhysX] Initialized MultithreadedTaskDispatcher with 12 workers.
[PhysX] Initialized MultithreadedTaskDispatcher with 12 workers.
 -> (artifact id: 'd8dff8b2af34294c6bc77498e8a66c12') in 0.099757 seconds
Number of updated asset objects reloaded before import = 0
Number of asset objects unloaded after import = 2320
========================================================================
Received Import Request.
  Time since last request: 4.452366 seconds.
  path: Assets/Level 1.prefab
  artifactKey: Guid(cd86601b4d7a0334e8c39fedf507f74a) Importer(815301076,1909f56bfc062723c751e8b465ee728b)
Start importing Assets/Level 1.prefab using Guid(cd86601b4d7a0334e8c39fedf507f74a) Importer(815301076,1909f56bfc062723c751e8b465ee728b) [PhysX] Initialized MultithreadedTaskDispatcher with 12 workers.
[PhysX] Initialized MultithreadedTaskDispatcher with 12 workers.
 -> (artifact id: 'd6bd7b9054af1f33aaba116b0f6304c2') in 0.112964 seconds
Number of updated asset objects reloaded before import = 0
Number of asset objects unloaded after import = 1902
========================================================================
Received Import Request.
  Time since last request: 0.000039 seconds.
  path: Assets/Level End.prefab
  artifactKey: Guid(397a22786b2c18f4baad5589f18c48ce) Importer(815301076,1909f56bfc062723c751e8b465ee728b)
Start importing Assets/Level End.prefab using Guid(397a22786b2c18f4baad5589f18c48ce) Importer(815301076,1909f56bfc062723c751e8b465ee728b) [PhysX] Initialized MultithreadedTaskDispatcher with 12 workers.
[PhysX] Initialized MultithreadedTaskDispatcher with 12 workers.
 -> (artifact id: '46e95b493a07a03e3664ba0f2958acb2') in 0.075478 seconds
Number of updated asset objects reloaded before import = 0
Number of asset objects unloaded after import = 1902
========================================================================
Received Import Request.
  Time since last request: 12.331657 seconds.
  path: Assets/Level 1.prefab
  artifactKey: Guid(cd86601b4d7a0334e8c39fedf507f74a) Importer(815301076,1909f56bfc062723c751e8b465ee728b)
Start importing Assets/Level 1.prefab using Guid(cd86601b4d7a0334e8c39fedf507f74a) Importer(815301076,1909f56bfc062723c751e8b465ee728b) [PhysX] Initialized MultithreadedTaskDispatcher with 12 workers.
[PhysX] Initialized MultithreadedTaskDispatcher with 12 workers.
 -> (artifact id: 'de7210adfac23f7d03389a5644bb1fe7') in 0.110315 seconds
Number of updated asset objects reloaded before import = 0
Number of asset objects unloaded after import = 1902
========================================================================
Received Import Request.
  Time since last request: 0.000042 seconds.
  path: Assets/Level Start.prefab
  artifactKey: Guid(3eb4290fc255c26469b8bcb5d013e9ad) Importer(815301076,1909f56bfc062723c751e8b465ee728b)
Start importing Assets/Level Start.prefab using Guid(3eb4290fc255c26469b8bcb5d013e9ad) Importer(815301076,1909f56bfc062723c751e8b465ee728b) [PhysX] Initialized MultithreadedTaskDispatcher with 12 workers.
[PhysX] Initialized MultithreadedTaskDispatcher with 12 workers.
 -> (artifact id: 'c8b5295e85f5952e9ed9c0879629bc1d') in 0.083092 seconds
Number of updated asset objects reloaded before import = 0
Number of asset objects unloaded after import = 2320
========================================================================
Received Import Request.
  Time since last request: 4.823030 seconds.
  path: Assets/Level 1.prefab
  artifactKey: Guid(cd86601b4d7a0334e8c39fedf507f74a) Importer(815301076,1909f56bfc062723c751e8b465ee728b)
Start importing Assets/Level 1.prefab using Guid(cd86601b4d7a0334e8c39fedf507f74a) Importer(815301076,1909f56bfc062723c751e8b465ee728b) [PhysX] Initialized MultithreadedTaskDispatcher with 12 workers.
[PhysX] Initialized MultithreadedTaskDispatcher with 12 workers.
 -> (artifact id: 'c87564643c42d61cc94e73f5a3498483') in 0.107114 seconds
Number of updated asset objects reloaded before import = 0
Number of asset objects unloaded after import = 1902
========================================================================
Received Import Request.
  Time since last request: 0.000036 seconds.
  path: Assets/Level End.prefab
  artifactKey: Guid(397a22786b2c18f4baad5589f18c48ce) Importer(815301076,1909f56bfc062723c751e8b465ee728b)
Start importing Assets/Level End.prefab using Guid(397a22786b2c18f4baad5589f18c48ce) Importer(815301076,1909f56bfc062723c751e8b465ee728b) [PhysX] Initialized MultithreadedTaskDispatcher with 12 workers.
[PhysX] Initialized MultithreadedTaskDispatcher with 12 workers.
 -> (artifact id: '69f5cf36114b792f2986f3879a6bc83d') in 0.077961 seconds
Number of updated asset objects reloaded before import = 0
Number of asset objects unloaded after import = 1902
========================================================================
Received Import Request.
  Time since last request: 19.268375 seconds.
  path: Assets/Level 1.prefab
  artifactKey: Guid(cd86601b4d7a0334e8c39fedf507f74a) Importer(815301076,1909f56bfc062723c751e8b465ee728b)
Start importing Assets/Level 1.prefab using Guid(cd86601b4d7a0334e8c39fedf507f74a) Importer(815301076,1909f56bfc062723c751e8b465ee728b) [PhysX] Initialized MultithreadedTaskDispatcher with 12 workers.
[PhysX] Initialized MultithreadedTaskDispatcher with 12 workers.
 -> (artifact id: 'ae4b567e8768a2626642f9eeca1c9607') in 0.097357 seconds
Number of updated asset objects reloaded before import = 0
Number of asset objects unloaded after import = 1902
========================================================================
Received Import Request.
  Time since last request: 0.000031 seconds.
  path: Assets/Level Start.prefab
  artifactKey: Guid(3eb4290fc255c26469b8bcb5d013e9ad) Importer(815301076,1909f56bfc062723c751e8b465ee728b)
Start importing Assets/Level Start.prefab using Guid(3eb4290fc255c26469b8bcb5d013e9ad) Importer(815301076,1909f56bfc062723c751e8b465ee728b) [PhysX] Initialized MultithreadedTaskDispatcher with 12 workers.
[PhysX] Initialized MultithreadedTaskDispatcher with 12 workers.
 -> (artifact id: '304b8c0eb1b4a05bb2e366104a9ae9d4') in 0.088021 seconds
Number of updated asset objects reloaded before import = 0
Number of asset objects unloaded after import = 2320
========================================================================
Received Import Request.
  Time since last request: 7.129760 seconds.
  path: Assets/Level 1.prefab
  artifactKey: Guid(cd86601b4d7a0334e8c39fedf507f74a) Importer(815301076,1909f56bfc062723c751e8b465ee728b)
Start importing Assets/Level 1.prefab using Guid(cd86601b4d7a0334e8c39fedf507f74a) Importer(815301076,1909f56bfc062723c751e8b465ee728b) [PhysX] Initialized MultithreadedTaskDispatcher with 12 workers.
[PhysX] Initialized MultithreadedTaskDispatcher with 12 workers.
 -> (artifact id: '7be723485b3febfc6c85e08986975e4a') in 0.075818 seconds
Number of updated asset objects reloaded before import = 0
Number of asset objects unloaded after import = 1902
========================================================================
Received Import Request.
  Time since last request: 0.000072 seconds.
  path: Assets/Level Start.prefab
  artifactKey: Guid(3eb4290fc255c26469b8bcb5d013e9ad) Importer(815301076,1909f56bfc062723c751e8b465ee728b)
Start importing Assets/Level Start.prefab using Guid(3eb4290fc255c26469b8bcb5d013e9ad) Importer(815301076,1909f56bfc062723c751e8b465ee728b) [PhysX] Initialized MultithreadedTaskDispatcher with 12 workers.
[PhysX] Initialized MultithreadedTaskDispatcher with 12 workers.
 -> (artifact id: 'ef3793ccc58d55631e82d82b8fa49437') in 0.078469 seconds
Number of updated asset objects reloaded before import = 0
Number of asset objects unloaded after import = 2320
========================================================================
Received Import Request.
  Time since last request: 5.920918 seconds.
  path: Assets/Level 1.prefab
  artifactKey: Guid(cd86601b4d7a0334e8c39fedf507f74a) Importer(815301076,1909f56bfc062723c751e8b465ee728b)
Start importing Assets/Level 1.prefab using Guid(cd86601b4d7a0334e8c39fedf507f74a) Importer(815301076,1909f56bfc062723c751e8b465ee728b) [PhysX] Initialized MultithreadedTaskDispatcher with 12 workers.
[PhysX] Initialized MultithreadedTaskDispatcher with 12 workers.
 -> (artifact id: '93c4de9d59d769e80191a016cbffed97') in 0.095558 seconds
Number of updated asset objects reloaded before import = 0
Number of asset objects unloaded after import = 1902
========================================================================
Received Import Request.
  Time since last request: 0.000025 seconds.
  path: Assets/Level End.prefab
  artifactKey: Guid(397a22786b2c18f4baad5589f18c48ce) Importer(815301076,1909f56bfc062723c751e8b465ee728b)
Start importing Assets/Level End.prefab using Guid(397a22786b2c18f4baad5589f18c48ce) Importer(815301076,1909f56bfc062723c751e8b465ee728b) [PhysX] Initialized MultithreadedTaskDispatcher with 12 workers.
[PhysX] Initialized MultithreadedTaskDispatcher with 12 workers.
 -> (artifact id: 'd9773071e890842b8abb6d0857c7fd46') in 0.083391 seconds
Number of updated asset objects reloaded before import = 0
Number of asset objects unloaded after import = 1902
========================================================================
Received Import Request.
  Time since last request: 3.657604 seconds.
  path: Assets/Level 1.prefab
  artifactKey: Guid(cd86601b4d7a0334e8c39fedf507f74a) Importer(815301076,1909f56bfc062723c751e8b465ee728b)
Start importing Assets/Level 1.prefab using Guid(cd86601b4d7a0334e8c39fedf507f74a) Importer(815301076,1909f56bfc062723c751e8b465ee728b) [PhysX] Initialized MultithreadedTaskDispatcher with 12 workers.
[PhysX] Initialized MultithreadedTaskDispatcher with 12 workers.
 -> (artifact id: 'd6091d7672bf7bbe7da12735ec4275f8') in 0.082456 seconds
Number of updated asset objects reloaded before import = 0
Number of asset objects unloaded after import = 1897
========================================================================
Received Import Request.
  Time since last request: 0.000027 seconds.
  path: Assets/Level Start.prefab
  artifactKey: Guid(3eb4290fc255c26469b8bcb5d013e9ad) Importer(815301076,1909f56bfc062723c751e8b465ee728b)
Start importing Assets/Level Start.prefab using Guid(3eb4290fc255c26469b8bcb5d013e9ad) Importer(815301076,1909f56bfc062723c751e8b465ee728b) [PhysX] Initialized MultithreadedTaskDispatcher with 12 workers.
[PhysX] Initialized MultithreadedTaskDispatcher with 12 workers.
 -> (artifact id: '0d4787ae3307c0a30c75880f0e241384') in 0.086756 seconds
Number of updated asset objects reloaded before import = 0
Number of asset objects unloaded after import = 2315
========================================================================
Received Import Request.
  Time since last request: 3.443609 seconds.
  path: Assets/Level 1.prefab
  artifactKey: Guid(cd86601b4d7a0334e8c39fedf507f74a) Importer(815301076,1909f56bfc062723c751e8b465ee728b)
Start importing Assets/Level 1.prefab using Guid(cd86601b4d7a0334e8c39fedf507f74a) Importer(815301076,1909f56bfc062723c751e8b465ee728b) [PhysX] Initialized MultithreadedTaskDispatcher with 12 workers.
[PhysX] Initialized MultithreadedTaskDispatcher with 12 workers.
 -> (artifact id: '0f96404afecbae7480c55dee43dd3644') in 0.076671 seconds
Number of updated asset objects reloaded before import = 0
Number of asset objects unloaded after import = 1892
========================================================================
Received Import Request.
  Time since last request: 0.000028 seconds.
  path: Assets/Level Start.prefab
  artifactKey: Guid(3eb4290fc255c26469b8bcb5d013e9ad) Importer(815301076,1909f56bfc062723c751e8b465ee728b)
Start importing Assets/Level Start.prefab using Guid(3eb4290fc255c26469b8bcb5d013e9ad) Importer(815301076,1909f56bfc062723c751e8b465ee728b) [PhysX] Initialized MultithreadedTaskDispatcher with 12 workers.
[PhysX] Initialized MultithreadedTaskDispatcher with 12 workers.
 -> (artifact id: '43d70c52932ed18bde8214f017a0773e') in 0.096641 seconds
Number of updated asset objects reloaded before import = 0
Number of asset objects unloaded after import = 2310
========================================================================
Received Import Request.
  Time since last request: 0.816559 seconds.
  path: Assets/Level 1.prefab
  artifactKey: Guid(cd86601b4d7a0334e8c39fedf507f74a) Importer(815301076,1909f56bfc062723c751e8b465ee728b)
Start importing Assets/Level 1.prefab using Guid(cd86601b4d7a0334e8c39fedf507f74a) Importer(815301076,1909f56bfc062723c751e8b465ee728b) [PhysX] Initialized MultithreadedTaskDispatcher with 12 workers.
[PhysX] Initialized MultithreadedTaskDispatcher with 12 workers.
 -> (artifact id: 'a81ab484cc563ce119056e5a3663719c') in 0.076281 seconds
Number of updated asset objects reloaded before import = 0
Number of asset objects unloaded after import = 1887
========================================================================
Received Import Request.
  Time since last request: 0.000028 seconds.
  path: Assets/Level Start.prefab
  artifactKey: Guid(3eb4290fc255c26469b8bcb5d013e9ad) Importer(815301076,1909f56bfc062723c751e8b465ee728b)
Start importing Assets/Level Start.prefab using Guid(3eb4290fc255c26469b8bcb5d013e9ad) Importer(815301076,1909f56bfc062723c751e8b465ee728b) [PhysX] Initialized MultithreadedTaskDispatcher with 12 workers.
[PhysX] Initialized MultithreadedTaskDispatcher with 12 workers.
 -> (artifact id: 'cd17ea2a838250e9eae82f175bf76880') in 0.100265 seconds
Number of updated asset objects reloaded before import = 0
Number of asset objects unloaded after import = 2305
========================================================================
Received Import Request.
  Time since last request: 7.317386 seconds.
  path: Assets/Level 1.prefab
  artifactKey: Guid(cd86601b4d7a0334e8c39fedf507f74a) Importer(815301076,1909f56bfc062723c751e8b465ee728b)
Start importing Assets/Level 1.prefab using Guid(cd86601b4d7a0334e8c39fedf507f74a) Importer(815301076,1909f56bfc062723c751e8b465ee728b) [PhysX] Initialized MultithreadedTaskDispatcher with 12 workers.
[PhysX] Initialized MultithreadedTaskDispatcher with 12 workers.
 -> (artifact id: 'b249d0b1670fc9cb8bbba258e8f29d57') in 0.073602 seconds
Number of updated asset objects reloaded before import = 0
Number of asset objects unloaded after import = 1882
========================================================================
Received Import Request.
  Time since last request: 0.000024 seconds.
  path: Assets/Level Start.prefab
  artifactKey: Guid(3eb4290fc255c26469b8bcb5d013e9ad) Importer(815301076,1909f56bfc062723c751e8b465ee728b)
Start importing Assets/Level Start.prefab using Guid(3eb4290fc255c26469b8bcb5d013e9ad) Importer(815301076,1909f56bfc062723c751e8b465ee728b) [PhysX] Initialized MultithreadedTaskDispatcher with 12 workers.
[PhysX] Initialized MultithreadedTaskDispatcher with 12 workers.
 -> (artifact id: '96d92e519421f640caf7b7ba12b988ce') in 0.091308 seconds
Number of updated asset objects reloaded before import = 0
Number of asset objects unloaded after import = 2300
========================================================================
Received Prepare
Begin MonoManager ReloadAssembly
- Loaded All Assemblies, in  0.410 seconds
Refreshing native plugins compatible for Editor in 3.46 ms, found 3 plugins.
Native extension for UWP target not found
Native extension for LinuxStandalone target not found
Native extension for WindowsStandalone target not found
Native extension for iOS target not found
Native extension for Android target not found
Native extension for OSXStandalone target not found
Native extension for WebGL target not found
Error saving file Library/StateCache/LayerSettings/9e/9ecc5c3c162a7aba29bafa64c8b94b7c.json. Error: System.IO.IOException: Sharing violation on path C:\Users\Infer\Documents\GitHub\the-CodeSample\CodeSample\Library\StateCache\LayerSettings\9e\9ecc5c3c162a7aba29bafa64c8b94b7c.json
  at System.IO.FileStream..ctor (System.String path, System.IO.FileMode mode, System.IO.FileAccess access, System.IO.FileShare share, System.Int32 bufferSize, System.Boolean anonymous, System.IO.FileOptions options) [0x0019e] in <467a840a914a47078e4ae9b0b1e8779e>:0 
  at System.IO.FileStream..ctor (System.String path, System.IO.FileMode mode, System.IO.FileAccess access, System.IO.FileShare share, System.Int32 bufferSize, System.IO.FileOptions options) [0x00000] in <467a840a914a47078e4ae9b0b1e8779e>:0 
  at (wrapper remoting-invoke-with-check) System.IO.FileStream..ctor(string,System.IO.FileMode,System.IO.FileAccess,System.IO.FileShare,int,System.IO.FileOptions)
  at System.IO.StreamWriter..ctor (System.String path, System.Boolean append, System.Text.Encoding encoding, System.Int32 bufferSize) [0x00055] in <467a840a914a47078e4ae9b0b1e8779e>:0 
  at System.IO.StreamWriter..ctor (System.String path, System.Boolean append, System.Text.Encoding encoding) [0x00000] in <467a840a914a47078e4ae9b0b1e8779e>:0 
  at (wrapper remoting-invoke-with-check) System.IO.StreamWriter..ctor(string,bool,System.Text.Encoding)
  at System.IO.File.WriteAllText (System.String path, System.String contents, System.Text.Encoding encoding) [0x00034] in <467a840a914a47078e4ae9b0b1e8779e>:0 
  at UnityEditor.StateCache`1[T].SetState (UnityEngine.Hash128 key, T obj) [0x0004b] in <3d611f181d2047d0a4666e5262482490>:0 
UnityEngine.StackTraceUtility:ExtractStackTrace ()
UnityEngine.DebugLogHandler:LogFormat (UnityEngine.LogType,UnityEngine.Object,string,object[])
UnityEngine.Logger:Log (UnityEngine.LogType,object)
UnityEngine.Debug:LogError (object)
UnityEditor.StateCache`1<UnityEditor.Tools/LayerSettings>:SetState (UnityEngine.Hash128,UnityEditor.Tools/LayerSettings)
UnityEditor.Tools:set_lockedLayers (int)
UnityEditor.Tools:OnEnable ()
UnityEngine.ScriptableObject:CreateInstance (System.Type)
UnityEngine.ScriptableObject:CreateInstance<UnityEditor.Tools> ()
UnityEditor.Tools:get_get ()
UnityEditor.Tools:get_visibleLayers ()
UnityEditor.Animations.Rigging.BoneRendererUtils:.cctor () (at ./Library/PackageCache/com.unity.animation.rigging@1.2.1/Editor/Utils/BoneRendererUtils.cs:121)
System.Runtime.CompilerServices.RuntimeHelpers:RunClassConstructor (System.RuntimeTypeHandle)
UnityEditor.EditorAssemblies:ProcessInitializeOnLoadAttributes (System.Type[])

(Filename: ./Library/PackageCache/com.unity.animation.rigging@1.2.1/Editor/Utils/BoneRendererUtils.cs Line: 121)

[MODES] ModeService[none].Initialize
[MODES] ModeService[none].LoadModes
[MODES] Loading mode Default (0) for mode-current-id-CodeSample
[Package Manager] Server::EnsureServerProcessIsRunning -- launch failed, reason: Unity was launched with the -noUpm command-line argument
[Package Manager] UpmClient::Send -- Unable to send message (not connected to UPM process).
[Package Manager] Cannot connect to Unity Package Manager local server
Mono: successfully reloaded assembly
- Finished resetting the current domain, in  1.362 seconds
Domain Reload Profiling: 1771ms
	BeginReloadAssembly (150ms)
		ExecutionOrderSort (0ms)
		DisableScriptedObjects (10ms)
		BackupInstance (0ms)
		ReleaseScriptingObjects (0ms)
		CreateAndSetChildDomain (42ms)
	RebuildCommonClasses (31ms)
	RebuildNativeTypeToScriptingClass (12ms)
	initialDomainReloadingComplete (22ms)
	LoadAllAssembliesAndSetupDomain (193ms)
		LoadAssemblies (239ms)
		RebuildTransferFunctionScriptingTraits (0ms)
		AnalyzeDomain (21ms)
			TypeCache.Refresh (6ms)
				TypeCache.ScanAssembly (0ms)
			ScanForSourceGeneratedMonoScriptInfo (0ms)
			ResolveRequiredComponents (14ms)
	FinalizeReload (1363ms)
		ReleaseScriptCaches (0ms)
		RebuildScriptCaches (0ms)
		SetupLoadedEditorAssemblies (615ms)
			LogAssemblyErrors (0ms)
			InitializePlatformSupportModulesInManaged (36ms)
			SetLoadedEditorAssemblies (3ms)
			RefreshPlugins (0ms)
			BeforeProcessingInitializeOnLoad (72ms)
			ProcessInitializeOnLoadAttributes (439ms)
			ProcessInitializeOnLoadMethodAttributes (61ms)
			AfterProcessingInitializeOnLoad (4ms)
			EditorAssembliesLoaded (0ms)
		ExecutionOrderSort2 (0ms)
		AwakeInstancesAfterBackupRestoration (26ms)
Refreshing native plugins compatible for Editor in 4.16 ms, found 3 plugins.
Preloading 0 native plugins for Editor in 0.00 ms.
Unloading 5599 Unused Serialized files (Serialized files now loaded: 0)
Unloading 57 unused Assets / (2.1 MB). Loaded Objects now: 6325.
Memory consumption went from 207.4 MB to 205.3 MB.
Total: 7.674600 ms (FindLiveObjects: 0.543400 ms CreateObjectMapping: 0.174300 ms MarkObjects: 3.292600 ms  DeleteObjects: 3.662500 ms)

Prepare: number of updated asset objects reloaded= 0
AssetImportParameters requested are different than current active one (requested -> active):
  custom:container-demuxer-ogg: 62fdf1f143b41e24485cea50d1cbac27 -> 
  custom:video-codec-MediaFoundation-h265: 746d11721c4dcdbdad8f713fa42b33f4 -> 
  custom:video-decoder-ogg-theora: a1e56fd34408186e4bbccfd4996cb3dc -> 
  custom:framework-win-MediaFoundation: 216162199b28c13a410421893ffa2e32 -> 
  custom:CustomObjectIndexerAttribute: 3ead1caaecf1c488f20bcfeb224b6af5 -> 
  custom:container-demuxer-webm: 4f35f7cbe854078d1ac9338744f61a02 -> 
  custom:container-muxer-webm: aa71ff27fc2769a1b78a27578f13a17b -> 
  custom:video-decoder-webm-vp8: 9c59270c3fd7afecdb556c50c9e8de78 -> 
  custom:SearchIndexIgnoredProperties: e643bd26f0fe6173181afceb89e7c659 -> 
  custom:AudioImporter_EditorPlatform: d09bf68614088b80899f8185d706f6e7 -> 
  custom:video-encoder-webm-vp8: eb34c28f22e8b96e1ab97ce403110664 -> 
  custom:audio-decoder-ogg-vorbis: bf7c407c2cedff20999df2af8eb42d56 -> 
  custom:audio-encoder-webm-vorbis: bf7c407c2cedff20999df2af8eb42d56 -> 
========================================================================
Received Prepare
Begin MonoManager ReloadAssembly
- Loaded All Assemblies, in  0.512 seconds
Refreshing native plugins compatible for Editor in 4.69 ms, found 3 plugins.
Native extension for UWP target not found
Native extension for LinuxStandalone target not found
Native extension for WindowsStandalone target not found
Native extension for iOS target not found
Native extension for Android target not found
Native extension for OSXStandalone target not found
Native extension for WebGL target not found
[MODES] ModeService[none].Initialize
[MODES] ModeService[none].LoadModes
[MODES] Loading mode Default (0) for mode-current-id-CodeSample
[Package Manager] Server::EnsureServerProcessIsRunning -- launch failed, reason: Unity was launched with the -noUpm command-line argument
[Package Manager] UpmClient::Send -- Unable to send message (not connected to UPM process).
[Package Manager] Cannot connect to Unity Package Manager local server
Mono: successfully reloaded assembly
- Finished resetting the current domain, in  1.365 seconds
Domain Reload Profiling: 1875ms
	BeginReloadAssembly (174ms)
		ExecutionOrderSort (0ms)
		DisableScriptedObjects (8ms)
		BackupInstance (0ms)
		ReleaseScriptingObjects (0ms)
		CreateAndSetChildDomain (56ms)
	RebuildCommonClasses (31ms)
	RebuildNativeTypeToScriptingClass (12ms)
	initialDomainReloadingComplete (26ms)
	LoadAllAssembliesAndSetupDomain (267ms)
		LoadAssemblies (320ms)
		RebuildTransferFunctionScriptingTraits (0ms)
		AnalyzeDomain (20ms)
			TypeCache.Refresh (6ms)
				TypeCache.ScanAssembly (0ms)
			ScanForSourceGeneratedMonoScriptInfo (0ms)
			ResolveRequiredComponents (13ms)
	FinalizeReload (1365ms)
		ReleaseScriptCaches (0ms)
		RebuildScriptCaches (0ms)
		SetupLoadedEditorAssemblies (642ms)
			LogAssemblyErrors (0ms)
			InitializePlatformSupportModulesInManaged (32ms)
			SetLoadedEditorAssemblies (3ms)
			RefreshPlugins (0ms)
			BeforeProcessingInitializeOnLoad (93ms)
			ProcessInitializeOnLoadAttributes (446ms)
			ProcessInitializeOnLoadMethodAttributes (66ms)
			AfterProcessingInitializeOnLoad (2ms)
			EditorAssembliesLoaded (0ms)
		ExecutionOrderSort2 (0ms)
		AwakeInstancesAfterBackupRestoration (21ms)
Refreshing native plugins compatible for Editor in 3.87 ms, found 3 plugins.
Preloading 0 native plugins for Editor in 0.00 ms.
Unloading 5599 Unused Serialized files (Serialized files now loaded: 0)
Unloading 56 unused Assets / (2.1 MB). Loaded Objects now: 6343.
Memory consumption went from 207.3 MB to 205.2 MB.
Total: 4.233200 ms (FindLiveObjects: 0.579400 ms CreateObjectMapping: 0.164500 ms MarkObjects: 2.936900 ms  DeleteObjects: 0.550800 ms)

Prepare: number of updated asset objects reloaded= 0
AssetImportParameters requested are different than current active one (requested -> active):
  custom:container-demuxer-ogg: 62fdf1f143b41e24485cea50d1cbac27 -> 
  custom:video-codec-MediaFoundation-h265: 746d11721c4dcdbdad8f713fa42b33f4 -> 
  custom:video-decoder-ogg-theora: a1e56fd34408186e4bbccfd4996cb3dc -> 
  custom:framework-win-MediaFoundation: 216162199b28c13a410421893ffa2e32 -> 
  custom:CustomObjectIndexerAttribute: 3ead1caaecf1c488f20bcfeb224b6af5 -> 
  custom:container-demuxer-webm: 4f35f7cbe854078d1ac9338744f61a02 -> 
  custom:container-muxer-webm: aa71ff27fc2769a1b78a27578f13a17b -> 
  custom:video-decoder-webm-vp8: 9c59270c3fd7afecdb556c50c9e8de78 -> 
  custom:SearchIndexIgnoredProperties: e643bd26f0fe6173181afceb89e7c659 -> 
  custom:AudioImporter_EditorPlatform: d09bf68614088b80899f8185d706f6e7 -> 
  custom:video-encoder-webm-vp8: eb34c28f22e8b96e1ab97ce403110664 -> 
  custom:audio-decoder-ogg-vorbis: bf7c407c2cedff20999df2af8eb42d56 -> 
  custom:audio-encoder-webm-vorbis: bf7c407c2cedff20999df2af8eb42d56 -> 
========================================================================
Received Import Request.
  Time since last request: 141.082638 seconds.
  path: Assets/Level.prefab
  artifactKey: Guid(cf94c161d902b944ba12c8a632bab518) Importer(815301076,1909f56bfc062723c751e8b465ee728b)
Start importing Assets/Level.prefab using Guid(cf94c161d902b944ba12c8a632bab518) Importer(815301076,1909f56bfc062723c751e8b465ee728b) [PhysX] Initialized MultithreadedTaskDispatcher with 12 workers.
[PhysX] Initialized MultithreadedTaskDispatcher with 12 workers.
 -> (artifact id: 'e4f4aabdf3756fe792800eadd79e221c') in 0.396648 seconds
Number of updated asset objects reloaded before import = 0
Number of asset objects unloaded after import = 1900
========================================================================
Received Import Request.
  Time since last request: 0.000032 seconds.
  path: Assets/Level 2.prefab
  artifactKey: Guid(4e216a9dbf6dd2e46a44d024717d4021) Importer(815301076,1909f56bfc062723c751e8b465ee728b)
Start importing Assets/Level 2.prefab using Guid(4e216a9dbf6dd2e46a44d024717d4021) Importer(815301076,1909f56bfc062723c751e8b465ee728b) [PhysX] Initialized MultithreadedTaskDispatcher with 12 workers.
[PhysX] Initialized MultithreadedTaskDispatcher with 12 workers.
 -> (artifact id: 'd8a42d07eafa3147cbc50293c085ecad') in 0.102730 seconds
Number of updated asset objects reloaded before import = 0
Number of asset objects unloaded after import = 1882
========================================================================
Received Import Request.
  Time since last request: 0.000035 seconds.
  path: Assets/Level 3.prefab
  artifactKey: Guid(73fd758d6ba55c246aac5a816b19def8) Importer(815301076,1909f56bfc062723c751e8b465ee728b)
Start importing Assets/Level 3.prefab using Guid(73fd758d6ba55c246aac5a816b19def8) Importer(815301076,1909f56bfc062723c751e8b465ee728b) [PhysX] Initialized MultithreadedTaskDispatcher with 12 workers.
[PhysX] Initialized MultithreadedTaskDispatcher with 12 workers.
 -> (artifact id: '7fb649d543e26b98a4343c142ef16a6f') in 0.135485 seconds
Number of updated asset objects reloaded before import = 0
Number of asset objects unloaded after import = 1882
========================================================================
Received Import Request.
  Time since last request: 11.268402 seconds.
  path: Assets/Level 1.prefab
  artifactKey: Guid(cd86601b4d7a0334e8c39fedf507f74a) Importer(815301076,1909f56bfc062723c751e8b465ee728b)
Start importing Assets/Level 1.prefab using Guid(cd86601b4d7a0334e8c39fedf507f74a) Importer(815301076,1909f56bfc062723c751e8b465ee728b) [PhysX] Initialized MultithreadedTaskDispatcher with 12 workers.
[PhysX] Initialized MultithreadedTaskDispatcher with 12 workers.
 -> (artifact id: 'a21ea88a63657e86592da33ec6e66869') in 0.074156 seconds
Number of updated asset objects reloaded before import = 0
Number of asset objects unloaded after import = 1882
========================================================================
Received Import Request.
  Time since last request: 0.000025 seconds.
  path: Assets/Level Start.prefab
  artifactKey: Guid(3eb4290fc255c26469b8bcb5d013e9ad) Importer(815301076,1909f56bfc062723c751e8b465ee728b)
Start importing Assets/Level Start.prefab using Guid(3eb4290fc255c26469b8bcb5d013e9ad) Importer(815301076,1909f56bfc062723c751e8b465ee728b) [PhysX] Initialized MultithreadedTaskDispatcher with 12 workers.
[PhysX] Initialized MultithreadedTaskDispatcher with 12 workers.
 -> (artifact id: 'e9d25a0380782a8f5610effb4fbfec44') in 0.111973 seconds
Number of updated asset objects reloaded before import = 0
Number of asset objects unloaded after import = 2300
========================================================================
Received Import Request.
  Time since last request: 0.000029 seconds.
  path: Assets/Level End.prefab
  artifactKey: Guid(397a22786b2c18f4baad5589f18c48ce) Importer(815301076,1909f56bfc062723c751e8b465ee728b)
Start importing Assets/Level End.prefab using Guid(397a22786b2c18f4baad5589f18c48ce) Importer(815301076,1909f56bfc062723c751e8b465ee728b) [PhysX] Initialized MultithreadedTaskDispatcher with 12 workers.
[PhysX] Initialized MultithreadedTaskDispatcher with 12 workers.
 -> (artifact id: '75c234b0c2024fd670e2f013a918c640') in 0.074337 seconds
Number of updated asset objects reloaded before import = 0
Number of asset objects unloaded after import = 1882
========================================================================
Received Import Request.
  Time since last request: 2.176885 seconds.
  path: Assets/Level 1.prefab
  artifactKey: Guid(cd86601b4d7a0334e8c39fedf507f74a) Importer(815301076,1909f56bfc062723c751e8b465ee728b)
Start importing Assets/Level 1.prefab using Guid(cd86601b4d7a0334e8c39fedf507f74a) Importer(815301076,1909f56bfc062723c751e8b465ee728b) [PhysX] Initialized MultithreadedTaskDispatcher with 12 workers.
[PhysX] Initialized MultithreadedTaskDispatcher with 12 workers.
 -> (artifact id: 'd104c36c240b5cf4a749361dec2d6faf') in 0.069700 seconds
Number of updated asset objects reloaded before import = 0
Number of asset objects unloaded after import = 1882
========================================================================
Received Import Request.
  Time since last request: 0.000031 seconds.
  path: Assets/Level 2.prefab
  artifactKey: Guid(4e216a9dbf6dd2e46a44d024717d4021) Importer(815301076,1909f56bfc062723c751e8b465ee728b)
Start importing Assets/Level 2.prefab using Guid(4e216a9dbf6dd2e46a44d024717d4021) Importer(815301076,1909f56bfc062723c751e8b465ee728b) [PhysX] Initialized MultithreadedTaskDispatcher with 12 workers.
[PhysX] Initialized MultithreadedTaskDispatcher with 12 workers.
 -> (artifact id: 'fbdc114c3e2ba1660e3f0525a9652b60') in 0.070609 seconds
Number of updated asset objects reloaded before import = 0
Number of asset objects unloaded after import = 1882
========================================================================
Received Import Request.
  Time since last request: 1.477913 seconds.
  path: Assets/Level 1.prefab
  artifactKey: Guid(cd86601b4d7a0334e8c39fedf507f74a) Importer(815301076,1909f56bfc062723c751e8b465ee728b)
Start importing Assets/Level 1.prefab using Guid(cd86601b4d7a0334e8c39fedf507f74a) Importer(815301076,1909f56bfc062723c751e8b465ee728b) [PhysX] Initialized MultithreadedTaskDispatcher with 12 workers.
[PhysX] Initialized MultithreadedTaskDispatcher with 12 workers.
 -> (artifact id: '8af98e77a586c114962ba9cdf7acd2b8') in 0.067609 seconds
Number of updated asset objects reloaded before import = 0
Number of asset objects unloaded after import = 1882
========================================================================
Received Import Request.
  Time since last request: 0.000024 seconds.
  path: Assets/Level 2.prefab
  artifactKey: Guid(4e216a9dbf6dd2e46a44d024717d4021) Importer(815301076,1909f56bfc062723c751e8b465ee728b)
Start importing Assets/Level 2.prefab using Guid(4e216a9dbf6dd2e46a44d024717d4021) Importer(815301076,1909f56bfc062723c751e8b465ee728b) [PhysX] Initialized MultithreadedTaskDispatcher with 12 workers.
[PhysX] Initialized MultithreadedTaskDispatcher with 12 workers.
 -> (artifact id: '5e6911ff93970b334015f7ed97148d03') in 0.072288 seconds
Number of updated asset objects reloaded before import = 0
Number of asset objects unloaded after import = 1882
========================================================================
Received Import Request.
  Time since last request: 1.430714 seconds.
  path: Assets/Level 1.prefab
  artifactKey: Guid(cd86601b4d7a0334e8c39fedf507f74a) Importer(815301076,1909f56bfc062723c751e8b465ee728b)
Start importing Assets/Level 1.prefab using Guid(cd86601b4d7a0334e8c39fedf507f74a) Importer(815301076,1909f56bfc062723c751e8b465ee728b) [PhysX] Initialized MultithreadedTaskDispatcher with 12 workers.
[PhysX] Initialized MultithreadedTaskDispatcher with 12 workers.
 -> (artifact id: '9c1b3c8f1ede322b43e8a7bdc49bd144') in 0.079347 seconds
Number of updated asset objects reloaded before import = 0
Number of asset objects unloaded after import = 1882
========================================================================
Received Import Request.
  Time since last request: 0.000025 seconds.
  path: Assets/Level 3.prefab
  artifactKey: Guid(73fd758d6ba55c246aac5a816b19def8) Importer(815301076,1909f56bfc062723c751e8b465ee728b)
Start importing Assets/Level 3.prefab using Guid(73fd758d6ba55c246aac5a816b19def8) Importer(815301076,1909f56bfc062723c751e8b465ee728b) [PhysX] Initialized MultithreadedTaskDispatcher with 12 workers.
[PhysX] Initialized MultithreadedTaskDispatcher with 12 workers.
 -> (artifact id: 'df04052872c9bc823a41b25a93e32653') in 0.084304 seconds
Number of updated asset objects reloaded before import = 0
Number of asset objects unloaded after import = 1882
========================================================================
Received Prepare
Begin MonoManager ReloadAssembly
- Loaded All Assemblies, in  0.419 seconds
Refreshing native plugins compatible for Editor in 3.27 ms, found 3 plugins.
Native extension for UWP target not found
Native extension for LinuxStandalone target not found
Native extension for WindowsStandalone target not found
Native extension for iOS target not found
Native extension for Android target not found
Native extension for OSXStandalone target not found
Native extension for WebGL target not found
[MODES] ModeService[none].Initialize
[MODES] ModeService[none].LoadModes
[MODES] Loading mode Default (0) for mode-current-id-CodeSample
[Package Manager] Server::EnsureServerProcessIsRunning -- launch failed, reason: Unity was launched with the -noUpm command-line argument
[Package Manager] UpmClient::Send -- Unable to send message (not connected to UPM process).
[Package Manager] Cannot connect to Unity Package Manager local server
Mono: successfully reloaded assembly
- Finished resetting the current domain, in  1.249 seconds
Domain Reload Profiling: 1667ms
	BeginReloadAssembly (157ms)
		ExecutionOrderSort (0ms)
		DisableScriptedObjects (9ms)
		BackupInstance (0ms)
		ReleaseScriptingObjects (0ms)
		CreateAndSetChildDomain (48ms)
	RebuildCommonClasses (32ms)
	RebuildNativeTypeToScriptingClass (12ms)
	initialDomainReloadingComplete (23ms)
	LoadAllAssembliesAndSetupDomain (194ms)
		LoadAssemblies (244ms)
		RebuildTransferFunctionScriptingTraits (0ms)
		AnalyzeDomain (19ms)
			TypeCache.Refresh (6ms)
				TypeCache.ScanAssembly (0ms)
			ScanForSourceGeneratedMonoScriptInfo (0ms)
			ResolveRequiredComponents (12ms)
	FinalizeReload (1249ms)
		ReleaseScriptCaches (0ms)
		RebuildScriptCaches (0ms)
		SetupLoadedEditorAssemblies (564ms)
			LogAssemblyErrors (0ms)
			InitializePlatformSupportModulesInManaged (34ms)
			SetLoadedEditorAssemblies (4ms)
			RefreshPlugins (0ms)
			BeforeProcessingInitializeOnLoad (66ms)
			ProcessInitializeOnLoadAttributes (390ms)
			ProcessInitializeOnLoadMethodAttributes (67ms)
			AfterProcessingInitializeOnLoad (3ms)
			EditorAssembliesLoaded (0ms)
		ExecutionOrderSort2 (0ms)
		AwakeInstancesAfterBackupRestoration (21ms)
Refreshing native plugins compatible for Editor in 6.00 ms, found 3 plugins.
Preloading 0 native plugins for Editor in 0.00 ms.
Unloading 5599 Unused Serialized files (Serialized files now loaded: 0)
Unloading 57 unused Assets / (2.1 MB). Loaded Objects now: 6398.
Memory consumption went from 207.5 MB to 205.4 MB.
Total: 4.576000 ms (FindLiveObjects: 0.671700 ms CreateObjectMapping: 0.192300 ms MarkObjects: 3.129300 ms  DeleteObjects: 0.580600 ms)

Prepare: number of updated asset objects reloaded= 0
AssetImportParameters requested are different than current active one (requested -> active):
  custom:container-demuxer-ogg: 62fdf1f143b41e24485cea50d1cbac27 -> 
  custom:video-codec-MediaFoundation-h265: 746d11721c4dcdbdad8f713fa42b33f4 -> 
  custom:video-decoder-ogg-theora: a1e56fd34408186e4bbccfd4996cb3dc -> 
  custom:framework-win-MediaFoundation: 216162199b28c13a410421893ffa2e32 -> 
  custom:CustomObjectIndexerAttribute: 3ead1caaecf1c488f20bcfeb224b6af5 -> 
  custom:container-demuxer-webm: 4f35f7cbe854078d1ac9338744f61a02 -> 
  custom:container-muxer-webm: aa71ff27fc2769a1b78a27578f13a17b -> 
  custom:video-decoder-webm-vp8: 9c59270c3fd7afecdb556c50c9e8de78 -> 
  custom:SearchIndexIgnoredProperties: e643bd26f0fe6173181afceb89e7c659 -> 
  custom:AudioImporter_EditorPlatform: d09bf68614088b80899f8185d706f6e7 -> 
  custom:video-encoder-webm-vp8: eb34c28f22e8b96e1ab97ce403110664 -> 
  custom:audio-decoder-ogg-vorbis: bf7c407c2cedff20999df2af8eb42d56 -> 
  custom:audio-encoder-webm-vorbis: bf7c407c2cedff20999df2af8eb42d56 -> 
========================================================================
Received Import Request.
  Time since last request: 123.686827 seconds.
  path: Assets/Fluff Billboard Particle System 1.prefab
  artifactKey: Guid(1fd5a527697647a4781265114f5aaac0) Importer(815301076,1909f56bfc062723c751e8b465ee728b)
Start importing Assets/Fluff Billboard Particle System 1.prefab using Guid(1fd5a527697647a4781265114f5aaac0) Importer(815301076,1909f56bfc062723c751e8b465ee728b) [PhysX] Initialized MultithreadedTaskDispatcher with 12 workers.
[PhysX] Initialized MultithreadedTaskDispatcher with 12 workers.
 -> (artifact id: '3cbed44f770f95a4af9af36e58c0538b') in 0.332084 seconds
Number of updated asset objects reloaded before import = 0
Number of asset objects unloaded after import = 30
========================================================================
Received Import Request.
  Time since last request: 0.000055 seconds.
  path: Assets/Level Start.prefab
  artifactKey: Guid(3eb4290fc255c26469b8bcb5d013e9ad) Importer(815301076,1909f56bfc062723c751e8b465ee728b)
Start importing Assets/Level Start.prefab using Guid(3eb4290fc255c26469b8bcb5d013e9ad) Importer(815301076,1909f56bfc062723c751e8b465ee728b) [PhysX] Initialized MultithreadedTaskDispatcher with 12 workers.
[PhysX] Initialized MultithreadedTaskDispatcher with 12 workers.
 -> (artifact id: '2fe15c4bdabf53400a1a0528b7fc2316') in 0.105068 seconds
Number of updated asset objects reloaded before import = 0
Number of asset objects unloaded after import = 2300
========================================================================
Received Import Request.
  Time since last request: 0.000045 seconds.
  path: Assets/Level.prefab
  artifactKey: Guid(cf94c161d902b944ba12c8a632bab518) Importer(815301076,1909f56bfc062723c751e8b465ee728b)
Start importing Assets/Level.prefab using Guid(cf94c161d902b944ba12c8a632bab518) Importer(815301076,1909f56bfc062723c751e8b465ee728b) [PhysX] Initialized MultithreadedTaskDispatcher with 12 workers.
[PhysX] Initialized MultithreadedTaskDispatcher with 12 workers.
 -> (artifact id: '0a6dcb16996250d708af329a7bf2d05a') in 0.089365 seconds
Number of updated asset objects reloaded before import = 0
Number of asset objects unloaded after import = 1882
========================================================================
Received Import Request.
  Time since last request: 0.000030 seconds.
  path: Assets/Level 3.prefab
  artifactKey: Guid(73fd758d6ba55c246aac5a816b19def8) Importer(815301076,1909f56bfc062723c751e8b465ee728b)
Start importing Assets/Level 3.prefab using Guid(73fd758d6ba55c246aac5a816b19def8) Importer(815301076,1909f56bfc062723c751e8b465ee728b) [PhysX] Initialized MultithreadedTaskDispatcher with 12 workers.
[PhysX] Initialized MultithreadedTaskDispatcher with 12 workers.
 -> (artifact id: 'b5c79c80ef18ed54ec17426388d4b3ec') in 0.117511 seconds
Number of updated asset objects reloaded before import = 0
Number of asset objects unloaded after import = 1882
========================================================================
Received Import Request.
  Time since last request: 0.000037 seconds.
  path: Assets/Grass Billboard Particle System.prefab
  artifactKey: Guid(23f0acc836e78de4f892b9fa919019b2) Importer(815301076,1909f56bfc062723c751e8b465ee728b)
Start importing Assets/Grass Billboard Particle System.prefab using Guid(23f0acc836e78de4f892b9fa919019b2) Importer(815301076,1909f56bfc062723c751e8b465ee728b) [PhysX] Initialized MultithreadedTaskDispatcher with 12 workers.
[PhysX] Initialized MultithreadedTaskDispatcher with 12 workers.
 -> (artifact id: '448a526577f38d48dc02fe2f2370c404') in 0.010157 seconds
Number of updated asset objects reloaded before import = 0
Number of asset objects unloaded after import = 10
========================================================================
Received Import Request.
  Time since last request: 2.217702 seconds.
  path: Assets/Materials/Sensor 1.mat
  artifactKey: Guid(5cd38936646da9b4e9c84f79ee901c57) Importer(815301076,1909f56bfc062723c751e8b465ee728b)
Start importing Assets/Materials/Sensor 1.mat using Guid(5cd38936646da9b4e9c84f79ee901c57) Importer(815301076,1909f56bfc062723c751e8b465ee728b) [PhysX] Initialized MultithreadedTaskDispatcher with 12 workers.
[PhysX] Initialized MultithreadedTaskDispatcher with 12 workers.
 -> (artifact id: 'f1447812d7478accde1b47f138ed3fdb') in 0.033055 seconds
Number of updated asset objects reloaded before import = 0
Number of asset objects unloaded after import = 2
========================================================================
Received Prepare
Begin MonoManager ReloadAssembly
- Loaded All Assemblies, in  0.456 seconds
Refreshing native plugins compatible for Editor in 5.05 ms, found 3 plugins.
Native extension for UWP target not found
Native extension for LinuxStandalone target not found
Native extension for WindowsStandalone target not found
Native extension for iOS target not found
Native extension for Android target not found
Native extension for OSXStandalone target not found
Native extension for WebGL target not found
[MODES] ModeService[none].Initialize
[MODES] ModeService[none].LoadModes
[MODES] Loading mode Default (0) for mode-current-id-CodeSample
[Package Manager] Server::EnsureServerProcessIsRunning -- launch failed, reason: Unity was launched with the -noUpm command-line argument
[Package Manager] UpmClient::Send -- Unable to send message (not connected to UPM process).
[Package Manager] Cannot connect to Unity Package Manager local server
Mono: successfully reloaded assembly
- Finished resetting the current domain, in  1.365 seconds
Domain Reload Profiling: 1818ms
	BeginReloadAssembly (160ms)
		ExecutionOrderSort (0ms)
		DisableScriptedObjects (9ms)
		BackupInstance (0ms)
		ReleaseScriptingObjects (0ms)
		CreateAndSetChildDomain (47ms)
	RebuildCommonClasses (33ms)
	RebuildNativeTypeToScriptingClass (19ms)
	initialDomainReloadingComplete (30ms)
	LoadAllAssembliesAndSetupDomain (210ms)
		LoadAssemblies (259ms)
		RebuildTransferFunctionScriptingTraits (0ms)
		AnalyzeDomain (24ms)
			TypeCache.Refresh (7ms)
				TypeCache.ScanAssembly (0ms)
			ScanForSourceGeneratedMonoScriptInfo (0ms)
			ResolveRequiredComponents (16ms)
	FinalizeReload (1365ms)
		ReleaseScriptCaches (0ms)
		RebuildScriptCaches (0ms)
		SetupLoadedEditorAssemblies (627ms)
			LogAssemblyErrors (0ms)
			InitializePlatformSupportModulesInManaged (35ms)
			SetLoadedEditorAssemblies (3ms)
			RefreshPlugins (0ms)
			BeforeProcessingInitializeOnLoad (89ms)
			ProcessInitializeOnLoadAttributes (430ms)
			ProcessInitializeOnLoadMethodAttributes (68ms)
			AfterProcessingInitializeOnLoad (2ms)
			EditorAssembliesLoaded (0ms)
		ExecutionOrderSort2 (0ms)
		AwakeInstancesAfterBackupRestoration (24ms)
Refreshing native plugins compatible for Editor in 5.11 ms, found 3 plugins.
Preloading 0 native plugins for Editor in 0.00 ms.
Unloading 5599 Unused Serialized files (Serialized files now loaded: 0)
Unloading 57 unused Assets / (2.1 MB). Loaded Objects now: 6485.
Memory consumption went from 207.9 MB to 205.8 MB.
Total: 5.928700 ms (FindLiveObjects: 0.904100 ms CreateObjectMapping: 0.218800 ms MarkObjects: 3.969300 ms  DeleteObjects: 0.834700 ms)

Prepare: number of updated asset objects reloaded= 0
AssetImportParameters requested are different than current active one (requested -> active):
  custom:container-demuxer-ogg: 62fdf1f143b41e24485cea50d1cbac27 -> 
  custom:video-codec-MediaFoundation-h265: 746d11721c4dcdbdad8f713fa42b33f4 -> 
  custom:video-decoder-ogg-theora: a1e56fd34408186e4bbccfd4996cb3dc -> 
  custom:framework-win-MediaFoundation: 216162199b28c13a410421893ffa2e32 -> 
  custom:CustomObjectIndexerAttribute: 3ead1caaecf1c488f20bcfeb224b6af5 -> 
  custom:container-demuxer-webm: 4f35f7cbe854078d1ac9338744f61a02 -> 
  custom:container-muxer-webm: aa71ff27fc2769a1b78a27578f13a17b -> 
  custom:video-decoder-webm-vp8: 9c59270c3fd7afecdb556c50c9e8de78 -> 
  custom:SearchIndexIgnoredProperties: e643bd26f0fe6173181afceb89e7c659 -> 
  custom:AudioImporter_EditorPlatform: d09bf68614088b80899f8185d706f6e7 -> 
  custom:video-encoder-webm-vp8: eb34c28f22e8b96e1ab97ce403110664 -> 
  custom:audio-decoder-ogg-vorbis: bf7c407c2cedff20999df2af8eb42d56 -> 
  custom:audio-encoder-webm-vorbis: bf7c407c2cedff20999df2af8eb42d56 -> 
========================================================================
Received Import Request.
  Time since last request: 80.655641 seconds.
  path: Assets/UnityTechnologies/ParticlePack/EffectExamples/Weapon Effects/Materials/BulletDecalSand.mat
  artifactKey: Guid(0a35d64bb8fd24f47b8bf3802f71313b) Importer(815301076,1909f56bfc062723c751e8b465ee728b)
Start importing Assets/UnityTechnologies/ParticlePack/EffectExamples/Weapon Effects/Materials/BulletDecalSand.mat using Guid(0a35d64bb8fd24f47b8bf3802f71313b) Importer(815301076,1909f56bfc062723c751e8b465ee728b) [PhysX] Initialized MultithreadedTaskDispatcher with 12 workers.
[PhysX] Initialized MultithreadedTaskDispatcher with 12 workers.
 -> (artifact id: 'ca5433f70ad550a7cd63a0316c2cc709') in 0.304009 seconds
Number of updated asset objects reloaded before import = 0
Number of asset objects unloaded after import = 23
========================================================================
Received Import Request.
  Time since last request: 0.000033 seconds.
  path: Assets/UnityTechnologies/ParticlePack/EffectExamples/Weapon Effects/Materials/BulletDecalStone.mat
  artifactKey: Guid(a29767879f97b364393df3a772628180) Importer(815301076,1909f56bfc062723c751e8b465ee728b)
Start importing Assets/UnityTechnologies/ParticlePack/EffectExamples/Weapon Effects/Materials/BulletDecalStone.mat using Guid(a29767879f97b364393df3a772628180) Importer(815301076,1909f56bfc062723c751e8b465ee728b) [PhysX] Initialized MultithreadedTaskDispatcher with 12 workers.
[PhysX] Initialized MultithreadedTaskDispatcher with 12 workers.
 -> (artifact id: '15e5e89703503f7bf8ea891ff0ee3f4c') in 0.009986 seconds
Number of updated asset objects reloaded before import = 0
Number of asset objects unloaded after import = 5
========================================================================
Received Import Request.
  Time since last request: 0.000048 seconds.
  path: Assets/UnityTechnologies/ParticlePack/Shared/Environment/Prefabs/EndWall.prefab
  artifactKey: Guid(a53fe34087284794dbe0aad895670634) Importer(815301076,1909f56bfc062723c751e8b465ee728b)
Start importing Assets/UnityTechnologies/ParticlePack/Shared/Environment/Prefabs/EndWall.prefab using Guid(a53fe34087284794dbe0aad895670634) Importer(815301076,1909f56bfc062723c751e8b465ee728b) [PhysX] Initialized MultithreadedTaskDispatcher with 12 workers.
[PhysX] Initialized MultithreadedTaskDispatcher with 12 workers.
 -> (artifact id: '7379924418aeaed2154636364cc0bb31') in 0.039976 seconds
Number of updated asset objects reloaded before import = 0
Number of asset objects unloaded after import = 21
========================================================================
Received Import Request.
  Time since last request: 0.000028 seconds.
  path: Assets/UnityTechnologies/ParticlePack/EffectExamples/Fire & Explosion Effects/Materials/ExplosionDistortion.mat
  artifactKey: Guid(fafa06e8ef8c7fb4eac7a74c65cf3a06) Importer(815301076,1909f56bfc062723c751e8b465ee728b)
Start importing Assets/UnityTechnologies/ParticlePack/EffectExamples/Fire & Explosion Effects/Materials/ExplosionDistortion.mat using Guid(fafa06e8ef8c7fb4eac7a74c65cf3a06) Importer(815301076,1909f56bfc062723c751e8b465ee728b) [PhysX] Initialized MultithreadedTaskDispatcher with 12 workers.
[PhysX] Initialized MultithreadedTaskDispatcher with 12 workers.
 -> (artifact id: '46977a0eae702da05b3edb148a064494') in 0.067770 seconds
Number of updated asset objects reloaded before import = 0
Number of asset objects unloaded after import = 4
========================================================================
Received Import Request.
  Time since last request: 0.000028 seconds.
  path: Assets/UnityTechnologies/ParticlePack/EffectExamples/Fire & Explosion Effects/Prefabs/EnergyExplosion.prefab
  artifactKey: Guid(9bba9cf244c53c5439505dfc96fdd11c) Importer(815301076,1909f56bfc062723c751e8b465ee728b)
Start importing Assets/UnityTechnologies/ParticlePack/EffectExamples/Fire & Explosion Effects/Prefabs/EnergyExplosion.prefab using Guid(9bba9cf244c53c5439505dfc96fdd11c) Importer(815301076,1909f56bfc062723c751e8b465ee728b) [PhysX] Initialized MultithreadedTaskDispatcher with 12 workers.
[PhysX] Initialized MultithreadedTaskDispatcher with 12 workers.
 -> (artifact id: '45b3a8befcf1ddb9da1b341ee7ccffdd') in 0.072500 seconds
Number of updated asset objects reloaded before import = 0
Number of asset objects unloaded after import = 29
========================================================================
Received Import Request.
  Time since last request: 0.000034 seconds.
  path: Assets/UnityTechnologies/ParticlePack/Shared/Environment/Prefabs/CornerWall.prefab
  artifactKey: Guid(21617474d5ac06548b6020406dbe6e6b) Importer(815301076,1909f56bfc062723c751e8b465ee728b)
Start importing Assets/UnityTechnologies/ParticlePack/Shared/Environment/Prefabs/CornerWall.prefab using Guid(21617474d5ac06548b6020406dbe6e6b) Importer(815301076,1909f56bfc062723c751e8b465ee728b) [PhysX] Initialized MultithreadedTaskDispatcher with 12 workers.
[PhysX] Initialized MultithreadedTaskDispatcher with 12 workers.
 -> (artifact id: '2c2381b683d14fb640b1705dd29b8881') in 0.038441 seconds
Number of updated asset objects reloaded before import = 0
Number of asset objects unloaded after import = 39
========================================================================
Received Import Request.
  Time since last request: 0.000049 seconds.
  path: Assets/UnityTechnologies/ParticlePack/EffectExamples/Fire & Explosion Effects/Materials/EnergyShockwave.mat
  artifactKey: Guid(65586f2fde3974c4e9469dfe6cf89338) Importer(815301076,1909f56bfc062723c751e8b465ee728b)
Start importing Assets/UnityTechnologies/ParticlePack/EffectExamples/Fire & Explosion Effects/Materials/EnergyShockwave.mat using Guid(65586f2fde3974c4e9469dfe6cf89338) Importer(815301076,1909f56bfc062723c751e8b465ee728b) [PhysX] Initialized MultithreadedTaskDispatcher with 12 workers.
[PhysX] Initialized MultithreadedTaskDispatcher with 12 workers.
 -> (artifact id: '1bff14fe620d636156ce4bb6d639990f') in 0.015673 seconds
Number of updated asset objects reloaded before import = 0
Number of asset objects unloaded after import = 4
========================================================================
Received Import Request.
  Time since last request: 0.000022 seconds.
  path: Assets/UnityTechnologies/ParticlePack/EffectExamples/Misc Effects/Prefabs/Candles.prefab
  artifactKey: Guid(86f883933a872f542994368197c83b5b) Importer(815301076,1909f56bfc062723c751e8b465ee728b)
Start importing Assets/UnityTechnologies/ParticlePack/EffectExamples/Misc Effects/Prefabs/Candles.prefab using Guid(86f883933a872f542994368197c83b5b) Importer(815301076,1909f56bfc062723c751e8b465ee728b) [PhysX] Initialized MultithreadedTaskDispatcher with 12 workers.
[PhysX] Initialized MultithreadedTaskDispatcher with 12 workers.
 -> (artifact id: 'a4285c6edf7e5fd130cf21332c48f5c6') in 0.019607 seconds
Number of updated asset objects reloaded before import = 0
Number of asset objects unloaded after import = 31
========================================================================
Received Import Request.
  Time since last request: 0.000030 seconds.
  path: Assets/TextMesh Pro/Resources/Sprite Assets/EmojiOne.asset
  artifactKey: Guid(c41005c129ba4d66911b75229fd70b45) Importer(815301076,1909f56bfc062723c751e8b465ee728b)
Start importing Assets/TextMesh Pro/Resources/Sprite Assets/EmojiOne.asset using Guid(c41005c129ba4d66911b75229fd70b45) Importer(815301076,1909f56bfc062723c751e8b465ee728b) [PhysX] Initialized MultithreadedTaskDispatcher with 12 workers.
 -> (artifact id: 'f7c41c354468187f92bca3df74d27eb8') in 0.018395 seconds
Number of updated asset objects reloaded before import = 0
Number of asset objects unloaded after import = 3
========================================================================
Received Import Request.
  Time since last request: 0.000026 seconds.
  path: Assets/UnityTechnologies/ParticlePack/EffectExamples/Misc Effects/Materials/candle.mat
  artifactKey: Guid(475822f8482d0fd4d861c763d1f3934c) Importer(815301076,1909f56bfc062723c751e8b465ee728b)
Start importing Assets/UnityTechnologies/ParticlePack/EffectExamples/Misc Effects/Materials/candle.mat using Guid(475822f8482d0fd4d861c763d1f3934c) Importer(815301076,1909f56bfc062723c751e8b465ee728b) [PhysX] Initialized MultithreadedTaskDispatcher with 12 workers.
[PhysX] Initialized MultithreadedTaskDispatcher with 12 workers.
 -> (artifact id: '16a83c9ed5682757014376fa95e4db76') in 0.009764 seconds
Number of updated asset objects reloaded before import = 0
Number of asset objects unloaded after import = 2
========================================================================
Received Import Request.
  Time since last request: 0.000025 seconds.
  path: Assets/Quixel/Surfaces/Nordic Forest Ground Moss Coarse_xiboab2r/Materials/Nordic Forest Ground Moss Coarse_xiboab2r.mat
  artifactKey: Guid(20d374f52b4c7c241bf1c0b1a801ddcb) Importer(815301076,1909f56bfc062723c751e8b465ee728b)
Start importing Assets/Quixel/Surfaces/Nordic Forest Ground Moss Coarse_xiboab2r/Materials/Nordic Forest Ground Moss Coarse_xiboab2r.mat using Guid(20d374f52b4c7c241bf1c0b1a801ddcb) Importer(815301076,1909f56bfc062723c751e8b465ee728b) [PhysX] Initialized MultithreadedTaskDispatcher with 12 workers.
[PhysX] Initialized MultithreadedTaskDispatcher with 12 workers.
 -> (artifact id: 'cdc5d42115730a4087dafaedc41d2e67') in 0.028641 seconds
Number of updated asset objects reloaded before import = 0
Number of asset objects unloaded after import = 5
========================================================================
Received Import Request.
  Time since last request: 99.502365 seconds.
  path: Assets/Level.prefab
  artifactKey: Guid(cf94c161d902b944ba12c8a632bab518) Importer(815301076,1909f56bfc062723c751e8b465ee728b)
Start importing Assets/Level.prefab using Guid(cf94c161d902b944ba12c8a632bab518) Importer(815301076,1909f56bfc062723c751e8b465ee728b) [PhysX] Initialized MultithreadedTaskDispatcher with 12 workers.
[PhysX] Initialized MultithreadedTaskDispatcher with 12 workers.
 -> (artifact id: '0fa762f31066b68034fd0442bc01c24a') in 0.090688 seconds
Number of updated asset objects reloaded before import = 0
Number of asset objects unloaded after import = 1882
========================================================================
Received Import Request.
  Time since last request: 0.000027 seconds.
  path: Assets/Level 1.prefab
  artifactKey: Guid(cd86601b4d7a0334e8c39fedf507f74a) Importer(815301076,1909f56bfc062723c751e8b465ee728b)
Start importing Assets/Level 1.prefab using Guid(cd86601b4d7a0334e8c39fedf507f74a) Importer(815301076,1909f56bfc062723c751e8b465ee728b) [PhysX] Initialized MultithreadedTaskDispatcher with 12 workers.
[PhysX] Initialized MultithreadedTaskDispatcher with 12 workers.
 -> (artifact id: '43975e3f982737f9eaa16309d07850dc') in 0.072435 seconds
Number of updated asset objects reloaded before import = 0
Number of asset objects unloaded after import = 1882
========================================================================
Received Import Request.
  Time since last request: 0.000031 seconds.
  path: Assets/Level Start.prefab
  artifactKey: Guid(3eb4290fc255c26469b8bcb5d013e9ad) Importer(815301076,1909f56bfc062723c751e8b465ee728b)
Start importing Assets/Level Start.prefab using Guid(3eb4290fc255c26469b8bcb5d013e9ad) Importer(815301076,1909f56bfc062723c751e8b465ee728b) [PhysX] Initialized MultithreadedTaskDispatcher with 12 workers.
[PhysX] Initialized MultithreadedTaskDispatcher with 12 workers.
 -> (artifact id: 'b95e54eac4cb9984d121353bd3165bec') in 0.085487 seconds
Number of updated asset objects reloaded before import = 0
Number of asset objects unloaded after import = 2300
========================================================================
Received Import Request.
  Time since last request: 0.000039 seconds.
  path: Assets/Level 2.prefab
  artifactKey: Guid(4e216a9dbf6dd2e46a44d024717d4021) Importer(815301076,1909f56bfc062723c751e8b465ee728b)
Start importing Assets/Level 2.prefab using Guid(4e216a9dbf6dd2e46a44d024717d4021) Importer(815301076,1909f56bfc062723c751e8b465ee728b) [PhysX] Initialized MultithreadedTaskDispatcher with 12 workers.
[PhysX] Initialized MultithreadedTaskDispatcher with 12 workers.
 -> (artifact id: '56b36ff48285b15045e4196944b383c2') in 0.070677 seconds
Number of updated asset objects reloaded before import = 0
Number of asset objects unloaded after import = 1882
========================================================================
Received Import Request.
  Time since last request: 0.000028 seconds.
  path: Assets/Level End.prefab
  artifactKey: Guid(397a22786b2c18f4baad5589f18c48ce) Importer(815301076,1909f56bfc062723c751e8b465ee728b)
Start importing Assets/Level End.prefab using Guid(397a22786b2c18f4baad5589f18c48ce) Importer(815301076,1909f56bfc062723c751e8b465ee728b) [PhysX] Initialized MultithreadedTaskDispatcher with 12 workers.
[PhysX] Initialized MultithreadedTaskDispatcher with 12 workers.
 -> (artifact id: '5a7fbe0a6c6de3a83a964d9fdd4b8671') in 0.072067 seconds
Number of updated asset objects reloaded before import = 0
Number of asset objects unloaded after import = 1882
========================================================================
Received Import Request.
  Time since last request: 3.852624 seconds.
  path: Assets/Level.prefab
  artifactKey: Guid(cf94c161d902b944ba12c8a632bab518) Importer(815301076,1909f56bfc062723c751e8b465ee728b)
Start importing Assets/Level.prefab using Guid(cf94c161d902b944ba12c8a632bab518) Importer(815301076,1909f56bfc062723c751e8b465ee728b) [PhysX] Initialized MultithreadedTaskDispatcher with 12 workers.
[PhysX] Initialized MultithreadedTaskDispatcher with 12 workers.
 -> (artifact id: '28dcb5d4ca61d709785952197636fdca') in 0.087341 seconds
Number of updated asset objects reloaded before import = 0
Number of asset objects unloaded after import = 1882
========================================================================
Received Import Request.
  Time since last request: 0.000035 seconds.
  path: Assets/Level 2.prefab
  artifactKey: Guid(4e216a9dbf6dd2e46a44d024717d4021) Importer(815301076,1909f56bfc062723c751e8b465ee728b)
Start importing Assets/Level 2.prefab using Guid(4e216a9dbf6dd2e46a44d024717d4021) Importer(815301076,1909f56bfc062723c751e8b465ee728b) [PhysX] Initialized MultithreadedTaskDispatcher with 12 workers.
[PhysX] Initialized MultithreadedTaskDispatcher with 12 workers.
 -> (artifact id: '79ef9431600dd650f76073108d96a4e7') in 0.072925 seconds
Number of updated asset objects reloaded before import = 0
Number of asset objects unloaded after import = 1882
========================================================================
Received Import Request.
  Time since last request: 0.000032 seconds.
  path: Assets/Level End.prefab
  artifactKey: Guid(397a22786b2c18f4baad5589f18c48ce) Importer(815301076,1909f56bfc062723c751e8b465ee728b)
Start importing Assets/Level End.prefab using Guid(397a22786b2c18f4baad5589f18c48ce) Importer(815301076,1909f56bfc062723c751e8b465ee728b) [PhysX] Initialized MultithreadedTaskDispatcher with 12 workers.
[PhysX] Initialized MultithreadedTaskDispatcher with 12 workers.
 -> (artifact id: '5c7acca3683225e2b9764fa48c4b3503') in 0.069018 seconds
Number of updated asset objects reloaded before import = 0
Number of asset objects unloaded after import = 1882
========================================================================
Received Import Request.
  Time since last request: 65.945730 seconds.
  path: Assets/Level.prefab
  artifactKey: Guid(cf94c161d902b944ba12c8a632bab518) Importer(815301076,1909f56bfc062723c751e8b465ee728b)
Start importing Assets/Level.prefab using Guid(cf94c161d902b944ba12c8a632bab518) Importer(815301076,1909f56bfc062723c751e8b465ee728b) [PhysX] Initialized MultithreadedTaskDispatcher with 12 workers.
[PhysX] Initialized MultithreadedTaskDispatcher with 12 workers.
 -> (artifact id: '372ca08edf50c25c3e0ec8d4ff61cd88') in 0.083299 seconds
Number of updated asset objects reloaded before import = 0
Number of asset objects unloaded after import = 1882
========================================================================
Received Import Request.
  Time since last request: 0.000035 seconds.
  path: Assets/Level Start.prefab
  artifactKey: Guid(3eb4290fc255c26469b8bcb5d013e9ad) Importer(815301076,1909f56bfc062723c751e8b465ee728b)
Start importing Assets/Level Start.prefab using Guid(3eb4290fc255c26469b8bcb5d013e9ad) Importer(815301076,1909f56bfc062723c751e8b465ee728b) [PhysX] Initialized MultithreadedTaskDispatcher with 12 workers.
[PhysX] Initialized MultithreadedTaskDispatcher with 12 workers.
 -> (artifact id: '546b3da7f8cd60436e501bae0c98e3bc') in 0.085753 seconds
Number of updated asset objects reloaded before import = 0
Number of asset objects unloaded after import = 2300
========================================================================
Received Import Request.
  Time since last request: 0.000025 seconds.
  path: Assets/Level End.prefab
  artifactKey: Guid(397a22786b2c18f4baad5589f18c48ce) Importer(815301076,1909f56bfc062723c751e8b465ee728b)
Start importing Assets/Level End.prefab using Guid(397a22786b2c18f4baad5589f18c48ce) Importer(815301076,1909f56bfc062723c751e8b465ee728b) [PhysX] Initialized MultithreadedTaskDispatcher with 12 workers.
[PhysX] Initialized MultithreadedTaskDispatcher with 12 workers.
 -> (artifact id: '8025972efa404d8bd04a0fe2149f6806') in 0.066756 seconds
Number of updated asset objects reloaded before import = 0
Number of asset objects unloaded after import = 1882
========================================================================
Received Import Request.
  Time since last request: 33.666595 seconds.
  path: Assets/Fluff Billboard Particle System 1.prefab
  artifactKey: Guid(1fd5a527697647a4781265114f5aaac0) Importer(815301076,1909f56bfc062723c751e8b465ee728b)
Start importing Assets/Fluff Billboard Particle System 1.prefab using Guid(1fd5a527697647a4781265114f5aaac0) Importer(815301076,1909f56bfc062723c751e8b465ee728b) [PhysX] Initialized MultithreadedTaskDispatcher with 12 workers.
[PhysX] Initialized MultithreadedTaskDispatcher with 12 workers.
 -> (artifact id: '00335091179e85c97399bbb45634cb61') in 0.010264 seconds
Number of updated asset objects reloaded before import = 0
Number of asset objects unloaded after import = 12
========================================================================
Received Import Request.
  Time since last request: 0.000018 seconds.
  path: Assets/Level Start.prefab
  artifactKey: Guid(3eb4290fc255c26469b8bcb5d013e9ad) Importer(815301076,1909f56bfc062723c751e8b465ee728b)
Start importing Assets/Level Start.prefab using Guid(3eb4290fc255c26469b8bcb5d013e9ad) Importer(815301076,1909f56bfc062723c751e8b465ee728b) [PhysX] Initialized MultithreadedTaskDispatcher with 12 workers.
[PhysX] Initialized MultithreadedTaskDispatcher with 12 workers.
 -> (artifact id: '0fe6577d332fe1b63c5465032b7fbfaf') in 0.088632 seconds
Number of updated asset objects reloaded before import = 0
Number of asset objects unloaded after import = 2300
========================================================================
Received Import Request.
  Time since last request: 0.000026 seconds.
  path: Assets/Level 3.prefab
  artifactKey: Guid(73fd758d6ba55c246aac5a816b19def8) Importer(815301076,1909f56bfc062723c751e8b465ee728b)
Start importing Assets/Level 3.prefab using Guid(73fd758d6ba55c246aac5a816b19def8) Importer(815301076,1909f56bfc062723c751e8b465ee728b) [PhysX] Initialized MultithreadedTaskDispatcher with 12 workers.
[PhysX] Initialized MultithreadedTaskDispatcher with 12 workers.
 -> (artifact id: '0e8a9aef951be1f53913386d76ea4e04') in 0.080876 seconds
Number of updated asset objects reloaded before import = 0
Number of asset objects unloaded after import = 1882
========================================================================
Received Prepare
Begin MonoManager ReloadAssembly
- Loaded All Assemblies, in  0.404 seconds
Refreshing native plugins compatible for Editor in 3.78 ms, found 3 plugins.
Native extension for UWP target not found
Native extension for LinuxStandalone target not found
Native extension for WindowsStandalone target not found
Native extension for iOS target not found
Native extension for Android target not found
Native extension for OSXStandalone target not found
Native extension for WebGL target not found
[MODES] ModeService[none].Initialize
[MODES] ModeService[none].LoadModes
[MODES] Loading mode Default (0) for mode-current-id-CodeSample
[Package Manager] Server::EnsureServerProcessIsRunning -- launch failed, reason: Unity was launched with the -noUpm command-line argument
[Package Manager] UpmClient::Send -- Unable to send message (not connected to UPM process).
[Package Manager] Cannot connect to Unity Package Manager local server
Mono: successfully reloaded assembly
- Finished resetting the current domain, in  1.251 seconds
Domain Reload Profiling: 1654ms
	BeginReloadAssembly (147ms)
		ExecutionOrderSort (0ms)
		DisableScriptedObjects (9ms)
		BackupInstance (0ms)
		ReleaseScriptingObjects (0ms)
		CreateAndSetChildDomain (45ms)
	RebuildCommonClasses (29ms)
	RebuildNativeTypeToScriptingClass (11ms)
	initialDomainReloadingComplete (22ms)
	LoadAllAssembliesAndSetupDomain (193ms)
		LoadAssemblies (236ms)
		RebuildTransferFunctionScriptingTraits (0ms)
		AnalyzeDomain (19ms)
			TypeCache.Refresh (6ms)
				TypeCache.ScanAssembly (0ms)
			ScanForSourceGeneratedMonoScriptInfo (0ms)
			ResolveRequiredComponents (12ms)
	FinalizeReload (1252ms)
		ReleaseScriptCaches (0ms)
		RebuildScriptCaches (0ms)
		SetupLoadedEditorAssemblies (574ms)
			LogAssemblyErrors (0ms)
			InitializePlatformSupportModulesInManaged (38ms)
			SetLoadedEditorAssemblies (3ms)
			RefreshPlugins (0ms)
			BeforeProcessingInitializeOnLoad (79ms)
			ProcessInitializeOnLoadAttributes (389ms)
			ProcessInitializeOnLoadMethodAttributes (62ms)
			AfterProcessingInitializeOnLoad (2ms)
			EditorAssembliesLoaded (0ms)
		ExecutionOrderSort2 (0ms)
		AwakeInstancesAfterBackupRestoration (25ms)
Refreshing native plugins compatible for Editor in 4.40 ms, found 3 plugins.
Preloading 0 native plugins for Editor in 0.00 ms.
Unloading 5599 Unused Serialized files (Serialized files now loaded: 0)
Unloading 57 unused Assets / (2.1 MB). Loaded Objects now: 6541.
Memory consumption went from 280.3 MB to 278.2 MB.
Total: 4.185500 ms (FindLiveObjects: 0.535500 ms CreateObjectMapping: 0.166100 ms MarkObjects: 2.978500 ms  DeleteObjects: 0.504500 ms)

Prepare: number of updated asset objects reloaded= 0
AssetImportParameters requested are different than current active one (requested -> active):
  custom:container-demuxer-ogg: 62fdf1f143b41e24485cea50d1cbac27 -> 
  custom:video-codec-MediaFoundation-h265: 746d11721c4dcdbdad8f713fa42b33f4 -> 
  custom:video-decoder-ogg-theora: a1e56fd34408186e4bbccfd4996cb3dc -> 
  custom:framework-win-MediaFoundation: 216162199b28c13a410421893ffa2e32 -> 
  custom:CustomObjectIndexerAttribute: 3ead1caaecf1c488f20bcfeb224b6af5 -> 
  custom:container-demuxer-webm: 4f35f7cbe854078d1ac9338744f61a02 -> 
  custom:container-muxer-webm: aa71ff27fc2769a1b78a27578f13a17b -> 
  custom:video-decoder-webm-vp8: 9c59270c3fd7afecdb556c50c9e8de78 -> 
  custom:SearchIndexIgnoredProperties: e643bd26f0fe6173181afceb89e7c659 -> 
  custom:AudioImporter_EditorPlatform: d09bf68614088b80899f8185d706f6e7 -> 
  custom:video-encoder-webm-vp8: eb34c28f22e8b96e1ab97ce403110664 -> 
  custom:audio-decoder-ogg-vorbis: bf7c407c2cedff20999df2af8eb42d56 -> 
  custom:audio-encoder-webm-vorbis: bf7c407c2cedff20999df2af8eb42d56 -> 
Editor requested this worker to shutdown with reason: Scaling down because of idle timeout
TcpMessagingSession - receive error: operation aborted. errorcode: 995, details: The I/O operation has been aborted because of either a thread exit or an application request.
AssetImportWorker is now disconnected from the server
Process exiting
Exiting without the bug reporter. Application will terminate with return code 0