Using pre-set license
Built from '2022.3/staging' branch; Version is '2022.3.32f1 (c8300dc0a3fa) revision 13119501'; Using compiler version '192829333'; Build Type 'Release'
OS: 'Windows 11  (10.0.22631) 64bit Professional' Language: 'en' Physical Memory: 32694 MB
BatchMode: 1, IsHumanControllingUs: 0, StartBugReporterOnCrash: 0, Is64bit: 1, IsPro: 1

COMMAND LINE ARGUMENTS:
F:\Programs\Editor\2022.3.32f1\Editor\Unity.exe
-adb2
-batchMode
-noUpm
-name
AssetImportWorker2
-projectPath
C:/Users/Infer/Documents/GitHub/the-CodeSample/CodeSample
-logFile
Logs/AssetImportWorker2.log
-srvPort
52137
Successfully changed project path to: C:/Users/Infer/Documents/GitHub/the-CodeSample/CodeSample
C:/Users/Infer/Documents/GitHub/the-CodeSample/CodeSample
[UnityMemory] Configuration Parameters - Can be set up in boot.config
    "memorysetup-bucket-allocator-granularity=16"
    "memorysetup-bucket-allocator-bucket-count=8"
    "memorysetup-bucket-allocator-block-size=33554432"
    "memorysetup-bucket-allocator-block-count=8"
    "memorysetup-main-allocator-block-size=16777216"
    "memorysetup-thread-allocator-block-size=16777216"
    "memorysetup-gfx-main-allocator-block-size=16777216"
    "memorysetup-gfx-thread-allocator-block-size=16777216"
    "memorysetup-cache-allocator-block-size=4194304"
    "memorysetup-typetree-allocator-block-size=2097152"
    "memorysetup-profiler-bucket-allocator-granularity=16"
    "memorysetup-profiler-bucket-allocator-bucket-count=8"
    "memorysetup-profiler-bucket-allocator-block-size=33554432"
    "memorysetup-profiler-bucket-allocator-block-count=8"
    "memorysetup-profiler-allocator-block-size=16777216"
    "memorysetup-profiler-editor-allocator-block-size=1048576"
    "memorysetup-temp-allocator-size-main=16777216"
    "memorysetup-job-temp-allocator-block-size=2097152"
    "memorysetup-job-temp-allocator-block-size-background=1048576"
    "memorysetup-job-temp-allocator-reduction-small-platforms=262144"
    "memorysetup-allocator-temp-initial-block-size-main=262144"
    "memorysetup-allocator-temp-initial-block-size-worker=262144"
    "memorysetup-temp-allocator-size-background-worker=32768"
    "memorysetup-temp-allocator-size-job-worker=262144"
    "memorysetup-temp-allocator-size-preload-manager=33554432"
    "memorysetup-temp-allocator-size-nav-mesh-worker=65536"
    "memorysetup-temp-allocator-size-audio-worker=65536"
    "memorysetup-temp-allocator-size-cloud-worker=32768"
    "memorysetup-temp-allocator-size-gi-baking-worker=262144"
    "memorysetup-temp-allocator-size-gfx=262144"
Player connection [17944] Host "[IP] 192.168.1.60 [Port] 0 [Flags] 2 [Guid] 1607220491 [EditorId] 1607220491 [Version] 1048832 [Id] WindowsEditor(7,Victoria) [Debug] 1 [PackageName] WindowsEditor [ProjectName] Editor" joined multi-casting on [225.0.0.222:54997]...

Player connection [17944] Host "[IP] 192.168.1.60 [Port] 0 [Flags] 2 [Guid] 1607220491 [EditorId] 1607220491 [Version] 1048832 [Id] WindowsEditor(7,Victoria) [Debug] 1 [PackageName] WindowsEditor [ProjectName] Editor" joined alternative multi-casting on [225.0.0.222:34997]...

[PhysX] Initialized MultithreadedTaskDispatcher with 12 workers.
Refreshing native plugins compatible for Editor in 1426.67 ms, found 3 plugins.
Preloading 0 native plugins for Editor in 0.00 ms.
Initialize engine version: 2022.3.32f1 (c8300dc0a3fa)
[Subsystems] Discovering subsystems at path F:/Programs/Editor/2022.3.32f1/Editor/Data/Resources/UnitySubsystems
[Subsystems] Discovering subsystems at path C:/Users/Infer/Documents/GitHub/the-CodeSample/CodeSample/Assets
GfxDevice: creating device client; threaded=0; jobified=0
Direct3D:
    Version:  Direct3D 11.0 [level 11.1]
    Renderer: NVIDIA GeForce RTX 3060 (ID=0x2504)
    Vendor:   NVIDIA
    VRAM:     12115 MB
    Driver:   32.0.15.5599
Initialize mono
Mono path[0] = 'F:/Programs/Editor/2022.3.32f1/Editor/Data/Managed'
Mono path[1] = 'F:/Programs/Editor/2022.3.32f1/Editor/Data/MonoBleedingEdge/lib/mono/unityjit-win32'
Mono config path = 'F:/Programs/Editor/2022.3.32f1/Editor/Data/MonoBleedingEdge/etc'
Using monoOptions --debugger-agent=transport=dt_socket,embedding=1,server=y,suspend=n,address=127.0.0.1:56988
Begin MonoManager ReloadAssembly
Registering precompiled unity dll's ...
Register platform support module: F:/Programs/Editor/2022.3.32f1/Editor/Data/PlaybackEngines/WebGLSupport/UnityEditor.WebGL.Extensions.dll
Register platform support module: F:/Programs/Editor/2022.3.32f1/Editor/Data/PlaybackEngines/MacStandaloneSupport/UnityEditor.OSXStandalone.Extensions.dll
Register platform support module: F:/Programs/Editor/2022.3.32f1/Editor/Data/PlaybackEngines/AndroidPlayer/UnityEditor.Android.Extensions.dll
Register platform support module: F:/Programs/Editor/2022.3.32f1/Editor/Data/PlaybackEngines/iOSSupport/UnityEditor.iOS.Extensions.dll
Register platform support module: F:/Programs/Editor/2022.3.32f1/Editor/Data/PlaybackEngines/WindowsStandaloneSupport/UnityEditor.WindowsStandalone.Extensions.dll
Register platform support module: F:/Programs/Editor/2022.3.32f1/Editor/Data/PlaybackEngines/LinuxStandaloneSupport/UnityEditor.LinuxStandalone.Extensions.dll
Register platform support module: F:/Programs/Editor/2022.3.32f1/Editor/Data/PlaybackEngines/MetroSupport/UnityEditor.UWP.Extensions.dll
Registered in 0.764145 seconds.
- Loaded All Assemblies, in  6.909 seconds
Native extension for UWP target not found
Native extension for LinuxStandalone target not found
Native extension for WindowsStandalone target not found
[usbmuxd] Start listen thread
[usbmuxd] Listen thread started
Native extension for iOS target not found
Native extension for Android target not found
Android Extension - Scanning For ADB Devices 527 ms
Native extension for OSXStandalone target not found
Native extension for WebGL target not found
Mono: successfully reloaded assembly
- Finished resetting the current domain, in  1.174 seconds
Domain Reload Profiling: 8084ms
	BeginReloadAssembly (4377ms)
		ExecutionOrderSort (0ms)
		DisableScriptedObjects (0ms)
		BackupInstance (0ms)
		ReleaseScriptingObjects (0ms)
		CreateAndSetChildDomain (1ms)
	RebuildCommonClasses (377ms)
	RebuildNativeTypeToScriptingClass (11ms)
	initialDomainReloadingComplete (812ms)
	LoadAllAssembliesAndSetupDomain (1333ms)
		LoadAssemblies (4377ms)
		RebuildTransferFunctionScriptingTraits (0ms)
		AnalyzeDomain (1330ms)
			TypeCache.Refresh (1329ms)
				TypeCache.ScanAssembly (1098ms)
			ScanForSourceGeneratedMonoScriptInfo (1ms)
			ResolveRequiredComponents (1ms)
	FinalizeReload (1175ms)
		ReleaseScriptCaches (0ms)
		RebuildScriptCaches (0ms)
		SetupLoadedEditorAssemblies (1116ms)
			LogAssemblyErrors (0ms)
			InitializePlatformSupportModulesInManaged (958ms)
			SetLoadedEditorAssemblies (3ms)
			RefreshPlugins (0ms)
			BeforeProcessingInitializeOnLoad (3ms)
			ProcessInitializeOnLoadAttributes (107ms)
			ProcessInitializeOnLoadMethodAttributes (45ms)
			AfterProcessingInitializeOnLoad (0ms)
			EditorAssembliesLoaded (0ms)
		ExecutionOrderSort2 (0ms)
		AwakeInstancesAfterBackupRestoration (0ms)
========================================================================
Worker process is ready to serve import requests
Begin MonoManager ReloadAssembly
- Loaded All Assemblies, in  7.510 seconds
Refreshing native plugins compatible for Editor in 4.65 ms, found 3 plugins.
Native extension for UWP target not found
Native extension for LinuxStandalone target not found
Native extension for WindowsStandalone target not found
Native extension for iOS target not found
Native extension for Android target not found
Native extension for OSXStandalone target not found
Native extension for WebGL target not found
Error saving file Library/StateCache/LayerSettings/9e/9ecc5c3c162a7aba29bafa64c8b94b7c.json. Error: System.IO.IOException: Sharing violation on path C:\Users\Infer\Documents\GitHub\the-CodeSample\CodeSample\Library\StateCache\LayerSettings\9e\9ecc5c3c162a7aba29bafa64c8b94b7c.json
  at System.IO.FileStream..ctor (System.String path, System.IO.FileMode mode, System.IO.FileAccess access, System.IO.FileShare share, System.Int32 bufferSize, System.Boolean anonymous, System.IO.FileOptions options) [0x0019e] in <467a840a914a47078e4ae9b0b1e8779e>:0 
  at System.IO.FileStream..ctor (System.String path, System.IO.FileMode mode, System.IO.FileAccess access, System.IO.FileShare share, System.Int32 bufferSize, System.IO.FileOptions options) [0x00000] in <467a840a914a47078e4ae9b0b1e8779e>:0 
  at (wrapper remoting-invoke-with-check) System.IO.FileStream..ctor(string,System.IO.FileMode,System.IO.FileAccess,System.IO.FileShare,int,System.IO.FileOptions)
  at System.IO.StreamWriter..ctor (System.String path, System.Boolean append, System.Text.Encoding encoding, System.Int32 bufferSize) [0x00055] in <467a840a914a47078e4ae9b0b1e8779e>:0 
  at System.IO.StreamWriter..ctor (System.String path, System.Boolean append, System.Text.Encoding encoding) [0x00000] in <467a840a914a47078e4ae9b0b1e8779e>:0 
  at (wrapper remoting-invoke-with-check) System.IO.StreamWriter..ctor(string,bool,System.Text.Encoding)
  at System.IO.File.WriteAllText (System.String path, System.String contents, System.Text.Encoding encoding) [0x00034] in <467a840a914a47078e4ae9b0b1e8779e>:0 
  at UnityEditor.StateCache`1[T].SetState (UnityEngine.Hash128 key, T obj) [0x0004b] in <3d611f181d2047d0a4666e5262482490>:0 
UnityEngine.StackTraceUtility:ExtractStackTrace ()
UnityEngine.DebugLogHandler:LogFormat (UnityEngine.LogType,UnityEngine.Object,string,object[])
UnityEngine.Logger:Log (UnityEngine.LogType,object)
UnityEngine.Debug:LogError (object)
UnityEditor.StateCache`1<UnityEditor.Tools/LayerSettings>:SetState (UnityEngine.Hash128,UnityEditor.Tools/LayerSettings)
UnityEditor.Tools:set_lockedLayers (int)
UnityEditor.Tools:OnEnable ()
UnityEngine.ScriptableObject:CreateInstance (System.Type)
UnityEngine.ScriptableObject:CreateInstance<UnityEditor.Tools> ()
UnityEditor.Tools:get_get ()
UnityEditor.Tools:get_visibleLayers ()
UnityEditor.Animations.Rigging.BoneRendererUtils:.cctor () (at ./Library/PackageCache/com.unity.animation.rigging@1.2.1/Editor/Utils/BoneRendererUtils.cs:121)
System.Runtime.CompilerServices.RuntimeHelpers:RunClassConstructor (System.RuntimeTypeHandle)
UnityEditor.EditorAssemblies:ProcessInitializeOnLoadAttributes (System.Type[])

(Filename: ./Library/PackageCache/com.unity.animation.rigging@1.2.1/Editor/Utils/BoneRendererUtils.cs Line: 121)

[MODES] ModeService[none].Initialize
[MODES] ModeService[none].LoadModes
[MODES] Loading mode Default (0) for mode-current-id-CodeSample
Package Manager log level set to [2]
[Package Manager] Server::EnsureServerProcessIsRunning -- launch failed, reason: Unity was launched with the -noUpm command-line argument
[Package Manager] UpmClient::Send -- Unable to send message (not connected to UPM process).
[Package Manager] Cannot connect to Unity Package Manager local server
Mono: successfully reloaded assembly
- Finished resetting the current domain, in  0.818 seconds
Domain Reload Profiling: 8326ms
	BeginReloadAssembly (140ms)
		ExecutionOrderSort (0ms)
		DisableScriptedObjects (7ms)
		BackupInstance (0ms)
		ReleaseScriptingObjects (0ms)
		CreateAndSetChildDomain (23ms)
	RebuildCommonClasses (35ms)
	RebuildNativeTypeToScriptingClass (10ms)
	initialDomainReloadingComplete (35ms)
	LoadAllAssembliesAndSetupDomain (7288ms)
		LoadAssemblies (6722ms)
		RebuildTransferFunctionScriptingTraits (0ms)
		AnalyzeDomain (646ms)
			TypeCache.Refresh (605ms)
				TypeCache.ScanAssembly (544ms)
			ScanForSourceGeneratedMonoScriptInfo (29ms)
			ResolveRequiredComponents (11ms)
	FinalizeReload (818ms)
		ReleaseScriptCaches (0ms)
		RebuildScriptCaches (0ms)
		SetupLoadedEditorAssemblies (642ms)
			LogAssemblyErrors (0ms)
			InitializePlatformSupportModulesInManaged (38ms)
			SetLoadedEditorAssemblies (3ms)
			RefreshPlugins (0ms)
			BeforeProcessingInitializeOnLoad (74ms)
			ProcessInitializeOnLoadAttributes (458ms)
			ProcessInitializeOnLoadMethodAttributes (67ms)
			AfterProcessingInitializeOnLoad (2ms)
			EditorAssembliesLoaded (0ms)
		ExecutionOrderSort2 (0ms)
		AwakeInstancesAfterBackupRestoration (5ms)
Launched and connected shader compiler UnityShaderCompiler.exe after 0.14 seconds
Refreshing native plugins compatible for Editor in 5.13 ms, found 3 plugins.
Preloading 0 native plugins for Editor in 0.00 ms.
Unloading 5799 Unused Serialized files (Serialized files now loaded: 0)
Unloading 100 unused Assets / (2.1 MB). Loaded Objects now: 6254.
Memory consumption went from 244.2 MB to 242.0 MB.
Total: 4.389700 ms (FindLiveObjects: 0.532300 ms CreateObjectMapping: 0.174400 ms MarkObjects: 3.005700 ms  DeleteObjects: 0.675900 ms)

AssetImportParameters requested are different than current active one (requested -> active):
  custom:container-demuxer-ogg: 62fdf1f143b41e24485cea50d1cbac27 -> 
  custom:video-codec-MediaFoundation-h265: 746d11721c4dcdbdad8f713fa42b33f4 -> 
  custom:video-decoder-ogg-theora: a1e56fd34408186e4bbccfd4996cb3dc -> 
  custom:framework-win-MediaFoundation: 216162199b28c13a410421893ffa2e32 -> 
  custom:CustomObjectIndexerAttribute: 3ead1caaecf1c488f20bcfeb224b6af5 -> 
  custom:container-demuxer-webm: 4f35f7cbe854078d1ac9338744f61a02 -> 
  custom:container-muxer-webm: aa71ff27fc2769a1b78a27578f13a17b -> 
  custom:video-decoder-webm-vp8: 9c59270c3fd7afecdb556c50c9e8de78 -> 
  custom:SearchIndexIgnoredProperties: e643bd26f0fe6173181afceb89e7c659 -> 
  custom:AudioImporter_EditorPlatform: d09bf68614088b80899f8185d706f6e7 -> 
  custom:video-encoder-webm-vp8: eb34c28f22e8b96e1ab97ce403110664 -> 
  custom:audio-decoder-ogg-vorbis: bf7c407c2cedff20999df2af8eb42d56 -> 
  custom:audio-encoder-webm-vorbis: bf7c407c2cedff20999df2af8eb42d56 -> 
========================================================================
Received Import Request.
  Time since last request: 1993.492323 seconds.
  path: Assets/Level 1.prefab
  artifactKey: Guid(cd86601b4d7a0334e8c39fedf507f74a) Importer(815301076,1909f56bfc062723c751e8b465ee728b)
Start importing Assets/Level 1.prefab using Guid(cd86601b4d7a0334e8c39fedf507f74a) Importer(815301076,1909f56bfc062723c751e8b465ee728b) [PhysX] Initialized MultithreadedTaskDispatcher with 12 workers.
[PhysX] Initialized MultithreadedTaskDispatcher with 12 workers.
 -> (artifact id: '57b0dae673f457a597eb2a4df84c3893') in 0.487761 seconds
Number of updated asset objects reloaded before import = 0
Number of asset objects unloaded after import = 1890
========================================================================
Received Import Request.
  Time since last request: 0.000040 seconds.
  path: Assets/Level 3.prefab
  artifactKey: Guid(73fd758d6ba55c246aac5a816b19def8) Importer(815301076,1909f56bfc062723c751e8b465ee728b)
Start importing Assets/Level 3.prefab using Guid(73fd758d6ba55c246aac5a816b19def8) Importer(815301076,1909f56bfc062723c751e8b465ee728b) [PhysX] Initialized MultithreadedTaskDispatcher with 12 workers.
[PhysX] Initialized MultithreadedTaskDispatcher with 12 workers.
 -> (artifact id: '666056e4d720810963422e2f6db5bc29') in 0.090955 seconds
Number of updated asset objects reloaded before import = 0
Number of asset objects unloaded after import = 1890
========================================================================
Received Import Request.
  Time since last request: 2.071674 seconds.
  path: Assets/Level.prefab
  artifactKey: Guid(cf94c161d902b944ba12c8a632bab518) Importer(815301076,1909f56bfc062723c751e8b465ee728b)
Start importing Assets/Level.prefab using Guid(cf94c161d902b944ba12c8a632bab518) Importer(815301076,1909f56bfc062723c751e8b465ee728b) [PhysX] Initialized MultithreadedTaskDispatcher with 12 workers.
[PhysX] Initialized MultithreadedTaskDispatcher with 12 workers.
 -> (artifact id: '0928c6a4f942276f1ed5cec3dfd4c1e7') in 0.077992 seconds
Number of updated asset objects reloaded before import = 0
Number of asset objects unloaded after import = 1890
========================================================================
Received Import Request.
  Time since last request: 0.000025 seconds.
  path: Assets/Level End.prefab
  artifactKey: Guid(397a22786b2c18f4baad5589f18c48ce) Importer(815301076,1909f56bfc062723c751e8b465ee728b)
Start importing Assets/Level End.prefab using Guid(397a22786b2c18f4baad5589f18c48ce) Importer(815301076,1909f56bfc062723c751e8b465ee728b) [PhysX] Initialized MultithreadedTaskDispatcher with 12 workers.
[PhysX] Initialized MultithreadedTaskDispatcher with 12 workers.
 -> (artifact id: 'afa2eab60f7f105298037fcd69cdc270') in 0.077264 seconds
Number of updated asset objects reloaded before import = 0
Number of asset objects unloaded after import = 1890
========================================================================
Received Import Request.
  Time since last request: 8.143728 seconds.
  path: Assets/Level.prefab
  artifactKey: Guid(cf94c161d902b944ba12c8a632bab518) Importer(815301076,1909f56bfc062723c751e8b465ee728b)
Start importing Assets/Level.prefab using Guid(cf94c161d902b944ba12c8a632bab518) Importer(815301076,1909f56bfc062723c751e8b465ee728b) [PhysX] Initialized MultithreadedTaskDispatcher with 12 workers.
[PhysX] Initialized MultithreadedTaskDispatcher with 12 workers.
 -> (artifact id: 'a87f2546f2778020545b8a1f4d0e4a58') in 0.076886 seconds
Number of updated asset objects reloaded before import = 0
Number of asset objects unloaded after import = 1890
========================================================================
Received Import Request.
  Time since last request: 0.000028 seconds.
  path: Assets/Level Start.prefab
  artifactKey: Guid(3eb4290fc255c26469b8bcb5d013e9ad) Importer(815301076,1909f56bfc062723c751e8b465ee728b)
Start importing Assets/Level Start.prefab using Guid(3eb4290fc255c26469b8bcb5d013e9ad) Importer(815301076,1909f56bfc062723c751e8b465ee728b) [PhysX] Initialized MultithreadedTaskDispatcher with 12 workers.
[PhysX] Initialized MultithreadedTaskDispatcher with 12 workers.
 -> (artifact id: 'bc058da7ee129f482ca2d1c4e97f27cc') in 0.087700 seconds
Number of updated asset objects reloaded before import = 0
Number of asset objects unloaded after import = 2314
========================================================================
Received Import Request.
  Time since last request: 11.538659 seconds.
  path: Assets/Level.prefab
  artifactKey: Guid(cf94c161d902b944ba12c8a632bab518) Importer(815301076,1909f56bfc062723c751e8b465ee728b)
Start importing Assets/Level.prefab using Guid(cf94c161d902b944ba12c8a632bab518) Importer(815301076,1909f56bfc062723c751e8b465ee728b) [PhysX] Initialized MultithreadedTaskDispatcher with 12 workers.
[PhysX] Initialized MultithreadedTaskDispatcher with 12 workers.
 -> (artifact id: '53c5adc3405b326684dd987b7dd8336a') in 0.080152 seconds
Number of updated asset objects reloaded before import = 0
Number of asset objects unloaded after import = 1890
========================================================================
Received Import Request.
  Time since last request: 0.000069 seconds.
  path: Assets/Level End.prefab
  artifactKey: Guid(397a22786b2c18f4baad5589f18c48ce) Importer(815301076,1909f56bfc062723c751e8b465ee728b)
Start importing Assets/Level End.prefab using Guid(397a22786b2c18f4baad5589f18c48ce) Importer(815301076,1909f56bfc062723c751e8b465ee728b) [PhysX] Initialized MultithreadedTaskDispatcher with 12 workers.
[PhysX] Initialized MultithreadedTaskDispatcher with 12 workers.
 -> (artifact id: 'fbe9165a3b9dee70c867aff47de8728e') in 0.069551 seconds
Number of updated asset objects reloaded before import = 0
Number of asset objects unloaded after import = 1890
========================================================================
Received Import Request.
  Time since last request: 7.729957 seconds.
  path: Assets/Level.prefab
  artifactKey: Guid(cf94c161d902b944ba12c8a632bab518) Importer(815301076,1909f56bfc062723c751e8b465ee728b)
Start importing Assets/Level.prefab using Guid(cf94c161d902b944ba12c8a632bab518) Importer(815301076,1909f56bfc062723c751e8b465ee728b) [PhysX] Initialized MultithreadedTaskDispatcher with 12 workers.
[PhysX] Initialized MultithreadedTaskDispatcher with 12 workers.
 -> (artifact id: '1240f1908e5405caba69791865ab22cc') in 0.074471 seconds
Number of updated asset objects reloaded before import = 0
Number of asset objects unloaded after import = 1890
========================================================================
Received Import Request.
  Time since last request: 0.000030 seconds.
  path: Assets/Level End.prefab
  artifactKey: Guid(397a22786b2c18f4baad5589f18c48ce) Importer(815301076,1909f56bfc062723c751e8b465ee728b)
Start importing Assets/Level End.prefab using Guid(397a22786b2c18f4baad5589f18c48ce) Importer(815301076,1909f56bfc062723c751e8b465ee728b) [PhysX] Initialized MultithreadedTaskDispatcher with 12 workers.
[PhysX] Initialized MultithreadedTaskDispatcher with 12 workers.
 -> (artifact id: '0788bc2fd2a751baf383670fc726c2b7') in 0.067771 seconds
Number of updated asset objects reloaded before import = 0
Number of asset objects unloaded after import = 1890
========================================================================
Received Import Request.
  Time since last request: 20.536491 seconds.
  path: Assets/Level.prefab
  artifactKey: Guid(cf94c161d902b944ba12c8a632bab518) Importer(815301076,1909f56bfc062723c751e8b465ee728b)
Start importing Assets/Level.prefab using Guid(cf94c161d902b944ba12c8a632bab518) Importer(815301076,1909f56bfc062723c751e8b465ee728b) [PhysX] Initialized MultithreadedTaskDispatcher with 12 workers.
[PhysX] Initialized MultithreadedTaskDispatcher with 12 workers.
 -> (artifact id: '798e1dd7669eca84176d3cf4be9cb8f6') in 0.077796 seconds
Number of updated asset objects reloaded before import = 0
Number of asset objects unloaded after import = 1891
========================================================================
Received Import Request.
  Time since last request: 0.000036 seconds.
  path: Assets/Level End.prefab
  artifactKey: Guid(397a22786b2c18f4baad5589f18c48ce) Importer(815301076,1909f56bfc062723c751e8b465ee728b)
Start importing Assets/Level End.prefab using Guid(397a22786b2c18f4baad5589f18c48ce) Importer(815301076,1909f56bfc062723c751e8b465ee728b) [PhysX] Initialized MultithreadedTaskDispatcher with 12 workers.
[PhysX] Initialized MultithreadedTaskDispatcher with 12 workers.
 -> (artifact id: 'e723dce8cfed2cc8622880c577c64242') in 0.070609 seconds
Number of updated asset objects reloaded before import = 0
Number of asset objects unloaded after import = 1891
========================================================================
Received Import Request.
  Time since last request: 1.601679 seconds.
  path: Assets/Level.prefab
  artifactKey: Guid(cf94c161d902b944ba12c8a632bab518) Importer(815301076,1909f56bfc062723c751e8b465ee728b)
Start importing Assets/Level.prefab using Guid(cf94c161d902b944ba12c8a632bab518) Importer(815301076,1909f56bfc062723c751e8b465ee728b) [PhysX] Initialized MultithreadedTaskDispatcher with 12 workers.
[PhysX] Initialized MultithreadedTaskDispatcher with 12 workers.
 -> (artifact id: 'c5abd4baddbcdf1262e3c00a2051b2f4') in 0.073640 seconds
Number of updated asset objects reloaded before import = 0
Number of asset objects unloaded after import = 1891
========================================================================
Received Import Request.
  Time since last request: 0.000030 seconds.
  path: Assets/Level End.prefab
  artifactKey: Guid(397a22786b2c18f4baad5589f18c48ce) Importer(815301076,1909f56bfc062723c751e8b465ee728b)
Start importing Assets/Level End.prefab using Guid(397a22786b2c18f4baad5589f18c48ce) Importer(815301076,1909f56bfc062723c751e8b465ee728b) [PhysX] Initialized MultithreadedTaskDispatcher with 12 workers.
[PhysX] Initialized MultithreadedTaskDispatcher with 12 workers.
 -> (artifact id: 'aea86407d3d00f93ec340169aaa30a68') in 0.070811 seconds
Number of updated asset objects reloaded before import = 0
Number of asset objects unloaded after import = 1891
========================================================================
Received Import Request.
  Time since last request: 13.575555 seconds.
  path: Assets/Level.prefab
  artifactKey: Guid(cf94c161d902b944ba12c8a632bab518) Importer(815301076,1909f56bfc062723c751e8b465ee728b)
Start importing Assets/Level.prefab using Guid(cf94c161d902b944ba12c8a632bab518) Importer(815301076,1909f56bfc062723c751e8b465ee728b) [PhysX] Initialized MultithreadedTaskDispatcher with 12 workers.
[PhysX] Initialized MultithreadedTaskDispatcher with 12 workers.
 -> (artifact id: '45911561049cd35243f5adbb5d4a5387') in 0.072722 seconds
Number of updated asset objects reloaded before import = 0
Number of asset objects unloaded after import = 1891
========================================================================
Received Import Request.
  Time since last request: 0.000028 seconds.
  path: Assets/Level End.prefab
  artifactKey: Guid(397a22786b2c18f4baad5589f18c48ce) Importer(815301076,1909f56bfc062723c751e8b465ee728b)
Start importing Assets/Level End.prefab using Guid(397a22786b2c18f4baad5589f18c48ce) Importer(815301076,1909f56bfc062723c751e8b465ee728b) [PhysX] Initialized MultithreadedTaskDispatcher with 12 workers.
[PhysX] Initialized MultithreadedTaskDispatcher with 12 workers.
 -> (artifact id: '48dc92067688d3852983c20dd2fd97b3') in 0.070717 seconds
Number of updated asset objects reloaded before import = 0
Number of asset objects unloaded after import = 1891
========================================================================
Received Import Request.
  Time since last request: 3.867634 seconds.
  path: Assets/Level.prefab
  artifactKey: Guid(cf94c161d902b944ba12c8a632bab518) Importer(815301076,1909f56bfc062723c751e8b465ee728b)
Start importing Assets/Level.prefab using Guid(cf94c161d902b944ba12c8a632bab518) Importer(815301076,1909f56bfc062723c751e8b465ee728b) [PhysX] Initialized MultithreadedTaskDispatcher with 12 workers.
[PhysX] Initialized MultithreadedTaskDispatcher with 12 workers.
 -> (artifact id: '205addcae5a2ec47b6ef4ae4fcb0f6d2') in 0.106709 seconds
Number of updated asset objects reloaded before import = 0
Number of asset objects unloaded after import = 1891
========================================================================
Received Import Request.
  Time since last request: 0.000029 seconds.
  path: Assets/Level End.prefab
  artifactKey: Guid(397a22786b2c18f4baad5589f18c48ce) Importer(815301076,1909f56bfc062723c751e8b465ee728b)
Start importing Assets/Level End.prefab using Guid(397a22786b2c18f4baad5589f18c48ce) Importer(815301076,1909f56bfc062723c751e8b465ee728b) [PhysX] Initialized MultithreadedTaskDispatcher with 12 workers.
[PhysX] Initialized MultithreadedTaskDispatcher with 12 workers.
 -> (artifact id: '1db4c49b39ff9c14b8e6d344a6904698') in 0.071886 seconds
Number of updated asset objects reloaded before import = 0
Number of asset objects unloaded after import = 1891
========================================================================
Received Import Request.
  Time since last request: 2.015558 seconds.
  path: Assets/Level.prefab
  artifactKey: Guid(cf94c161d902b944ba12c8a632bab518) Importer(815301076,1909f56bfc062723c751e8b465ee728b)
Start importing Assets/Level.prefab using Guid(cf94c161d902b944ba12c8a632bab518) Importer(815301076,1909f56bfc062723c751e8b465ee728b) [PhysX] Initialized MultithreadedTaskDispatcher with 12 workers.
[PhysX] Initialized MultithreadedTaskDispatcher with 12 workers.
 -> (artifact id: '774be4f724c5580fe3568bc5d3cec1aa') in 0.076580 seconds
Number of updated asset objects reloaded before import = 0
Number of asset objects unloaded after import = 1891
========================================================================
Received Import Request.
  Time since last request: 0.000031 seconds.
  path: Assets/Level End.prefab
  artifactKey: Guid(397a22786b2c18f4baad5589f18c48ce) Importer(815301076,1909f56bfc062723c751e8b465ee728b)
Start importing Assets/Level End.prefab using Guid(397a22786b2c18f4baad5589f18c48ce) Importer(815301076,1909f56bfc062723c751e8b465ee728b) [PhysX] Initialized MultithreadedTaskDispatcher with 12 workers.
[PhysX] Initialized MultithreadedTaskDispatcher with 12 workers.
 -> (artifact id: '16a1cf47f6625dc2e45a9911526da30a') in 0.071128 seconds
Number of updated asset objects reloaded before import = 0
Number of asset objects unloaded after import = 1891
========================================================================
Received Import Request.
  Time since last request: 5.503762 seconds.
  path: Assets/Level.prefab
  artifactKey: Guid(cf94c161d902b944ba12c8a632bab518) Importer(815301076,1909f56bfc062723c751e8b465ee728b)
Start importing Assets/Level.prefab using Guid(cf94c161d902b944ba12c8a632bab518) Importer(815301076,1909f56bfc062723c751e8b465ee728b) [PhysX] Initialized MultithreadedTaskDispatcher with 12 workers.
[PhysX] Initialized MultithreadedTaskDispatcher with 12 workers.
 -> (artifact id: '702d3e1cc212981b30b7591af69a172b') in 0.071927 seconds
Number of updated asset objects reloaded before import = 0
Number of asset objects unloaded after import = 1891
========================================================================
Received Import Request.
  Time since last request: 0.000029 seconds.
  path: Assets/Level Start.prefab
  artifactKey: Guid(3eb4290fc255c26469b8bcb5d013e9ad) Importer(815301076,1909f56bfc062723c751e8b465ee728b)
Start importing Assets/Level Start.prefab using Guid(3eb4290fc255c26469b8bcb5d013e9ad) Importer(815301076,1909f56bfc062723c751e8b465ee728b) [PhysX] Initialized MultithreadedTaskDispatcher with 12 workers.
[PhysX] Initialized MultithreadedTaskDispatcher with 12 workers.
 -> (artifact id: 'e1c34ea0212757b1de52e2ce9260aad9') in 0.087540 seconds
Number of updated asset objects reloaded before import = 0
Number of asset objects unloaded after import = 2315
========================================================================
Received Import Request.
  Time since last request: 4.105223 seconds.
  path: Assets/Level.prefab
  artifactKey: Guid(cf94c161d902b944ba12c8a632bab518) Importer(815301076,1909f56bfc062723c751e8b465ee728b)
Start importing Assets/Level.prefab using Guid(cf94c161d902b944ba12c8a632bab518) Importer(815301076,1909f56bfc062723c751e8b465ee728b) [PhysX] Initialized MultithreadedTaskDispatcher with 12 workers.
[PhysX] Initialized MultithreadedTaskDispatcher with 12 workers.
 -> (artifact id: 'bf5b11fb68d360d28d5c1c5ea2da391a') in 0.074398 seconds
Number of updated asset objects reloaded before import = 0
Number of asset objects unloaded after import = 1891
========================================================================
Received Import Request.
  Time since last request: 0.000026 seconds.
  path: Assets/Level End.prefab
  artifactKey: Guid(397a22786b2c18f4baad5589f18c48ce) Importer(815301076,1909f56bfc062723c751e8b465ee728b)
Start importing Assets/Level End.prefab using Guid(397a22786b2c18f4baad5589f18c48ce) Importer(815301076,1909f56bfc062723c751e8b465ee728b) [PhysX] Initialized MultithreadedTaskDispatcher with 12 workers.
[PhysX] Initialized MultithreadedTaskDispatcher with 12 workers.
 -> (artifact id: 'be52f23ba33f5fce780acc4babc8b163') in 0.075288 seconds
Number of updated asset objects reloaded before import = 0
Number of asset objects unloaded after import = 1891
========================================================================
Received Import Request.
  Time since last request: 11.381599 seconds.
  path: Assets/Level.prefab
  artifactKey: Guid(cf94c161d902b944ba12c8a632bab518) Importer(815301076,1909f56bfc062723c751e8b465ee728b)
Start importing Assets/Level.prefab using Guid(cf94c161d902b944ba12c8a632bab518) Importer(815301076,1909f56bfc062723c751e8b465ee728b) [PhysX] Initialized MultithreadedTaskDispatcher with 12 workers.
[PhysX] Initialized MultithreadedTaskDispatcher with 12 workers.
 -> (artifact id: 'faa465173c2e3810a009f23a002777b7') in 0.077523 seconds
Number of updated asset objects reloaded before import = 0
Number of asset objects unloaded after import = 1891
========================================================================
Received Import Request.
  Time since last request: 0.000088 seconds.
  path: Assets/Level End.prefab
  artifactKey: Guid(397a22786b2c18f4baad5589f18c48ce) Importer(815301076,1909f56bfc062723c751e8b465ee728b)
Start importing Assets/Level End.prefab using Guid(397a22786b2c18f4baad5589f18c48ce) Importer(815301076,1909f56bfc062723c751e8b465ee728b) [PhysX] Initialized MultithreadedTaskDispatcher with 12 workers.
[PhysX] Initialized MultithreadedTaskDispatcher with 12 workers.
 -> (artifact id: '097fb8a7d6a66cb43c157328cdf95766') in 0.068722 seconds
Number of updated asset objects reloaded before import = 0
Number of asset objects unloaded after import = 1891
========================================================================
Received Import Request.
  Time since last request: 7.266004 seconds.
  path: Assets/Level.prefab
  artifactKey: Guid(cf94c161d902b944ba12c8a632bab518) Importer(815301076,1909f56bfc062723c751e8b465ee728b)
Start importing Assets/Level.prefab using Guid(cf94c161d902b944ba12c8a632bab518) Importer(815301076,1909f56bfc062723c751e8b465ee728b) [PhysX] Initialized MultithreadedTaskDispatcher with 12 workers.
[PhysX] Initialized MultithreadedTaskDispatcher with 12 workers.
 -> (artifact id: '122f005a74ec0167f1e767e2d85b109b') in 0.073886 seconds
Number of updated asset objects reloaded before import = 0
Number of asset objects unloaded after import = 1891
========================================================================
Received Import Request.
  Time since last request: 0.000033 seconds.
  path: Assets/Level 3.prefab
  artifactKey: Guid(73fd758d6ba55c246aac5a816b19def8) Importer(815301076,1909f56bfc062723c751e8b465ee728b)
Start importing Assets/Level 3.prefab using Guid(73fd758d6ba55c246aac5a816b19def8) Importer(815301076,1909f56bfc062723c751e8b465ee728b) [PhysX] Initialized MultithreadedTaskDispatcher with 12 workers.
[PhysX] Initialized MultithreadedTaskDispatcher with 12 workers.
 -> (artifact id: '551c8f55d8e4257a14b62068e88af2c6') in 0.076743 seconds
Number of updated asset objects reloaded before import = 0
Number of asset objects unloaded after import = 1891
========================================================================
Received Import Request.
  Time since last request: 5.864611 seconds.
  path: Assets/Level.prefab
  artifactKey: Guid(cf94c161d902b944ba12c8a632bab518) Importer(815301076,1909f56bfc062723c751e8b465ee728b)
Start importing Assets/Level.prefab using Guid(cf94c161d902b944ba12c8a632bab518) Importer(815301076,1909f56bfc062723c751e8b465ee728b) [PhysX] Initialized MultithreadedTaskDispatcher with 12 workers.
[PhysX] Initialized MultithreadedTaskDispatcher with 12 workers.
 -> (artifact id: 'fb7c6e7df1c852ed785821921c535d6b') in 0.074225 seconds
Number of updated asset objects reloaded before import = 0
Number of asset objects unloaded after import = 1891
========================================================================
Received Import Request.
  Time since last request: 0.000024 seconds.
  path: Assets/Level End.prefab
  artifactKey: Guid(397a22786b2c18f4baad5589f18c48ce) Importer(815301076,1909f56bfc062723c751e8b465ee728b)
Start importing Assets/Level End.prefab using Guid(397a22786b2c18f4baad5589f18c48ce) Importer(815301076,1909f56bfc062723c751e8b465ee728b) [PhysX] Initialized MultithreadedTaskDispatcher with 12 workers.
[PhysX] Initialized MultithreadedTaskDispatcher with 12 workers.
 -> (artifact id: '10efdff3161f9d7ed0a39e8da19b122b') in 0.079281 seconds
Number of updated asset objects reloaded before import = 0
Number of asset objects unloaded after import = 1891
========================================================================
Received Import Request.
  Time since last request: 0.490022 seconds.
  path: Assets/Level.prefab
  artifactKey: Guid(cf94c161d902b944ba12c8a632bab518) Importer(815301076,1909f56bfc062723c751e8b465ee728b)
Start importing Assets/Level.prefab using Guid(cf94c161d902b944ba12c8a632bab518) Importer(815301076,1909f56bfc062723c751e8b465ee728b) [PhysX] Initialized MultithreadedTaskDispatcher with 12 workers.
[PhysX] Initialized MultithreadedTaskDispatcher with 12 workers.
 -> (artifact id: 'b0ab58e29bac3750f3e5fedcc84b44f7') in 0.074756 seconds
Number of updated asset objects reloaded before import = 0
Number of asset objects unloaded after import = 1891
========================================================================
Received Import Request.
  Time since last request: 0.000023 seconds.
  path: Assets/Level 3.prefab
  artifactKey: Guid(73fd758d6ba55c246aac5a816b19def8) Importer(815301076,1909f56bfc062723c751e8b465ee728b)
Start importing Assets/Level 3.prefab using Guid(73fd758d6ba55c246aac5a816b19def8) Importer(815301076,1909f56bfc062723c751e8b465ee728b) [PhysX] Initialized MultithreadedTaskDispatcher with 12 workers.
[PhysX] Initialized MultithreadedTaskDispatcher with 12 workers.
 -> (artifact id: 'e51cc586e22db1c0d2c00b9674c36319') in 0.073970 seconds
Number of updated asset objects reloaded before import = 0
Number of asset objects unloaded after import = 1891
========================================================================
Received Import Request.
  Time since last request: 7.276015 seconds.
  path: Assets/Level.prefab
  artifactKey: Guid(cf94c161d902b944ba12c8a632bab518) Importer(815301076,1909f56bfc062723c751e8b465ee728b)
Start importing Assets/Level.prefab using Guid(cf94c161d902b944ba12c8a632bab518) Importer(815301076,1909f56bfc062723c751e8b465ee728b) [PhysX] Initialized MultithreadedTaskDispatcher with 12 workers.
[PhysX] Initialized MultithreadedTaskDispatcher with 12 workers.
 -> (artifact id: 'eda50b8c66d18eb0e98bf17e1d3d5a66') in 0.074801 seconds
Number of updated asset objects reloaded before import = 0
Number of asset objects unloaded after import = 1891
========================================================================
Received Import Request.
  Time since last request: 0.000028 seconds.
  path: Assets/Level End.prefab
  artifactKey: Guid(397a22786b2c18f4baad5589f18c48ce) Importer(815301076,1909f56bfc062723c751e8b465ee728b)
Start importing Assets/Level End.prefab using Guid(397a22786b2c18f4baad5589f18c48ce) Importer(815301076,1909f56bfc062723c751e8b465ee728b) [PhysX] Initialized MultithreadedTaskDispatcher with 12 workers.
[PhysX] Initialized MultithreadedTaskDispatcher with 12 workers.
 -> (artifact id: '5d2ed2b2997db92bdf0f84ace187f53a') in 0.071515 seconds
Number of updated asset objects reloaded before import = 0
Number of asset objects unloaded after import = 1891
========================================================================
Received Import Request.
  Time since last request: 2.443703 seconds.
  path: Assets/Level.prefab
  artifactKey: Guid(cf94c161d902b944ba12c8a632bab518) Importer(815301076,1909f56bfc062723c751e8b465ee728b)
Start importing Assets/Level.prefab using Guid(cf94c161d902b944ba12c8a632bab518) Importer(815301076,1909f56bfc062723c751e8b465ee728b) [PhysX] Initialized MultithreadedTaskDispatcher with 12 workers.
[PhysX] Initialized MultithreadedTaskDispatcher with 12 workers.
 -> (artifact id: '4a387289f98c0a9f0d6ed5044cb52cc7') in 0.073269 seconds
Number of updated asset objects reloaded before import = 0
Number of asset objects unloaded after import = 1891
========================================================================
Received Import Request.
  Time since last request: 0.063010 seconds.
  path: Assets/Level 3.prefab
  artifactKey: Guid(73fd758d6ba55c246aac5a816b19def8) Importer(815301076,1909f56bfc062723c751e8b465ee728b)
Start importing Assets/Level 3.prefab using Guid(73fd758d6ba55c246aac5a816b19def8) Importer(815301076,1909f56bfc062723c751e8b465ee728b) [PhysX] Initialized MultithreadedTaskDispatcher with 12 workers.
[PhysX] Initialized MultithreadedTaskDispatcher with 12 workers.
 -> (artifact id: '15f34a0d16f4f1f20fd2e5157514d8ac') in 0.078303 seconds
Number of updated asset objects reloaded before import = 0
Number of asset objects unloaded after import = 1891
========================================================================
Received Import Request.
  Time since last request: 14.593902 seconds.
  path: Assets/Level.prefab
  artifactKey: Guid(cf94c161d902b944ba12c8a632bab518) Importer(815301076,1909f56bfc062723c751e8b465ee728b)
Start importing Assets/Level.prefab using Guid(cf94c161d902b944ba12c8a632bab518) Importer(815301076,1909f56bfc062723c751e8b465ee728b) [PhysX] Initialized MultithreadedTaskDispatcher with 12 workers.
[PhysX] Initialized MultithreadedTaskDispatcher with 12 workers.
 -> (artifact id: '30896dadeb1ba80648730eb2941110b0') in 0.084375 seconds
Number of updated asset objects reloaded before import = 0
Number of asset objects unloaded after import = 1891
========================================================================
Received Import Request.
  Time since last request: 0.000032 seconds.
  path: Assets/Level Start.prefab
  artifactKey: Guid(3eb4290fc255c26469b8bcb5d013e9ad) Importer(815301076,1909f56bfc062723c751e8b465ee728b)
Start importing Assets/Level Start.prefab using Guid(3eb4290fc255c26469b8bcb5d013e9ad) Importer(815301076,1909f56bfc062723c751e8b465ee728b) [PhysX] Initialized MultithreadedTaskDispatcher with 12 workers.
[PhysX] Initialized MultithreadedTaskDispatcher with 12 workers.
 -> (artifact id: '76b0f5a70bbe1331a97dacef79bc6173') in 0.078763 seconds
Number of updated asset objects reloaded before import = 0
Number of asset objects unloaded after import = 2315
========================================================================
Received Prepare
Begin MonoManager ReloadAssembly
- Loaded All Assemblies, in  0.558 seconds
Refreshing native plugins compatible for Editor in 3.64 ms, found 3 plugins.
Native extension for UWP target not found
Native extension for LinuxStandalone target not found
Native extension for WindowsStandalone target not found
Native extension for iOS target not found
Native extension for Android target not found
Native extension for OSXStandalone target not found
Native extension for WebGL target not found
[MODES] ModeService[none].Initialize
[MODES] ModeService[none].LoadModes
[MODES] Loading mode Default (0) for mode-current-id-CodeSample
[Package Manager] Server::EnsureServerProcessIsRunning -- launch failed, reason: Unity was launched with the -noUpm command-line argument
[Package Manager] UpmClient::Send -- Unable to send message (not connected to UPM process).
[Package Manager] Cannot connect to Unity Package Manager local server
Mono: successfully reloaded assembly
- Finished resetting the current domain, in  1.526 seconds
Domain Reload Profiling: 2083ms
	BeginReloadAssembly (254ms)
		ExecutionOrderSort (0ms)
		DisableScriptedObjects (9ms)
		BackupInstance (0ms)
		ReleaseScriptingObjects (0ms)
		CreateAndSetChildDomain (41ms)
	RebuildCommonClasses (51ms)
	RebuildNativeTypeToScriptingClass (12ms)
	initialDomainReloadingComplete (23ms)
	LoadAllAssembliesAndSetupDomain (217ms)
		LoadAssemblies (372ms)
		RebuildTransferFunctionScriptingTraits (0ms)
		AnalyzeDomain (19ms)
			TypeCache.Refresh (5ms)
				TypeCache.ScanAssembly (0ms)
			ScanForSourceGeneratedMonoScriptInfo (0ms)
			ResolveRequiredComponents (13ms)
	FinalizeReload (1526ms)
		ReleaseScriptCaches (0ms)
		RebuildScriptCaches (0ms)
		SetupLoadedEditorAssemblies (671ms)
			LogAssemblyErrors (0ms)
			InitializePlatformSupportModulesInManaged (42ms)
			SetLoadedEditorAssemblies (4ms)
			RefreshPlugins (0ms)
			BeforeProcessingInitializeOnLoad (79ms)
			ProcessInitializeOnLoadAttributes (461ms)
			ProcessInitializeOnLoadMethodAttributes (83ms)
			AfterProcessingInitializeOnLoad (2ms)
			EditorAssembliesLoaded (0ms)
		ExecutionOrderSort2 (0ms)
		AwakeInstancesAfterBackupRestoration (23ms)
Refreshing native plugins compatible for Editor in 4.94 ms, found 3 plugins.
Preloading 0 native plugins for Editor in 0.00 ms.
Unloading 5599 Unused Serialized files (Serialized files now loaded: 0)
Unloading 57 unused Assets / (2.1 MB). Loaded Objects now: 6325.
Memory consumption went from 207.5 MB to 205.4 MB.
Total: 4.080700 ms (FindLiveObjects: 0.511800 ms CreateObjectMapping: 0.148600 ms MarkObjects: 2.958500 ms  DeleteObjects: 0.460800 ms)

Prepare: number of updated asset objects reloaded= 0
AssetImportParameters requested are different than current active one (requested -> active):
  custom:container-demuxer-ogg: 62fdf1f143b41e24485cea50d1cbac27 -> 
  custom:video-codec-MediaFoundation-h265: 746d11721c4dcdbdad8f713fa42b33f4 -> 
  custom:video-decoder-ogg-theora: a1e56fd34408186e4bbccfd4996cb3dc -> 
  custom:framework-win-MediaFoundation: 216162199b28c13a410421893ffa2e32 -> 
  custom:CustomObjectIndexerAttribute: 3ead1caaecf1c488f20bcfeb224b6af5 -> 
  custom:container-demuxer-webm: 4f35f7cbe854078d1ac9338744f61a02 -> 
  custom:container-muxer-webm: aa71ff27fc2769a1b78a27578f13a17b -> 
  custom:video-decoder-webm-vp8: 9c59270c3fd7afecdb556c50c9e8de78 -> 
  custom:SearchIndexIgnoredProperties: e643bd26f0fe6173181afceb89e7c659 -> 
  custom:AudioImporter_EditorPlatform: d09bf68614088b80899f8185d706f6e7 -> 
  custom:video-encoder-webm-vp8: eb34c28f22e8b96e1ab97ce403110664 -> 
  custom:audio-decoder-ogg-vorbis: bf7c407c2cedff20999df2af8eb42d56 -> 
  custom:audio-encoder-webm-vorbis: bf7c407c2cedff20999df2af8eb42d56 -> 
========================================================================
Received Import Request.
  Time since last request: 149.068818 seconds.
  path: Assets/Level.prefab
  artifactKey: Guid(cf94c161d902b944ba12c8a632bab518) Importer(815301076,1909f56bfc062723c751e8b465ee728b)
Start importing Assets/Level.prefab using Guid(cf94c161d902b944ba12c8a632bab518) Importer(815301076,1909f56bfc062723c751e8b465ee728b) [PhysX] Initialized MultithreadedTaskDispatcher with 12 workers.
[PhysX] Initialized MultithreadedTaskDispatcher with 12 workers.
 -> (artifact id: '140b6c8b083351f525c849e3896ffdc2') in 0.366778 seconds
Number of updated asset objects reloaded before import = 0
Number of asset objects unloaded after import = 1909
========================================================================
Received Import Request.
  Time since last request: 0.000031 seconds.
  path: Assets/Level 2.prefab
  artifactKey: Guid(4e216a9dbf6dd2e46a44d024717d4021) Importer(815301076,1909f56bfc062723c751e8b465ee728b)
Start importing Assets/Level 2.prefab using Guid(4e216a9dbf6dd2e46a44d024717d4021) Importer(815301076,1909f56bfc062723c751e8b465ee728b) [PhysX] Initialized MultithreadedTaskDispatcher with 12 workers.
[PhysX] Initialized MultithreadedTaskDispatcher with 12 workers.
 -> (artifact id: 'ff5e47ed66878c9a912ab4b84fab2075') in 0.073094 seconds
Number of updated asset objects reloaded before import = 0
Number of asset objects unloaded after import = 1891
========================================================================
Received Import Request.
  Time since last request: 0.000043 seconds.
  path: Assets/Level End.prefab
  artifactKey: Guid(397a22786b2c18f4baad5589f18c48ce) Importer(815301076,1909f56bfc062723c751e8b465ee728b)
Start importing Assets/Level End.prefab using Guid(397a22786b2c18f4baad5589f18c48ce) Importer(815301076,1909f56bfc062723c751e8b465ee728b) [PhysX] Initialized MultithreadedTaskDispatcher with 12 workers.
[PhysX] Initialized MultithreadedTaskDispatcher with 12 workers.
 -> (artifact id: '91b2579c7dfef2d8bbab2e83de680e09') in 0.073069 seconds
Number of updated asset objects reloaded before import = 0
Number of asset objects unloaded after import = 1891
========================================================================
Received Import Request.
  Time since last request: 6.357793 seconds.
  path: Assets/Level.prefab
  artifactKey: Guid(cf94c161d902b944ba12c8a632bab518) Importer(815301076,1909f56bfc062723c751e8b465ee728b)
Start importing Assets/Level.prefab using Guid(cf94c161d902b944ba12c8a632bab518) Importer(815301076,1909f56bfc062723c751e8b465ee728b) [PhysX] Initialized MultithreadedTaskDispatcher with 12 workers.
[PhysX] Initialized MultithreadedTaskDispatcher with 12 workers.
 -> (artifact id: '84510e88273176a23c7130e8f92599a0') in 0.082007 seconds
Number of updated asset objects reloaded before import = 0
Number of asset objects unloaded after import = 1891
========================================================================
Received Import Request.
  Time since last request: 0.000035 seconds.
  path: Assets/Level 3.prefab
  artifactKey: Guid(73fd758d6ba55c246aac5a816b19def8) Importer(815301076,1909f56bfc062723c751e8b465ee728b)
Start importing Assets/Level 3.prefab using Guid(73fd758d6ba55c246aac5a816b19def8) Importer(815301076,1909f56bfc062723c751e8b465ee728b) [PhysX] Initialized MultithreadedTaskDispatcher with 12 workers.
[PhysX] Initialized MultithreadedTaskDispatcher with 12 workers.
 -> (artifact id: 'ed6343e62be4b92a0716052f5cce6ae9') in 0.083851 seconds
Number of updated asset objects reloaded before import = 0
Number of asset objects unloaded after import = 1891
========================================================================
Received Import Request.
  Time since last request: 16.246674 seconds.
  path: Assets/Level.prefab
  artifactKey: Guid(cf94c161d902b944ba12c8a632bab518) Importer(815301076,1909f56bfc062723c751e8b465ee728b)
Start importing Assets/Level.prefab using Guid(cf94c161d902b944ba12c8a632bab518) Importer(815301076,1909f56bfc062723c751e8b465ee728b) [PhysX] Initialized MultithreadedTaskDispatcher with 12 workers.
[PhysX] Initialized MultithreadedTaskDispatcher with 12 workers.
 -> (artifact id: '8184d141f2227ecb52272a9b5c300e8c') in 0.075422 seconds
Number of updated asset objects reloaded before import = 0
Number of asset objects unloaded after import = 1891
========================================================================
Received Import Request.
  Time since last request: 0.000034 seconds.
  path: Assets/Level Start.prefab
  artifactKey: Guid(3eb4290fc255c26469b8bcb5d013e9ad) Importer(815301076,1909f56bfc062723c751e8b465ee728b)
Start importing Assets/Level Start.prefab using Guid(3eb4290fc255c26469b8bcb5d013e9ad) Importer(815301076,1909f56bfc062723c751e8b465ee728b) [PhysX] Initialized MultithreadedTaskDispatcher with 12 workers.
[PhysX] Initialized MultithreadedTaskDispatcher with 12 workers.
 -> (artifact id: 'cd103d82dd603b697d3075eb843456df') in 0.083838 seconds
Number of updated asset objects reloaded before import = 0
Number of asset objects unloaded after import = 2315
========================================================================
Received Import Request.
  Time since last request: 5.104711 seconds.
  path: Assets/Level.prefab
  artifactKey: Guid(cf94c161d902b944ba12c8a632bab518) Importer(815301076,1909f56bfc062723c751e8b465ee728b)
Start importing Assets/Level.prefab using Guid(cf94c161d902b944ba12c8a632bab518) Importer(815301076,1909f56bfc062723c751e8b465ee728b) [PhysX] Initialized MultithreadedTaskDispatcher with 12 workers.
[PhysX] Initialized MultithreadedTaskDispatcher with 12 workers.
 -> (artifact id: '2909ddab943b8e8bb5acffaa8d92d325') in 0.079371 seconds
Number of updated asset objects reloaded before import = 0
Number of asset objects unloaded after import = 1891
========================================================================
Received Import Request.
  Time since last request: 0.000027 seconds.
  path: Assets/Level End.prefab
  artifactKey: Guid(397a22786b2c18f4baad5589f18c48ce) Importer(815301076,1909f56bfc062723c751e8b465ee728b)
Start importing Assets/Level End.prefab using Guid(397a22786b2c18f4baad5589f18c48ce) Importer(815301076,1909f56bfc062723c751e8b465ee728b) [PhysX] Initialized MultithreadedTaskDispatcher with 12 workers.
[PhysX] Initialized MultithreadedTaskDispatcher with 12 workers.
 -> (artifact id: '5a4bd5a000467f9bdc5daeca88a4612c') in 0.075853 seconds
Number of updated asset objects reloaded before import = 0
Number of asset objects unloaded after import = 1891
========================================================================
Received Import Request.
  Time since last request: 5.656320 seconds.
  path: Assets/Level.prefab
  artifactKey: Guid(cf94c161d902b944ba12c8a632bab518) Importer(815301076,1909f56bfc062723c751e8b465ee728b)
Start importing Assets/Level.prefab using Guid(cf94c161d902b944ba12c8a632bab518) Importer(815301076,1909f56bfc062723c751e8b465ee728b) [PhysX] Initialized MultithreadedTaskDispatcher with 12 workers.
[PhysX] Initialized MultithreadedTaskDispatcher with 12 workers.
 -> (artifact id: 'ce1d8f5bfada0163d4a4c2db8f8c1f53') in 0.080464 seconds
Number of updated asset objects reloaded before import = 0
Number of asset objects unloaded after import = 1891
========================================================================
Received Import Request.
  Time since last request: 0.000024 seconds.
  path: Assets/Level End.prefab
  artifactKey: Guid(397a22786b2c18f4baad5589f18c48ce) Importer(815301076,1909f56bfc062723c751e8b465ee728b)
Start importing Assets/Level End.prefab using Guid(397a22786b2c18f4baad5589f18c48ce) Importer(815301076,1909f56bfc062723c751e8b465ee728b) [PhysX] Initialized MultithreadedTaskDispatcher with 12 workers.
[PhysX] Initialized MultithreadedTaskDispatcher with 12 workers.
 -> (artifact id: '7fb88e959718f33f22f3ee94cee1f114') in 0.066610 seconds
Number of updated asset objects reloaded before import = 0
Number of asset objects unloaded after import = 1891
========================================================================
Received Import Request.
  Time since last request: 4.511134 seconds.
  path: Assets/Level.prefab
  artifactKey: Guid(cf94c161d902b944ba12c8a632bab518) Importer(815301076,1909f56bfc062723c751e8b465ee728b)
Start importing Assets/Level.prefab using Guid(cf94c161d902b944ba12c8a632bab518) Importer(815301076,1909f56bfc062723c751e8b465ee728b) [PhysX] Initialized MultithreadedTaskDispatcher with 12 workers.
[PhysX] Initialized MultithreadedTaskDispatcher with 12 workers.
 -> (artifact id: '60aeaaff1bb9fd1f5b2acaf113a4e2a8') in 0.077652 seconds
Number of updated asset objects reloaded before import = 0
Number of asset objects unloaded after import = 1891
========================================================================
Received Import Request.
  Time since last request: 0.000021 seconds.
  path: Assets/Level Start.prefab
  artifactKey: Guid(3eb4290fc255c26469b8bcb5d013e9ad) Importer(815301076,1909f56bfc062723c751e8b465ee728b)
Start importing Assets/Level Start.prefab using Guid(3eb4290fc255c26469b8bcb5d013e9ad) Importer(815301076,1909f56bfc062723c751e8b465ee728b) [PhysX] Initialized MultithreadedTaskDispatcher with 12 workers.
[PhysX] Initialized MultithreadedTaskDispatcher with 12 workers.
 -> (artifact id: '1a5482271494b2ec5b5c571e1791eae6') in 0.083342 seconds
Number of updated asset objects reloaded before import = 0
Number of asset objects unloaded after import = 2315
========================================================================
Received Prepare
Begin MonoManager ReloadAssembly
- Loaded All Assemblies, in  0.414 seconds
Refreshing native plugins compatible for Editor in 3.43 ms, found 3 plugins.
Native extension for UWP target not found
Native extension for LinuxStandalone target not found
Native extension for WindowsStandalone target not found
Native extension for iOS target not found
Native extension for Android target not found
Native extension for OSXStandalone target not found
Native extension for WebGL target not found
[MODES] ModeService[none].Initialize
[MODES] ModeService[none].LoadModes
[MODES] Loading mode Default (0) for mode-current-id-CodeSample
[Package Manager] Server::EnsureServerProcessIsRunning -- launch failed, reason: Unity was launched with the -noUpm command-line argument
[Package Manager] UpmClient::Send -- Unable to send message (not connected to UPM process).
[Package Manager] Cannot connect to Unity Package Manager local server
Mono: successfully reloaded assembly
- Finished resetting the current domain, in  1.214 seconds
Domain Reload Profiling: 1627ms
	BeginReloadAssembly (152ms)
		ExecutionOrderSort (0ms)
		DisableScriptedObjects (9ms)
		BackupInstance (0ms)
		ReleaseScriptingObjects (0ms)
		CreateAndSetChildDomain (49ms)
	RebuildCommonClasses (32ms)
	RebuildNativeTypeToScriptingClass (11ms)
	initialDomainReloadingComplete (22ms)
	LoadAllAssembliesAndSetupDomain (195ms)
		LoadAssemblies (240ms)
		RebuildTransferFunctionScriptingTraits (0ms)
		AnalyzeDomain (19ms)
			TypeCache.Refresh (6ms)
				TypeCache.ScanAssembly (0ms)
			ScanForSourceGeneratedMonoScriptInfo (0ms)
			ResolveRequiredComponents (12ms)
	FinalizeReload (1215ms)
		ReleaseScriptCaches (0ms)
		RebuildScriptCaches (0ms)
		SetupLoadedEditorAssemblies (553ms)
			LogAssemblyErrors (0ms)
			InitializePlatformSupportModulesInManaged (32ms)
			SetLoadedEditorAssemblies (3ms)
			RefreshPlugins (0ms)
			BeforeProcessingInitializeOnLoad (70ms)
			ProcessInitializeOnLoadAttributes (378ms)
			ProcessInitializeOnLoadMethodAttributes (66ms)
			AfterProcessingInitializeOnLoad (3ms)
			EditorAssembliesLoaded (0ms)
		ExecutionOrderSort2 (0ms)
		AwakeInstancesAfterBackupRestoration (21ms)
Refreshing native plugins compatible for Editor in 6.63 ms, found 3 plugins.
Preloading 0 native plugins for Editor in 0.00 ms.
Unloading 5599 Unused Serialized files (Serialized files now loaded: 0)
Unloading 57 unused Assets / (2.1 MB). Loaded Objects now: 6380.
Memory consumption went from 207.6 MB to 205.5 MB.
Total: 6.137100 ms (FindLiveObjects: 1.330300 ms CreateObjectMapping: 0.258300 ms MarkObjects: 4.024300 ms  DeleteObjects: 0.522800 ms)

Prepare: number of updated asset objects reloaded= 0
AssetImportParameters requested are different than current active one (requested -> active):
  custom:container-demuxer-ogg: 62fdf1f143b41e24485cea50d1cbac27 -> 
  custom:video-codec-MediaFoundation-h265: 746d11721c4dcdbdad8f713fa42b33f4 -> 
  custom:video-decoder-ogg-theora: a1e56fd34408186e4bbccfd4996cb3dc -> 
  custom:framework-win-MediaFoundation: 216162199b28c13a410421893ffa2e32 -> 
  custom:CustomObjectIndexerAttribute: 3ead1caaecf1c488f20bcfeb224b6af5 -> 
  custom:container-demuxer-webm: 4f35f7cbe854078d1ac9338744f61a02 -> 
  custom:container-muxer-webm: aa71ff27fc2769a1b78a27578f13a17b -> 
  custom:video-decoder-webm-vp8: 9c59270c3fd7afecdb556c50c9e8de78 -> 
  custom:SearchIndexIgnoredProperties: e643bd26f0fe6173181afceb89e7c659 -> 
  custom:AudioImporter_EditorPlatform: d09bf68614088b80899f8185d706f6e7 -> 
  custom:video-encoder-webm-vp8: eb34c28f22e8b96e1ab97ce403110664 -> 
  custom:audio-decoder-ogg-vorbis: bf7c407c2cedff20999df2af8eb42d56 -> 
  custom:audio-encoder-webm-vorbis: bf7c407c2cedff20999df2af8eb42d56 -> 
========================================================================
Received Import Request.
  Time since last request: 169.930365 seconds.
  path: Assets/Level.prefab
  artifactKey: Guid(cf94c161d902b944ba12c8a632bab518) Importer(815301076,1909f56bfc062723c751e8b465ee728b)
Start importing Assets/Level.prefab using Guid(cf94c161d902b944ba12c8a632bab518) Importer(815301076,1909f56bfc062723c751e8b465ee728b) [PhysX] Initialized MultithreadedTaskDispatcher with 12 workers.
[PhysX] Initialized MultithreadedTaskDispatcher with 12 workers.
 -> (artifact id: '19e9f3dd13417161a3b8c4fbd5dfde16') in 0.319772 seconds
Number of updated asset objects reloaded before import = 0
Number of asset objects unloaded after import = 1909
========================================================================
Received Import Request.
  Time since last request: 0.000030 seconds.
  path: Assets/Level 1.prefab
  artifactKey: Guid(cd86601b4d7a0334e8c39fedf507f74a) Importer(815301076,1909f56bfc062723c751e8b465ee728b)
Start importing Assets/Level 1.prefab using Guid(cd86601b4d7a0334e8c39fedf507f74a) Importer(815301076,1909f56bfc062723c751e8b465ee728b) [PhysX] Initialized MultithreadedTaskDispatcher with 12 workers.
[PhysX] Initialized MultithreadedTaskDispatcher with 12 workers.
 -> (artifact id: '037234ba03c316cae5df82380ab6fcf6') in 0.074452 seconds
Number of updated asset objects reloaded before import = 0
Number of asset objects unloaded after import = 1891
========================================================================
Received Import Request.
  Time since last request: 0.000035 seconds.
  path: Assets/Level.prefab
  artifactKey: Guid(cf94c161d902b944ba12c8a632bab518) Importer(815301076,1909f56bfc062723c751e8b465ee728b)
Start importing Assets/Level.prefab using Guid(cf94c161d902b944ba12c8a632bab518) Importer(815301076,1909f56bfc062723c751e8b465ee728b) [PhysX] Initialized MultithreadedTaskDispatcher with 12 workers.
[PhysX] Initialized MultithreadedTaskDispatcher with 12 workers.
 -> (artifact id: '974e45e271b509e4940308abb33f83ae') in 0.068374 seconds
Number of updated asset objects reloaded before import = 0
Number of asset objects unloaded after import = 1891
========================================================================
Received Import Request.
  Time since last request: 0.000054 seconds.
  path: Assets/Level 3.prefab
  artifactKey: Guid(73fd758d6ba55c246aac5a816b19def8) Importer(815301076,1909f56bfc062723c751e8b465ee728b)
Start importing Assets/Level 3.prefab using Guid(73fd758d6ba55c246aac5a816b19def8) Importer(815301076,1909f56bfc062723c751e8b465ee728b) [PhysX] Initialized MultithreadedTaskDispatcher with 12 workers.
[PhysX] Initialized MultithreadedTaskDispatcher with 12 workers.
 -> (artifact id: 'e2b4446cedfc3b7f230f5f39819034b7') in 0.076052 seconds
Number of updated asset objects reloaded before import = 0
Number of asset objects unloaded after import = 1891
Editor requested this worker to shutdown with reason: Scaling down because of idle timeout
TcpMessagingSession - receive error: operation aborted. errorcode: 995, details: The I/O operation has been aborted because of either a thread exit or an application request.
AssetImportWorker is now disconnected from the server
Process exiting
Exiting without the bug reporter. Application will terminate with return code 0