Using pre-set license
Built from '2022.3/staging' branch; Version is '2022.3.32f1 (c8300dc0a3fa) revision 13119501'; Using compiler version '192829333'; Build Type 'Release'
OS: 'Windows 11  (10.0.22631) 64bit Professional' Language: 'en' Physical Memory: 32694 MB
BatchMode: 1, IsHumanControllingUs: 0, StartBugReporterOnCrash: 0, Is64bit: 1, IsPro: 1

COMMAND LINE ARGUMENTS:
F:\Programs\Editor\2022.3.32f1\Editor\Unity.exe
-adb2
-batchMode
-noUpm
-name
AssetImportWorker1
-projectPath
C:/Users/Infer/Documents/GitHub/the-CodeSample/CodeSample
-logFile
Logs/AssetImportWorker1.log
-srvPort
52137
Successfully changed project path to: C:/Users/Infer/Documents/GitHub/the-CodeSample/CodeSample
C:/Users/Infer/Documents/GitHub/the-CodeSample/CodeSample
[UnityMemory] Configuration Parameters - Can be set up in boot.config
    "memorysetup-bucket-allocator-granularity=16"
    "memorysetup-bucket-allocator-bucket-count=8"
    "memorysetup-bucket-allocator-block-size=33554432"
    "memorysetup-bucket-allocator-block-count=8"
    "memorysetup-main-allocator-block-size=16777216"
    "memorysetup-thread-allocator-block-size=16777216"
    "memorysetup-gfx-main-allocator-block-size=16777216"
    "memorysetup-gfx-thread-allocator-block-size=16777216"
    "memorysetup-cache-allocator-block-size=4194304"
    "memorysetup-typetree-allocator-block-size=2097152"
    "memorysetup-profiler-bucket-allocator-granularity=16"
    "memorysetup-profiler-bucket-allocator-bucket-count=8"
    "memorysetup-profiler-bucket-allocator-block-size=33554432"
    "memorysetup-profiler-bucket-allocator-block-count=8"
    "memorysetup-profiler-allocator-block-size=16777216"
    "memorysetup-profiler-editor-allocator-block-size=1048576"
    "memorysetup-temp-allocator-size-main=16777216"
    "memorysetup-job-temp-allocator-block-size=2097152"
    "memorysetup-job-temp-allocator-block-size-background=1048576"
    "memorysetup-job-temp-allocator-reduction-small-platforms=262144"
    "memorysetup-allocator-temp-initial-block-size-main=262144"
    "memorysetup-allocator-temp-initial-block-size-worker=262144"
    "memorysetup-temp-allocator-size-background-worker=32768"
    "memorysetup-temp-allocator-size-job-worker=262144"
    "memorysetup-temp-allocator-size-preload-manager=33554432"
    "memorysetup-temp-allocator-size-nav-mesh-worker=65536"
    "memorysetup-temp-allocator-size-audio-worker=65536"
    "memorysetup-temp-allocator-size-cloud-worker=32768"
    "memorysetup-temp-allocator-size-gi-baking-worker=262144"
    "memorysetup-temp-allocator-size-gfx=262144"
Player connection [9584] Host "[IP] 192.168.1.60 [Port] 0 [Flags] 2 [Guid] 3774517596 [EditorId] 3774517596 [Version] 1048832 [Id] WindowsEditor(7,Victoria) [Debug] 1 [PackageName] WindowsEditor [ProjectName] Editor" joined multi-casting on [225.0.0.222:54997]...

Player connection [9584] Host "[IP] 192.168.1.60 [Port] 0 [Flags] 2 [Guid] 3774517596 [EditorId] 3774517596 [Version] 1048832 [Id] WindowsEditor(7,Victoria) [Debug] 1 [PackageName] WindowsEditor [ProjectName] Editor" joined alternative multi-casting on [225.0.0.222:34997]...

[PhysX] Initialized MultithreadedTaskDispatcher with 12 workers.
Refreshing native plugins compatible for Editor in 1427.41 ms, found 3 plugins.
Preloading 0 native plugins for Editor in 0.00 ms.
Initialize engine version: 2022.3.32f1 (c8300dc0a3fa)
[Subsystems] Discovering subsystems at path F:/Programs/Editor/2022.3.32f1/Editor/Data/Resources/UnitySubsystems
[Subsystems] Discovering subsystems at path C:/Users/Infer/Documents/GitHub/the-CodeSample/CodeSample/Assets
GfxDevice: creating device client; threaded=0; jobified=0
Direct3D:
    Version:  Direct3D 11.0 [level 11.1]
    Renderer: NVIDIA GeForce RTX 3060 (ID=0x2504)
    Vendor:   NVIDIA
    VRAM:     12115 MB
    Driver:   32.0.15.5599
Initialize mono
Mono path[0] = 'F:/Programs/Editor/2022.3.32f1/Editor/Data/Managed'
Mono path[1] = 'F:/Programs/Editor/2022.3.32f1/Editor/Data/MonoBleedingEdge/lib/mono/unityjit-win32'
Mono config path = 'F:/Programs/Editor/2022.3.32f1/Editor/Data/MonoBleedingEdge/etc'
Using monoOptions --debugger-agent=transport=dt_socket,embedding=1,server=y,suspend=n,address=127.0.0.1:56716
Begin MonoManager ReloadAssembly
Registering precompiled unity dll's ...
Register platform support module: F:/Programs/Editor/2022.3.32f1/Editor/Data/PlaybackEngines/WebGLSupport/UnityEditor.WebGL.Extensions.dll
Register platform support module: F:/Programs/Editor/2022.3.32f1/Editor/Data/PlaybackEngines/MacStandaloneSupport/UnityEditor.OSXStandalone.Extensions.dll
Register platform support module: F:/Programs/Editor/2022.3.32f1/Editor/Data/PlaybackEngines/AndroidPlayer/UnityEditor.Android.Extensions.dll
Register platform support module: F:/Programs/Editor/2022.3.32f1/Editor/Data/PlaybackEngines/iOSSupport/UnityEditor.iOS.Extensions.dll
Register platform support module: F:/Programs/Editor/2022.3.32f1/Editor/Data/PlaybackEngines/WindowsStandaloneSupport/UnityEditor.WindowsStandalone.Extensions.dll
Register platform support module: F:/Programs/Editor/2022.3.32f1/Editor/Data/PlaybackEngines/LinuxStandaloneSupport/UnityEditor.LinuxStandalone.Extensions.dll
Register platform support module: F:/Programs/Editor/2022.3.32f1/Editor/Data/PlaybackEngines/MetroSupport/UnityEditor.UWP.Extensions.dll
Registered in 0.763822 seconds.
- Loaded All Assemblies, in  6.910 seconds
Native extension for UWP target not found
Native extension for LinuxStandalone target not found
Native extension for WindowsStandalone target not found
[usbmuxd] Start listen thread
[usbmuxd] Listen thread started
Native extension for iOS target not found
Native extension for Android target not found
Android Extension - Scanning For ADB Devices 527 ms
Native extension for OSXStandalone target not found
Native extension for WebGL target not found
Mono: successfully reloaded assembly
- Finished resetting the current domain, in  1.174 seconds
Domain Reload Profiling: 8084ms
	BeginReloadAssembly (4377ms)
		ExecutionOrderSort (0ms)
		DisableScriptedObjects (0ms)
		BackupInstance (0ms)
		ReleaseScriptingObjects (0ms)
		CreateAndSetChildDomain (1ms)
	RebuildCommonClasses (377ms)
	RebuildNativeTypeToScriptingClass (11ms)
	initialDomainReloadingComplete (808ms)
	LoadAllAssembliesAndSetupDomain (1337ms)
		LoadAssemblies (4378ms)
		RebuildTransferFunctionScriptingTraits (0ms)
		AnalyzeDomain (1334ms)
			TypeCache.Refresh (1333ms)
				TypeCache.ScanAssembly (1101ms)
			ScanForSourceGeneratedMonoScriptInfo (0ms)
			ResolveRequiredComponents (1ms)
	FinalizeReload (1174ms)
		ReleaseScriptCaches (0ms)
		RebuildScriptCaches (0ms)
		SetupLoadedEditorAssemblies (1115ms)
			LogAssemblyErrors (0ms)
			InitializePlatformSupportModulesInManaged (956ms)
			SetLoadedEditorAssemblies (3ms)
			RefreshPlugins (0ms)
			BeforeProcessingInitializeOnLoad (2ms)
			ProcessInitializeOnLoadAttributes (107ms)
			ProcessInitializeOnLoadMethodAttributes (47ms)
			AfterProcessingInitializeOnLoad (0ms)
			EditorAssembliesLoaded (0ms)
		ExecutionOrderSort2 (0ms)
		AwakeInstancesAfterBackupRestoration (0ms)
========================================================================
Worker process is ready to serve import requests
Begin MonoManager ReloadAssembly
- Loaded All Assemblies, in  7.512 seconds
Refreshing native plugins compatible for Editor in 3.98 ms, found 3 plugins.
Native extension for UWP target not found
Native extension for LinuxStandalone target not found
Native extension for WindowsStandalone target not found
Native extension for iOS target not found
Native extension for Android target not found
Native extension for OSXStandalone target not found
Native extension for WebGL target not found
Error saving file Library/StateCache/LayerSettings/9e/9ecc5c3c162a7aba29bafa64c8b94b7c.json. Error: System.IO.IOException: Sharing violation on path C:\Users\Infer\Documents\GitHub\the-CodeSample\CodeSample\Library\StateCache\LayerSettings\9e\9ecc5c3c162a7aba29bafa64c8b94b7c.json
  at System.IO.FileStream..ctor (System.String path, System.IO.FileMode mode, System.IO.FileAccess access, System.IO.FileShare share, System.Int32 bufferSize, System.Boolean anonymous, System.IO.FileOptions options) [0x0019e] in <467a840a914a47078e4ae9b0b1e8779e>:0 
  at System.IO.FileStream..ctor (System.String path, System.IO.FileMode mode, System.IO.FileAccess access, System.IO.FileShare share, System.Int32 bufferSize, System.IO.FileOptions options) [0x00000] in <467a840a914a47078e4ae9b0b1e8779e>:0 
  at (wrapper remoting-invoke-with-check) System.IO.FileStream..ctor(string,System.IO.FileMode,System.IO.FileAccess,System.IO.FileShare,int,System.IO.FileOptions)
  at System.IO.StreamWriter..ctor (System.String path, System.Boolean append, System.Text.Encoding encoding, System.Int32 bufferSize) [0x00055] in <467a840a914a47078e4ae9b0b1e8779e>:0 
  at System.IO.StreamWriter..ctor (System.String path, System.Boolean append, System.Text.Encoding encoding) [0x00000] in <467a840a914a47078e4ae9b0b1e8779e>:0 
  at (wrapper remoting-invoke-with-check) System.IO.StreamWriter..ctor(string,bool,System.Text.Encoding)
  at System.IO.File.WriteAllText (System.String path, System.String contents, System.Text.Encoding encoding) [0x00034] in <467a840a914a47078e4ae9b0b1e8779e>:0 
  at UnityEditor.StateCache`1[T].SetState (UnityEngine.Hash128 key, T obj) [0x0004b] in <3d611f181d2047d0a4666e5262482490>:0 
UnityEngine.StackTraceUtility:ExtractStackTrace ()
UnityEngine.DebugLogHandler:LogFormat (UnityEngine.LogType,UnityEngine.Object,string,object[])
UnityEngine.Logger:Log (UnityEngine.LogType,object)
UnityEngine.Debug:LogError (object)
UnityEditor.StateCache`1<UnityEditor.Tools/LayerSettings>:SetState (UnityEngine.Hash128,UnityEditor.Tools/LayerSettings)
UnityEditor.Tools:set_lockedLayers (int)
UnityEditor.Tools:OnEnable ()
UnityEngine.ScriptableObject:CreateInstance (System.Type)
UnityEngine.ScriptableObject:CreateInstance<UnityEditor.Tools> ()
UnityEditor.Tools:get_get ()
UnityEditor.Tools:get_visibleLayers ()
UnityEditor.Animations.Rigging.BoneRendererUtils:.cctor () (at ./Library/PackageCache/com.unity.animation.rigging@1.2.1/Editor/Utils/BoneRendererUtils.cs:121)
System.Runtime.CompilerServices.RuntimeHelpers:RunClassConstructor (System.RuntimeTypeHandle)
UnityEditor.EditorAssemblies:ProcessInitializeOnLoadAttributes (System.Type[])

(Filename: ./Library/PackageCache/com.unity.animation.rigging@1.2.1/Editor/Utils/BoneRendererUtils.cs Line: 121)

[MODES] ModeService[none].Initialize
[MODES] ModeService[none].LoadModes
[MODES] Loading mode Default (0) for mode-current-id-CodeSample
Package Manager log level set to [2]
[Package Manager] Server::EnsureServerProcessIsRunning -- launch failed, reason: Unity was launched with the -noUpm command-line argument
[Package Manager] UpmClient::Send -- Unable to send message (not connected to UPM process).
[Package Manager] Cannot connect to Unity Package Manager local server
Mono: successfully reloaded assembly
- Finished resetting the current domain, in  0.822 seconds
Domain Reload Profiling: 8332ms
	BeginReloadAssembly (141ms)
		ExecutionOrderSort (0ms)
		DisableScriptedObjects (7ms)
		BackupInstance (0ms)
		ReleaseScriptingObjects (0ms)
		CreateAndSetChildDomain (23ms)
	RebuildCommonClasses (33ms)
	RebuildNativeTypeToScriptingClass (11ms)
	initialDomainReloadingComplete (42ms)
	LoadAllAssembliesAndSetupDomain (7283ms)
		LoadAssemblies (6712ms)
		RebuildTransferFunctionScriptingTraits (0ms)
		AnalyzeDomain (649ms)
			TypeCache.Refresh (611ms)
				TypeCache.ScanAssembly (556ms)
			ScanForSourceGeneratedMonoScriptInfo (25ms)
			ResolveRequiredComponents (12ms)
	FinalizeReload (822ms)
		ReleaseScriptCaches (0ms)
		RebuildScriptCaches (0ms)
		SetupLoadedEditorAssemblies (633ms)
			LogAssemblyErrors (0ms)
			InitializePlatformSupportModulesInManaged (36ms)
			SetLoadedEditorAssemblies (3ms)
			RefreshPlugins (0ms)
			BeforeProcessingInitializeOnLoad (73ms)
			ProcessInitializeOnLoadAttributes (447ms)
			ProcessInitializeOnLoadMethodAttributes (70ms)
			AfterProcessingInitializeOnLoad (2ms)
			EditorAssembliesLoaded (0ms)
		ExecutionOrderSort2 (0ms)
		AwakeInstancesAfterBackupRestoration (5ms)
Launched and connected shader compiler UnityShaderCompiler.exe after 0.14 seconds
Refreshing native plugins compatible for Editor in 4.99 ms, found 3 plugins.
Preloading 0 native plugins for Editor in 0.00 ms.
Unloading 5799 Unused Serialized files (Serialized files now loaded: 0)
Unloading 100 unused Assets / (2.1 MB). Loaded Objects now: 6254.
Memory consumption went from 244.2 MB to 242.0 MB.
Total: 5.767400 ms (FindLiveObjects: 0.517700 ms CreateObjectMapping: 0.171400 ms MarkObjects: 4.367100 ms  DeleteObjects: 0.709700 ms)

AssetImportParameters requested are different than current active one (requested -> active):
  custom:container-demuxer-ogg: 62fdf1f143b41e24485cea50d1cbac27 -> 
  custom:video-codec-MediaFoundation-h265: 746d11721c4dcdbdad8f713fa42b33f4 -> 
  custom:video-decoder-ogg-theora: a1e56fd34408186e4bbccfd4996cb3dc -> 
  custom:framework-win-MediaFoundation: 216162199b28c13a410421893ffa2e32 -> 
  custom:CustomObjectIndexerAttribute: 3ead1caaecf1c488f20bcfeb224b6af5 -> 
  custom:container-demuxer-webm: 4f35f7cbe854078d1ac9338744f61a02 -> 
  custom:container-muxer-webm: aa71ff27fc2769a1b78a27578f13a17b -> 
  custom:video-decoder-webm-vp8: 9c59270c3fd7afecdb556c50c9e8de78 -> 
  custom:SearchIndexIgnoredProperties: e643bd26f0fe6173181afceb89e7c659 -> 
  custom:AudioImporter_EditorPlatform: d09bf68614088b80899f8185d706f6e7 -> 
  custom:video-encoder-webm-vp8: eb34c28f22e8b96e1ab97ce403110664 -> 
  custom:audio-decoder-ogg-vorbis: bf7c407c2cedff20999df2af8eb42d56 -> 
  custom:audio-encoder-webm-vorbis: bf7c407c2cedff20999df2af8eb42d56 -> 
========================================================================
Received Import Request.
  Time since last request: 1993.492728 seconds.
  path: Assets/Level Start.prefab
  artifactKey: Guid(3eb4290fc255c26469b8bcb5d013e9ad) Importer(815301076,1909f56bfc062723c751e8b465ee728b)
Start importing Assets/Level Start.prefab using Guid(3eb4290fc255c26469b8bcb5d013e9ad) Importer(815301076,1909f56bfc062723c751e8b465ee728b) [PhysX] Initialized MultithreadedTaskDispatcher with 12 workers.
[PhysX] Initialized MultithreadedTaskDispatcher with 12 workers.
 -> (artifact id: '779aee537c6dc6f24d4df65ab549feee') in 0.498375 seconds
Number of updated asset objects reloaded before import = 0
Number of asset objects unloaded after import = 2314
========================================================================
Received Import Request.
  Time since last request: 0.000041 seconds.
  path: Assets/Level End.prefab
  artifactKey: Guid(397a22786b2c18f4baad5589f18c48ce) Importer(815301076,1909f56bfc062723c751e8b465ee728b)
Start importing Assets/Level End.prefab using Guid(397a22786b2c18f4baad5589f18c48ce) Importer(815301076,1909f56bfc062723c751e8b465ee728b) [PhysX] Initialized MultithreadedTaskDispatcher with 12 workers.
[PhysX] Initialized MultithreadedTaskDispatcher with 12 workers.
 -> (artifact id: 'd6f9cd1bc4432d07d99731fcaa122eaa') in 0.083699 seconds
Number of updated asset objects reloaded before import = 0
Number of asset objects unloaded after import = 1890
========================================================================
Received Import Request.
  Time since last request: 2.068048 seconds.
  path: Assets/Level 2.prefab
  artifactKey: Guid(4e216a9dbf6dd2e46a44d024717d4021) Importer(815301076,1909f56bfc062723c751e8b465ee728b)
Start importing Assets/Level 2.prefab using Guid(4e216a9dbf6dd2e46a44d024717d4021) Importer(815301076,1909f56bfc062723c751e8b465ee728b) [PhysX] Initialized MultithreadedTaskDispatcher with 12 workers.
[PhysX] Initialized MultithreadedTaskDispatcher with 12 workers.
 -> (artifact id: 'e83aeac5b3fe0512ec34ec0253c4481d') in 0.074437 seconds
Number of updated asset objects reloaded before import = 0
Number of asset objects unloaded after import = 1890
========================================================================
Received Import Request.
  Time since last request: 0.000025 seconds.
  path: Assets/Level 3.prefab
  artifactKey: Guid(73fd758d6ba55c246aac5a816b19def8) Importer(815301076,1909f56bfc062723c751e8b465ee728b)
Start importing Assets/Level 3.prefab using Guid(73fd758d6ba55c246aac5a816b19def8) Importer(815301076,1909f56bfc062723c751e8b465ee728b) [PhysX] Initialized MultithreadedTaskDispatcher with 12 workers.
[PhysX] Initialized MultithreadedTaskDispatcher with 12 workers.
 -> (artifact id: '2304d01695b3577a03135452daa27d16') in 0.084433 seconds
Number of updated asset objects reloaded before import = 0
Number of asset objects unloaded after import = 1890
========================================================================
Received Import Request.
  Time since last request: 8.140210 seconds.
  path: Assets/Level 2.prefab
  artifactKey: Guid(4e216a9dbf6dd2e46a44d024717d4021) Importer(815301076,1909f56bfc062723c751e8b465ee728b)
Start importing Assets/Level 2.prefab using Guid(4e216a9dbf6dd2e46a44d024717d4021) Importer(815301076,1909f56bfc062723c751e8b465ee728b) [PhysX] Initialized MultithreadedTaskDispatcher with 12 workers.
[PhysX] Initialized MultithreadedTaskDispatcher with 12 workers.
 -> (artifact id: 'a1f25abf985153904dd7aa52ac75120e') in 0.079864 seconds
Number of updated asset objects reloaded before import = 0
Number of asset objects unloaded after import = 1890
========================================================================
Received Import Request.
  Time since last request: 0.000026 seconds.
  path: Assets/Level End.prefab
  artifactKey: Guid(397a22786b2c18f4baad5589f18c48ce) Importer(815301076,1909f56bfc062723c751e8b465ee728b)
Start importing Assets/Level End.prefab using Guid(397a22786b2c18f4baad5589f18c48ce) Importer(815301076,1909f56bfc062723c751e8b465ee728b) [PhysX] Initialized MultithreadedTaskDispatcher with 12 workers.
[PhysX] Initialized MultithreadedTaskDispatcher with 12 workers.
 -> (artifact id: '139d2a18cff4bcebda4dc3498d70b625') in 0.072459 seconds
Number of updated asset objects reloaded before import = 0
Number of asset objects unloaded after import = 1890
========================================================================
Received Import Request.
  Time since last request: 11.548905 seconds.
  path: Assets/Level 2.prefab
  artifactKey: Guid(4e216a9dbf6dd2e46a44d024717d4021) Importer(815301076,1909f56bfc062723c751e8b465ee728b)
Start importing Assets/Level 2.prefab using Guid(4e216a9dbf6dd2e46a44d024717d4021) Importer(815301076,1909f56bfc062723c751e8b465ee728b) [PhysX] Initialized MultithreadedTaskDispatcher with 12 workers.
[PhysX] Initialized MultithreadedTaskDispatcher with 12 workers.
 -> (artifact id: 'f3d7a274dfe26dbd40ac4aca0f8eb37a') in 0.078265 seconds
Number of updated asset objects reloaded before import = 0
Number of asset objects unloaded after import = 1890
========================================================================
Received Import Request.
  Time since last request: 0.000060 seconds.
  path: Assets/Level Start.prefab
  artifactKey: Guid(3eb4290fc255c26469b8bcb5d013e9ad) Importer(815301076,1909f56bfc062723c751e8b465ee728b)
Start importing Assets/Level Start.prefab using Guid(3eb4290fc255c26469b8bcb5d013e9ad) Importer(815301076,1909f56bfc062723c751e8b465ee728b) [PhysX] Initialized MultithreadedTaskDispatcher with 12 workers.
[PhysX] Initialized MultithreadedTaskDispatcher with 12 workers.
 -> (artifact id: '6285c6a39461c1ef08b09df0d7eb9545') in 0.079972 seconds
Number of updated asset objects reloaded before import = 0
Number of asset objects unloaded after import = 2314
========================================================================
Received Import Request.
  Time since last request: 7.719896 seconds.
  path: Assets/Level 2.prefab
  artifactKey: Guid(4e216a9dbf6dd2e46a44d024717d4021) Importer(815301076,1909f56bfc062723c751e8b465ee728b)
Start importing Assets/Level 2.prefab using Guid(4e216a9dbf6dd2e46a44d024717d4021) Importer(815301076,1909f56bfc062723c751e8b465ee728b) [PhysX] Initialized MultithreadedTaskDispatcher with 12 workers.
[PhysX] Initialized MultithreadedTaskDispatcher with 12 workers.
 -> (artifact id: '2c381ab97c0bee95f8be843e3ca6e780') in 0.067505 seconds
Number of updated asset objects reloaded before import = 0
Number of asset objects unloaded after import = 1890
========================================================================
Received Import Request.
  Time since last request: 0.000029 seconds.
  path: Assets/Level Start.prefab
  artifactKey: Guid(3eb4290fc255c26469b8bcb5d013e9ad) Importer(815301076,1909f56bfc062723c751e8b465ee728b)
Start importing Assets/Level Start.prefab using Guid(3eb4290fc255c26469b8bcb5d013e9ad) Importer(815301076,1909f56bfc062723c751e8b465ee728b) [PhysX] Initialized MultithreadedTaskDispatcher with 12 workers.
[PhysX] Initialized MultithreadedTaskDispatcher with 12 workers.
 -> (artifact id: 'dc414c35017067ef2e47e5a35f4cffde') in 0.079948 seconds
Number of updated asset objects reloaded before import = 0
Number of asset objects unloaded after import = 2314
========================================================================
Received Import Request.
  Time since last request: 20.533189 seconds.
  path: Assets/Level 2.prefab
  artifactKey: Guid(4e216a9dbf6dd2e46a44d024717d4021) Importer(815301076,1909f56bfc062723c751e8b465ee728b)
Start importing Assets/Level 2.prefab using Guid(4e216a9dbf6dd2e46a44d024717d4021) Importer(815301076,1909f56bfc062723c751e8b465ee728b) [PhysX] Initialized MultithreadedTaskDispatcher with 12 workers.
[PhysX] Initialized MultithreadedTaskDispatcher with 12 workers.
 -> (artifact id: '6e5d1d175b7a7d504e0c71efb7852947') in 0.073146 seconds
Number of updated asset objects reloaded before import = 0
Number of asset objects unloaded after import = 1891
========================================================================
Received Import Request.
  Time since last request: 0.000028 seconds.
  path: Assets/Level 3.prefab
  artifactKey: Guid(73fd758d6ba55c246aac5a816b19def8) Importer(815301076,1909f56bfc062723c751e8b465ee728b)
Start importing Assets/Level 3.prefab using Guid(73fd758d6ba55c246aac5a816b19def8) Importer(815301076,1909f56bfc062723c751e8b465ee728b) [PhysX] Initialized MultithreadedTaskDispatcher with 12 workers.
[PhysX] Initialized MultithreadedTaskDispatcher with 12 workers.
 -> (artifact id: '42dca6c6106f7094f35f7c4dab52d23a') in 0.073435 seconds
Number of updated asset objects reloaded before import = 0
Number of asset objects unloaded after import = 1891
========================================================================
Received Import Request.
  Time since last request: 1.605776 seconds.
  path: Assets/Level 2.prefab
  artifactKey: Guid(4e216a9dbf6dd2e46a44d024717d4021) Importer(815301076,1909f56bfc062723c751e8b465ee728b)
Start importing Assets/Level 2.prefab using Guid(4e216a9dbf6dd2e46a44d024717d4021) Importer(815301076,1909f56bfc062723c751e8b465ee728b) [PhysX] Initialized MultithreadedTaskDispatcher with 12 workers.
[PhysX] Initialized MultithreadedTaskDispatcher with 12 workers.
 -> (artifact id: '78fc4f0a3d4ca6dc134ee72268c64d18') in 0.071537 seconds
Number of updated asset objects reloaded before import = 0
Number of asset objects unloaded after import = 1891
========================================================================
Received Import Request.
  Time since last request: 0.000029 seconds.
  path: Assets/Level Start.prefab
  artifactKey: Guid(3eb4290fc255c26469b8bcb5d013e9ad) Importer(815301076,1909f56bfc062723c751e8b465ee728b)
Start importing Assets/Level Start.prefab using Guid(3eb4290fc255c26469b8bcb5d013e9ad) Importer(815301076,1909f56bfc062723c751e8b465ee728b) [PhysX] Initialized MultithreadedTaskDispatcher with 12 workers.
[PhysX] Initialized MultithreadedTaskDispatcher with 12 workers.
 -> (artifact id: '0764e7245cf1fc130e1101c7db49838f') in 0.084262 seconds
Number of updated asset objects reloaded before import = 0
Number of asset objects unloaded after import = 2315
========================================================================
Received Import Request.
  Time since last request: 13.565003 seconds.
  path: Assets/Level 2.prefab
  artifactKey: Guid(4e216a9dbf6dd2e46a44d024717d4021) Importer(815301076,1909f56bfc062723c751e8b465ee728b)
Start importing Assets/Level 2.prefab using Guid(4e216a9dbf6dd2e46a44d024717d4021) Importer(815301076,1909f56bfc062723c751e8b465ee728b) [PhysX] Initialized MultithreadedTaskDispatcher with 12 workers.
[PhysX] Initialized MultithreadedTaskDispatcher with 12 workers.
 -> (artifact id: '777614d4cd724f5556df20395b8d3bd2') in 0.070037 seconds
Number of updated asset objects reloaded before import = 0
Number of asset objects unloaded after import = 1891
========================================================================
Received Import Request.
  Time since last request: 0.000034 seconds.
  path: Assets/Level Start.prefab
  artifactKey: Guid(3eb4290fc255c26469b8bcb5d013e9ad) Importer(815301076,1909f56bfc062723c751e8b465ee728b)
Start importing Assets/Level Start.prefab using Guid(3eb4290fc255c26469b8bcb5d013e9ad) Importer(815301076,1909f56bfc062723c751e8b465ee728b) [PhysX] Initialized MultithreadedTaskDispatcher with 12 workers.
[PhysX] Initialized MultithreadedTaskDispatcher with 12 workers.
 -> (artifact id: '7289a89baad1d0e068a2a61318909898') in 0.079802 seconds
Number of updated asset objects reloaded before import = 0
Number of asset objects unloaded after import = 2315
========================================================================
Received Import Request.
  Time since last request: 3.860885 seconds.
  path: Assets/Level 2.prefab
  artifactKey: Guid(4e216a9dbf6dd2e46a44d024717d4021) Importer(815301076,1909f56bfc062723c751e8b465ee728b)
Start importing Assets/Level 2.prefab using Guid(4e216a9dbf6dd2e46a44d024717d4021) Importer(815301076,1909f56bfc062723c751e8b465ee728b) [PhysX] Initialized MultithreadedTaskDispatcher with 12 workers.
[PhysX] Initialized MultithreadedTaskDispatcher with 12 workers.
 -> (artifact id: '6da2ed9e9467ec24ec67462112893579') in 0.069808 seconds
Number of updated asset objects reloaded before import = 0
Number of asset objects unloaded after import = 1891
========================================================================
Received Import Request.
  Time since last request: 0.000031 seconds.
  path: Assets/Level Start.prefab
  artifactKey: Guid(3eb4290fc255c26469b8bcb5d013e9ad) Importer(815301076,1909f56bfc062723c751e8b465ee728b)
Start importing Assets/Level Start.prefab using Guid(3eb4290fc255c26469b8bcb5d013e9ad) Importer(815301076,1909f56bfc062723c751e8b465ee728b) [PhysX] Initialized MultithreadedTaskDispatcher with 12 workers.
[PhysX] Initialized MultithreadedTaskDispatcher with 12 workers.
 -> (artifact id: '4903f3715de23712778f6df504e8e897') in 0.082516 seconds
Number of updated asset objects reloaded before import = 0
Number of asset objects unloaded after import = 2315
========================================================================
Received Import Request.
  Time since last request: 2.045378 seconds.
  path: Assets/Level 2.prefab
  artifactKey: Guid(4e216a9dbf6dd2e46a44d024717d4021) Importer(815301076,1909f56bfc062723c751e8b465ee728b)
Start importing Assets/Level 2.prefab using Guid(4e216a9dbf6dd2e46a44d024717d4021) Importer(815301076,1909f56bfc062723c751e8b465ee728b) [PhysX] Initialized MultithreadedTaskDispatcher with 12 workers.
[PhysX] Initialized MultithreadedTaskDispatcher with 12 workers.
 -> (artifact id: 'a3d4b0d00887c8576632b106f68dfd15') in 0.066114 seconds
Number of updated asset objects reloaded before import = 0
Number of asset objects unloaded after import = 1891
========================================================================
Received Import Request.
  Time since last request: 0.000033 seconds.
  path: Assets/Level 3.prefab
  artifactKey: Guid(73fd758d6ba55c246aac5a816b19def8) Importer(815301076,1909f56bfc062723c751e8b465ee728b)
Start importing Assets/Level 3.prefab using Guid(73fd758d6ba55c246aac5a816b19def8) Importer(815301076,1909f56bfc062723c751e8b465ee728b) [PhysX] Initialized MultithreadedTaskDispatcher with 12 workers.
[PhysX] Initialized MultithreadedTaskDispatcher with 12 workers.
 -> (artifact id: '522845f4285140870ac8cd853fdeb072') in 0.073900 seconds
Number of updated asset objects reloaded before import = 0
Number of asset objects unloaded after import = 1891
========================================================================
Received Import Request.
  Time since last request: 5.508517 seconds.
  path: Assets/Level 2.prefab
  artifactKey: Guid(4e216a9dbf6dd2e46a44d024717d4021) Importer(815301076,1909f56bfc062723c751e8b465ee728b)
Start importing Assets/Level 2.prefab using Guid(4e216a9dbf6dd2e46a44d024717d4021) Importer(815301076,1909f56bfc062723c751e8b465ee728b) [PhysX] Initialized MultithreadedTaskDispatcher with 12 workers.
[PhysX] Initialized MultithreadedTaskDispatcher with 12 workers.
 -> (artifact id: '425aa4f0a97d6a11bac84d54097fb559') in 0.074359 seconds
Number of updated asset objects reloaded before import = 0
Number of asset objects unloaded after import = 1891
========================================================================
Received Import Request.
  Time since last request: 0.000029 seconds.
  path: Assets/Level End.prefab
  artifactKey: Guid(397a22786b2c18f4baad5589f18c48ce) Importer(815301076,1909f56bfc062723c751e8b465ee728b)
Start importing Assets/Level End.prefab using Guid(397a22786b2c18f4baad5589f18c48ce) Importer(815301076,1909f56bfc062723c751e8b465ee728b) [PhysX] Initialized MultithreadedTaskDispatcher with 12 workers.
[PhysX] Initialized MultithreadedTaskDispatcher with 12 workers.
 -> (artifact id: '0e142c4949083bc50a534ae56407169f') in 0.077777 seconds
Number of updated asset objects reloaded before import = 0
Number of asset objects unloaded after import = 1891
========================================================================
Received Import Request.
  Time since last request: 4.114695 seconds.
  path: Assets/Level 2.prefab
  artifactKey: Guid(4e216a9dbf6dd2e46a44d024717d4021) Importer(815301076,1909f56bfc062723c751e8b465ee728b)
Start importing Assets/Level 2.prefab using Guid(4e216a9dbf6dd2e46a44d024717d4021) Importer(815301076,1909f56bfc062723c751e8b465ee728b) [PhysX] Initialized MultithreadedTaskDispatcher with 12 workers.
[PhysX] Initialized MultithreadedTaskDispatcher with 12 workers.
 -> (artifact id: '5c231ebbe67099d4625011c54b68e0ae') in 0.070672 seconds
Number of updated asset objects reloaded before import = 0
Number of asset objects unloaded after import = 1891
========================================================================
Received Import Request.
  Time since last request: 0.000036 seconds.
  path: Assets/Level Start.prefab
  artifactKey: Guid(3eb4290fc255c26469b8bcb5d013e9ad) Importer(815301076,1909f56bfc062723c751e8b465ee728b)
Start importing Assets/Level Start.prefab using Guid(3eb4290fc255c26469b8bcb5d013e9ad) Importer(815301076,1909f56bfc062723c751e8b465ee728b) [PhysX] Initialized MultithreadedTaskDispatcher with 12 workers.
[PhysX] Initialized MultithreadedTaskDispatcher with 12 workers.
 -> (artifact id: 'b9b7dedaaf6d66b920cebb9878871e88') in 0.085879 seconds
Number of updated asset objects reloaded before import = 0
Number of asset objects unloaded after import = 2315
========================================================================
Received Import Request.
  Time since last request: 11.370599 seconds.
  path: Assets/Level 2.prefab
  artifactKey: Guid(4e216a9dbf6dd2e46a44d024717d4021) Importer(815301076,1909f56bfc062723c751e8b465ee728b)
Start importing Assets/Level 2.prefab using Guid(4e216a9dbf6dd2e46a44d024717d4021) Importer(815301076,1909f56bfc062723c751e8b465ee728b) [PhysX] Initialized MultithreadedTaskDispatcher with 12 workers.
[PhysX] Initialized MultithreadedTaskDispatcher with 12 workers.
 -> (artifact id: 'bfa4256aa4e5ba9941c94f4b25bfebce') in 0.075571 seconds
Number of updated asset objects reloaded before import = 0
Number of asset objects unloaded after import = 1891
========================================================================
Received Import Request.
  Time since last request: 0.000033 seconds.
  path: Assets/Level 3.prefab
  artifactKey: Guid(73fd758d6ba55c246aac5a816b19def8) Importer(815301076,1909f56bfc062723c751e8b465ee728b)
Start importing Assets/Level 3.prefab using Guid(73fd758d6ba55c246aac5a816b19def8) Importer(815301076,1909f56bfc062723c751e8b465ee728b) [PhysX] Initialized MultithreadedTaskDispatcher with 12 workers.
[PhysX] Initialized MultithreadedTaskDispatcher with 12 workers.
 -> (artifact id: '472f6f0b282a85cd5516bac9829dd18d') in 0.073878 seconds
Number of updated asset objects reloaded before import = 0
Number of asset objects unloaded after import = 1891
========================================================================
Received Import Request.
  Time since last request: 7.261016 seconds.
  path: Assets/Level 2.prefab
  artifactKey: Guid(4e216a9dbf6dd2e46a44d024717d4021) Importer(815301076,1909f56bfc062723c751e8b465ee728b)
Start importing Assets/Level 2.prefab using Guid(4e216a9dbf6dd2e46a44d024717d4021) Importer(815301076,1909f56bfc062723c751e8b465ee728b) [PhysX] Initialized MultithreadedTaskDispatcher with 12 workers.
[PhysX] Initialized MultithreadedTaskDispatcher with 12 workers.
 -> (artifact id: '2a448b12df22157f5a1635f33a64375a') in 0.073039 seconds
Number of updated asset objects reloaded before import = 0
Number of asset objects unloaded after import = 1891
========================================================================
Received Import Request.
  Time since last request: 0.000030 seconds.
  path: Assets/Level Start.prefab
  artifactKey: Guid(3eb4290fc255c26469b8bcb5d013e9ad) Importer(815301076,1909f56bfc062723c751e8b465ee728b)
Start importing Assets/Level Start.prefab using Guid(3eb4290fc255c26469b8bcb5d013e9ad) Importer(815301076,1909f56bfc062723c751e8b465ee728b) [PhysX] Initialized MultithreadedTaskDispatcher with 12 workers.
[PhysX] Initialized MultithreadedTaskDispatcher with 12 workers.
 -> (artifact id: 'e5302cf7084d2b55402c7359db311a9c') in 0.085618 seconds
Number of updated asset objects reloaded before import = 0
Number of asset objects unloaded after import = 2315
========================================================================
Received Import Request.
  Time since last request: 5.853650 seconds.
  path: Assets/Level 2.prefab
  artifactKey: Guid(4e216a9dbf6dd2e46a44d024717d4021) Importer(815301076,1909f56bfc062723c751e8b465ee728b)
Start importing Assets/Level 2.prefab using Guid(4e216a9dbf6dd2e46a44d024717d4021) Importer(815301076,1909f56bfc062723c751e8b465ee728b) [PhysX] Initialized MultithreadedTaskDispatcher with 12 workers.
[PhysX] Initialized MultithreadedTaskDispatcher with 12 workers.
 -> (artifact id: '2824f6f4da71c52f75afc2d053d77710') in 0.065935 seconds
Number of updated asset objects reloaded before import = 0
Number of asset objects unloaded after import = 1891
========================================================================
Received Import Request.
  Time since last request: 0.000023 seconds.
  path: Assets/Level Start.prefab
  artifactKey: Guid(3eb4290fc255c26469b8bcb5d013e9ad) Importer(815301076,1909f56bfc062723c751e8b465ee728b)
Start importing Assets/Level Start.prefab using Guid(3eb4290fc255c26469b8bcb5d013e9ad) Importer(815301076,1909f56bfc062723c751e8b465ee728b) [PhysX] Initialized MultithreadedTaskDispatcher with 12 workers.
[PhysX] Initialized MultithreadedTaskDispatcher with 12 workers.
 -> (artifact id: 'cae90f3006a0e5bc9ab93e041e199861') in 0.087524 seconds
Number of updated asset objects reloaded before import = 0
Number of asset objects unloaded after import = 2315
========================================================================
Received Import Request.
  Time since last request: 0.487151 seconds.
  path: Assets/Level 2.prefab
  artifactKey: Guid(4e216a9dbf6dd2e46a44d024717d4021) Importer(815301076,1909f56bfc062723c751e8b465ee728b)
Start importing Assets/Level 2.prefab using Guid(4e216a9dbf6dd2e46a44d024717d4021) Importer(815301076,1909f56bfc062723c751e8b465ee728b) [PhysX] Initialized MultithreadedTaskDispatcher with 12 workers.
[PhysX] Initialized MultithreadedTaskDispatcher with 12 workers.
 -> (artifact id: 'c2e4d464c966191231957bee4bb18353') in 0.073254 seconds
Number of updated asset objects reloaded before import = 0
Number of asset objects unloaded after import = 1891
========================================================================
Received Import Request.
  Time since last request: 0.000025 seconds.
  path: Assets/Level Start.prefab
  artifactKey: Guid(3eb4290fc255c26469b8bcb5d013e9ad) Importer(815301076,1909f56bfc062723c751e8b465ee728b)
Start importing Assets/Level Start.prefab using Guid(3eb4290fc255c26469b8bcb5d013e9ad) Importer(815301076,1909f56bfc062723c751e8b465ee728b) [PhysX] Initialized MultithreadedTaskDispatcher with 12 workers.
[PhysX] Initialized MultithreadedTaskDispatcher with 12 workers.
 -> (artifact id: '5e18a4bb95a69ccaff8673270602e688') in 0.081048 seconds
Number of updated asset objects reloaded before import = 0
Number of asset objects unloaded after import = 2315
========================================================================
Received Import Request.
  Time since last request: 7.270694 seconds.
  path: Assets/Level 2.prefab
  artifactKey: Guid(4e216a9dbf6dd2e46a44d024717d4021) Importer(815301076,1909f56bfc062723c751e8b465ee728b)
Start importing Assets/Level 2.prefab using Guid(4e216a9dbf6dd2e46a44d024717d4021) Importer(815301076,1909f56bfc062723c751e8b465ee728b) [PhysX] Initialized MultithreadedTaskDispatcher with 12 workers.
[PhysX] Initialized MultithreadedTaskDispatcher with 12 workers.
 -> (artifact id: '866769c7c96ba5127a5ef3f54dbbd824') in 0.072236 seconds
Number of updated asset objects reloaded before import = 0
Number of asset objects unloaded after import = 1891
========================================================================
Received Import Request.
  Time since last request: 0.000034 seconds.
  path: Assets/Level 3.prefab
  artifactKey: Guid(73fd758d6ba55c246aac5a816b19def8) Importer(815301076,1909f56bfc062723c751e8b465ee728b)
Start importing Assets/Level 3.prefab using Guid(73fd758d6ba55c246aac5a816b19def8) Importer(815301076,1909f56bfc062723c751e8b465ee728b) [PhysX] Initialized MultithreadedTaskDispatcher with 12 workers.
[PhysX] Initialized MultithreadedTaskDispatcher with 12 workers.
 -> (artifact id: '4da95d4a6be8eafa5c20ddc467f8dbd2') in 0.074040 seconds
Number of updated asset objects reloaded before import = 0
Number of asset objects unloaded after import = 1891
========================================================================
Received Import Request.
  Time since last request: 2.442663 seconds.
  path: Assets/Level 2.prefab
  artifactKey: Guid(4e216a9dbf6dd2e46a44d024717d4021) Importer(815301076,1909f56bfc062723c751e8b465ee728b)
Start importing Assets/Level 2.prefab using Guid(4e216a9dbf6dd2e46a44d024717d4021) Importer(815301076,1909f56bfc062723c751e8b465ee728b) [PhysX] Initialized MultithreadedTaskDispatcher with 12 workers.
[PhysX] Initialized MultithreadedTaskDispatcher with 12 workers.
 -> (artifact id: '8e9390dee3faf3b49a53c99788c18e6c') in 0.072291 seconds
Number of updated asset objects reloaded before import = 0
Number of asset objects unloaded after import = 1891
========================================================================
Received Import Request.
  Time since last request: 0.063307 seconds.
  path: Assets/Level Start.prefab
  artifactKey: Guid(3eb4290fc255c26469b8bcb5d013e9ad) Importer(815301076,1909f56bfc062723c751e8b465ee728b)
Start importing Assets/Level Start.prefab using Guid(3eb4290fc255c26469b8bcb5d013e9ad) Importer(815301076,1909f56bfc062723c751e8b465ee728b) [PhysX] Initialized MultithreadedTaskDispatcher with 12 workers.
[PhysX] Initialized MultithreadedTaskDispatcher with 12 workers.
 -> (artifact id: '231d7c2e15906b931549b55d5ccf9487') in 0.104675 seconds
Number of updated asset objects reloaded before import = 0
Number of asset objects unloaded after import = 2315
========================================================================
Received Import Request.
  Time since last request: 14.566723 seconds.
  path: Assets/Level 2.prefab
  artifactKey: Guid(4e216a9dbf6dd2e46a44d024717d4021) Importer(815301076,1909f56bfc062723c751e8b465ee728b)
Start importing Assets/Level 2.prefab using Guid(4e216a9dbf6dd2e46a44d024717d4021) Importer(815301076,1909f56bfc062723c751e8b465ee728b) [PhysX] Initialized MultithreadedTaskDispatcher with 12 workers.
[PhysX] Initialized MultithreadedTaskDispatcher with 12 workers.
 -> (artifact id: '491fe78e9f581fcffecb8916713db6e0') in 0.087683 seconds
Number of updated asset objects reloaded before import = 0
Number of asset objects unloaded after import = 1891
========================================================================
Received Import Request.
  Time since last request: 0.000021 seconds.
  path: Assets/Level 3.prefab
  artifactKey: Guid(73fd758d6ba55c246aac5a816b19def8) Importer(815301076,1909f56bfc062723c751e8b465ee728b)
Start importing Assets/Level 3.prefab using Guid(73fd758d6ba55c246aac5a816b19def8) Importer(815301076,1909f56bfc062723c751e8b465ee728b) [PhysX] Initialized MultithreadedTaskDispatcher with 12 workers.
[PhysX] Initialized MultithreadedTaskDispatcher with 12 workers.
 -> (artifact id: 'd010b91bf40918c108baf292ff9e0439') in 0.078495 seconds
Number of updated asset objects reloaded before import = 0
Number of asset objects unloaded after import = 1891
========================================================================
Received Prepare
Begin MonoManager ReloadAssembly
- Loaded All Assemblies, in  0.551 seconds
Refreshing native plugins compatible for Editor in 3.84 ms, found 3 plugins.
Native extension for UWP target not found
Native extension for LinuxStandalone target not found
Native extension for WindowsStandalone target not found
Native extension for iOS target not found
Native extension for Android target not found
Native extension for OSXStandalone target not found
Native extension for WebGL target not found
[MODES] ModeService[none].Initialize
[MODES] ModeService[none].LoadModes
[MODES] Loading mode Default (0) for mode-current-id-CodeSample
[Package Manager] Server::EnsureServerProcessIsRunning -- launch failed, reason: Unity was launched with the -noUpm command-line argument
[Package Manager] UpmClient::Send -- Unable to send message (not connected to UPM process).
[Package Manager] Cannot connect to Unity Package Manager local server
Mono: successfully reloaded assembly
- Finished resetting the current domain, in  1.485 seconds
Domain Reload Profiling: 2034ms
	BeginReloadAssembly (259ms)
		ExecutionOrderSort (0ms)
		DisableScriptedObjects (10ms)
		BackupInstance (0ms)
		ReleaseScriptingObjects (0ms)
		CreateAndSetChildDomain (43ms)
	RebuildCommonClasses (55ms)
	RebuildNativeTypeToScriptingClass (12ms)
	initialDomainReloadingComplete (27ms)
	LoadAllAssembliesAndSetupDomain (195ms)
		LoadAssemblies (349ms)
		RebuildTransferFunctionScriptingTraits (0ms)
		AnalyzeDomain (19ms)
			TypeCache.Refresh (6ms)
				TypeCache.ScanAssembly (0ms)
			ScanForSourceGeneratedMonoScriptInfo (0ms)
			ResolveRequiredComponents (13ms)
	FinalizeReload (1485ms)
		ReleaseScriptCaches (0ms)
		RebuildScriptCaches (0ms)
		SetupLoadedEditorAssemblies (664ms)
			LogAssemblyErrors (0ms)
			InitializePlatformSupportModulesInManaged (36ms)
			SetLoadedEditorAssemblies (3ms)
			RefreshPlugins (0ms)
			BeforeProcessingInitializeOnLoad (80ms)
			ProcessInitializeOnLoadAttributes (462ms)
			ProcessInitializeOnLoadMethodAttributes (81ms)
			AfterProcessingInitializeOnLoad (2ms)
			EditorAssembliesLoaded (0ms)
		ExecutionOrderSort2 (0ms)
		AwakeInstancesAfterBackupRestoration (22ms)
Refreshing native plugins compatible for Editor in 6.39 ms, found 3 plugins.
Preloading 0 native plugins for Editor in 0.00 ms.
Unloading 5599 Unused Serialized files (Serialized files now loaded: 0)
Unloading 57 unused Assets / (2.1 MB). Loaded Objects now: 6325.
Memory consumption went from 207.5 MB to 205.4 MB.
Total: 4.624500 ms (FindLiveObjects: 0.752200 ms CreateObjectMapping: 0.224700 ms MarkObjects: 3.169100 ms  DeleteObjects: 0.477400 ms)

Prepare: number of updated asset objects reloaded= 0
AssetImportParameters requested are different than current active one (requested -> active):
  custom:container-demuxer-ogg: 62fdf1f143b41e24485cea50d1cbac27 -> 
  custom:video-codec-MediaFoundation-h265: 746d11721c4dcdbdad8f713fa42b33f4 -> 
  custom:video-decoder-ogg-theora: a1e56fd34408186e4bbccfd4996cb3dc -> 
  custom:framework-win-MediaFoundation: 216162199b28c13a410421893ffa2e32 -> 
  custom:CustomObjectIndexerAttribute: 3ead1caaecf1c488f20bcfeb224b6af5 -> 
  custom:container-demuxer-webm: 4f35f7cbe854078d1ac9338744f61a02 -> 
  custom:container-muxer-webm: aa71ff27fc2769a1b78a27578f13a17b -> 
  custom:video-decoder-webm-vp8: 9c59270c3fd7afecdb556c50c9e8de78 -> 
  custom:SearchIndexIgnoredProperties: e643bd26f0fe6173181afceb89e7c659 -> 
  custom:AudioImporter_EditorPlatform: d09bf68614088b80899f8185d706f6e7 -> 
  custom:video-encoder-webm-vp8: eb34c28f22e8b96e1ab97ce403110664 -> 
  custom:audio-decoder-ogg-vorbis: bf7c407c2cedff20999df2af8eb42d56 -> 
  custom:audio-encoder-webm-vorbis: bf7c407c2cedff20999df2af8eb42d56 -> 
========================================================================
Received Import Request.
  Time since last request: 149.069303 seconds.
  path: Assets/Level 1.prefab
  artifactKey: Guid(cd86601b4d7a0334e8c39fedf507f74a) Importer(815301076,1909f56bfc062723c751e8b465ee728b)
Start importing Assets/Level 1.prefab using Guid(cd86601b4d7a0334e8c39fedf507f74a) Importer(815301076,1909f56bfc062723c751e8b465ee728b) [PhysX] Initialized MultithreadedTaskDispatcher with 12 workers.
[PhysX] Initialized MultithreadedTaskDispatcher with 12 workers.
 -> (artifact id: 'f34be302472831239f1b9aaa7cd92184') in 0.351836 seconds
Number of updated asset objects reloaded before import = 0
Number of asset objects unloaded after import = 1909
========================================================================
Received Import Request.
  Time since last request: 0.000025 seconds.
  path: Assets/Level Start.prefab
  artifactKey: Guid(3eb4290fc255c26469b8bcb5d013e9ad) Importer(815301076,1909f56bfc062723c751e8b465ee728b)
Start importing Assets/Level Start.prefab using Guid(3eb4290fc255c26469b8bcb5d013e9ad) Importer(815301076,1909f56bfc062723c751e8b465ee728b) [PhysX] Initialized MultithreadedTaskDispatcher with 12 workers.
[PhysX] Initialized MultithreadedTaskDispatcher with 12 workers.
 -> (artifact id: '8731ee459afdbf0ff002a53a58b3b0a2') in 0.082171 seconds
Number of updated asset objects reloaded before import = 0
Number of asset objects unloaded after import = 2315
========================================================================
Received Import Request.
  Time since last request: 0.000037 seconds.
  path: Assets/Level 3.prefab
  artifactKey: Guid(73fd758d6ba55c246aac5a816b19def8) Importer(815301076,1909f56bfc062723c751e8b465ee728b)
Start importing Assets/Level 3.prefab using Guid(73fd758d6ba55c246aac5a816b19def8) Importer(815301076,1909f56bfc062723c751e8b465ee728b) [PhysX] Initialized MultithreadedTaskDispatcher with 12 workers.
[PhysX] Initialized MultithreadedTaskDispatcher with 12 workers.
 -> (artifact id: 'dcc4d217afd65ced57549420c8bd6a15') in 0.078412 seconds
Number of updated asset objects reloaded before import = 0
Number of asset objects unloaded after import = 1891
========================================================================
Received Import Request.
  Time since last request: 6.356485 seconds.
  path: Assets/Level 1.prefab
  artifactKey: Guid(cd86601b4d7a0334e8c39fedf507f74a) Importer(815301076,1909f56bfc062723c751e8b465ee728b)
Start importing Assets/Level 1.prefab using Guid(cd86601b4d7a0334e8c39fedf507f74a) Importer(815301076,1909f56bfc062723c751e8b465ee728b) [PhysX] Initialized MultithreadedTaskDispatcher with 12 workers.
[PhysX] Initialized MultithreadedTaskDispatcher with 12 workers.
 -> (artifact id: '7469c6841290659f63519024c7365376') in 0.078712 seconds
Number of updated asset objects reloaded before import = 0
Number of asset objects unloaded after import = 1891
========================================================================
Received Import Request.
  Time since last request: 0.000029 seconds.
  path: Assets/Level Start.prefab
  artifactKey: Guid(3eb4290fc255c26469b8bcb5d013e9ad) Importer(815301076,1909f56bfc062723c751e8b465ee728b)
Start importing Assets/Level Start.prefab using Guid(3eb4290fc255c26469b8bcb5d013e9ad) Importer(815301076,1909f56bfc062723c751e8b465ee728b) [PhysX] Initialized MultithreadedTaskDispatcher with 12 workers.
[PhysX] Initialized MultithreadedTaskDispatcher with 12 workers.
 -> (artifact id: '7cc82421e0780ce6d68585aca826475f') in 0.088008 seconds
Number of updated asset objects reloaded before import = 0
Number of asset objects unloaded after import = 2315
========================================================================
Received Import Request.
  Time since last request: 0.000037 seconds.
  path: Assets/Level End.prefab
  artifactKey: Guid(397a22786b2c18f4baad5589f18c48ce) Importer(815301076,1909f56bfc062723c751e8b465ee728b)
Start importing Assets/Level End.prefab using Guid(397a22786b2c18f4baad5589f18c48ce) Importer(815301076,1909f56bfc062723c751e8b465ee728b) [PhysX] Initialized MultithreadedTaskDispatcher with 12 workers.
[PhysX] Initialized MultithreadedTaskDispatcher with 12 workers.
 -> (artifact id: '141a9c19afc1fbe41e21fa4f5185de94') in 0.073633 seconds
Number of updated asset objects reloaded before import = 0
Number of asset objects unloaded after import = 1891
========================================================================
Received Import Request.
  Time since last request: 16.153664 seconds.
  path: Assets/Level 1.prefab
  artifactKey: Guid(cd86601b4d7a0334e8c39fedf507f74a) Importer(815301076,1909f56bfc062723c751e8b465ee728b)
Start importing Assets/Level 1.prefab using Guid(cd86601b4d7a0334e8c39fedf507f74a) Importer(815301076,1909f56bfc062723c751e8b465ee728b) [PhysX] Initialized MultithreadedTaskDispatcher with 12 workers.
[PhysX] Initialized MultithreadedTaskDispatcher with 12 workers.
 -> (artifact id: 'd41589d47e5fb655d3b372ee14832886') in 0.077058 seconds
Number of updated asset objects reloaded before import = 0
Number of asset objects unloaded after import = 1891
========================================================================
Received Import Request.
  Time since last request: 0.000023 seconds.
  path: Assets/Level End.prefab
  artifactKey: Guid(397a22786b2c18f4baad5589f18c48ce) Importer(815301076,1909f56bfc062723c751e8b465ee728b)
Start importing Assets/Level End.prefab using Guid(397a22786b2c18f4baad5589f18c48ce) Importer(815301076,1909f56bfc062723c751e8b465ee728b) [PhysX] Initialized MultithreadedTaskDispatcher with 12 workers.
[PhysX] Initialized MultithreadedTaskDispatcher with 12 workers.
 -> (artifact id: '91535f8f4fdd3e1195b530a75b1da8dc') in 0.070019 seconds
Number of updated asset objects reloaded before import = 0
Number of asset objects unloaded after import = 1891
========================================================================
Received Import Request.
  Time since last request: 5.119175 seconds.
  path: Assets/Level 1.prefab
  artifactKey: Guid(cd86601b4d7a0334e8c39fedf507f74a) Importer(815301076,1909f56bfc062723c751e8b465ee728b)
Start importing Assets/Level 1.prefab using Guid(cd86601b4d7a0334e8c39fedf507f74a) Importer(815301076,1909f56bfc062723c751e8b465ee728b) [PhysX] Initialized MultithreadedTaskDispatcher with 12 workers.
[PhysX] Initialized MultithreadedTaskDispatcher with 12 workers.
 -> (artifact id: 'b5e8b32e5a4f246b3d0226db1eb34a73') in 0.074722 seconds
Number of updated asset objects reloaded before import = 0
Number of asset objects unloaded after import = 1891
========================================================================
Received Import Request.
  Time since last request: 0.000023 seconds.
  path: Assets/Level Start.prefab
  artifactKey: Guid(3eb4290fc255c26469b8bcb5d013e9ad) Importer(815301076,1909f56bfc062723c751e8b465ee728b)
Start importing Assets/Level Start.prefab using Guid(3eb4290fc255c26469b8bcb5d013e9ad) Importer(815301076,1909f56bfc062723c751e8b465ee728b) [PhysX] Initialized MultithreadedTaskDispatcher with 12 workers.
[PhysX] Initialized MultithreadedTaskDispatcher with 12 workers.
 -> (artifact id: 'f2a1d343158e80d1dd465bb97264530d') in 0.086575 seconds
Number of updated asset objects reloaded before import = 0
Number of asset objects unloaded after import = 2315
========================================================================
Received Import Request.
  Time since last request: 5.650086 seconds.
  path: Assets/Level 1.prefab
  artifactKey: Guid(cd86601b4d7a0334e8c39fedf507f74a) Importer(815301076,1909f56bfc062723c751e8b465ee728b)
Start importing Assets/Level 1.prefab using Guid(cd86601b4d7a0334e8c39fedf507f74a) Importer(815301076,1909f56bfc062723c751e8b465ee728b) [PhysX] Initialized MultithreadedTaskDispatcher with 12 workers.
[PhysX] Initialized MultithreadedTaskDispatcher with 12 workers.
 -> (artifact id: '3c1f775ab6da4885adc019408b6c3d87') in 0.075655 seconds
Number of updated asset objects reloaded before import = 0
Number of asset objects unloaded after import = 1891
========================================================================
Received Import Request.
  Time since last request: 0.000029 seconds.
  path: Assets/Level Start.prefab
  artifactKey: Guid(3eb4290fc255c26469b8bcb5d013e9ad) Importer(815301076,1909f56bfc062723c751e8b465ee728b)
Start importing Assets/Level Start.prefab using Guid(3eb4290fc255c26469b8bcb5d013e9ad) Importer(815301076,1909f56bfc062723c751e8b465ee728b) [PhysX] Initialized MultithreadedTaskDispatcher with 12 workers.
[PhysX] Initialized MultithreadedTaskDispatcher with 12 workers.
 -> (artifact id: '6d3bc166c243df773ebd34f890494ef7') in 0.081610 seconds
Number of updated asset objects reloaded before import = 0
Number of asset objects unloaded after import = 2315
========================================================================
Received Import Request.
  Time since last request: 4.496606 seconds.
  path: Assets/Level 1.prefab
  artifactKey: Guid(cd86601b4d7a0334e8c39fedf507f74a) Importer(815301076,1909f56bfc062723c751e8b465ee728b)
Start importing Assets/Level 1.prefab using Guid(cd86601b4d7a0334e8c39fedf507f74a) Importer(815301076,1909f56bfc062723c751e8b465ee728b) [PhysX] Initialized MultithreadedTaskDispatcher with 12 workers.
[PhysX] Initialized MultithreadedTaskDispatcher with 12 workers.
 -> (artifact id: '1b0550190d30ac897c1cb37c3537c3a2') in 0.078070 seconds
Number of updated asset objects reloaded before import = 0
Number of asset objects unloaded after import = 1891
========================================================================
Received Import Request.
  Time since last request: 0.000025 seconds.
  path: Assets/Level 3.prefab
  artifactKey: Guid(73fd758d6ba55c246aac5a816b19def8) Importer(815301076,1909f56bfc062723c751e8b465ee728b)
Start importing Assets/Level 3.prefab using Guid(73fd758d6ba55c246aac5a816b19def8) Importer(815301076,1909f56bfc062723c751e8b465ee728b) [PhysX] Initialized MultithreadedTaskDispatcher with 12 workers.
[PhysX] Initialized MultithreadedTaskDispatcher with 12 workers.
 -> (artifact id: 'aa4c10379759390971d62dc358d41b54') in 0.079482 seconds
Number of updated asset objects reloaded before import = 0
Number of asset objects unloaded after import = 1891
========================================================================
Received Prepare
Begin MonoManager ReloadAssembly
- Loaded All Assemblies, in  0.409 seconds
Refreshing native plugins compatible for Editor in 3.31 ms, found 3 plugins.
Native extension for UWP target not found
Native extension for LinuxStandalone target not found
Native extension for WindowsStandalone target not found
Native extension for iOS target not found
Native extension for Android target not found
Native extension for OSXStandalone target not found
Native extension for WebGL target not found
[MODES] ModeService[none].Initialize
[MODES] ModeService[none].LoadModes
[MODES] Loading mode Default (0) for mode-current-id-CodeSample
[Package Manager] Server::EnsureServerProcessIsRunning -- launch failed, reason: Unity was launched with the -noUpm command-line argument
[Package Manager] UpmClient::Send -- Unable to send message (not connected to UPM process).
[Package Manager] Cannot connect to Unity Package Manager local server
Mono: successfully reloaded assembly
- Finished resetting the current domain, in  1.201 seconds
Domain Reload Profiling: 1609ms
	BeginReloadAssembly (151ms)
		ExecutionOrderSort (0ms)
		DisableScriptedObjects (9ms)
		BackupInstance (0ms)
		ReleaseScriptingObjects (0ms)
		CreateAndSetChildDomain (42ms)
	RebuildCommonClasses (30ms)
	RebuildNativeTypeToScriptingClass (11ms)
	initialDomainReloadingComplete (22ms)
	LoadAllAssembliesAndSetupDomain (193ms)
		LoadAssemblies (244ms)
		RebuildTransferFunctionScriptingTraits (0ms)
		AnalyzeDomain (19ms)
			TypeCache.Refresh (6ms)
				TypeCache.ScanAssembly (0ms)
			ScanForSourceGeneratedMonoScriptInfo (0ms)
			ResolveRequiredComponents (12ms)
	FinalizeReload (1202ms)
		ReleaseScriptCaches (0ms)
		RebuildScriptCaches (0ms)
		SetupLoadedEditorAssemblies (541ms)
			LogAssemblyErrors (0ms)
			InitializePlatformSupportModulesInManaged (31ms)
			SetLoadedEditorAssemblies (3ms)
			RefreshPlugins (0ms)
			BeforeProcessingInitializeOnLoad (66ms)
			ProcessInitializeOnLoadAttributes (380ms)
			ProcessInitializeOnLoadMethodAttributes (59ms)
			AfterProcessingInitializeOnLoad (2ms)
			EditorAssembliesLoaded (0ms)
		ExecutionOrderSort2 (0ms)
		AwakeInstancesAfterBackupRestoration (21ms)
Refreshing native plugins compatible for Editor in 3.74 ms, found 3 plugins.
Preloading 0 native plugins for Editor in 0.00 ms.
Unloading 5599 Unused Serialized files (Serialized files now loaded: 0)
Unloading 57 unused Assets / (2.1 MB). Loaded Objects now: 6380.
Memory consumption went from 207.6 MB to 205.5 MB.
Total: 4.228700 ms (FindLiveObjects: 0.549600 ms CreateObjectMapping: 0.154100 ms MarkObjects: 3.057000 ms  DeleteObjects: 0.467100 ms)

Prepare: number of updated asset objects reloaded= 0
AssetImportParameters requested are different than current active one (requested -> active):
  custom:container-demuxer-ogg: 62fdf1f143b41e24485cea50d1cbac27 -> 
  custom:video-codec-MediaFoundation-h265: 746d11721c4dcdbdad8f713fa42b33f4 -> 
  custom:video-decoder-ogg-theora: a1e56fd34408186e4bbccfd4996cb3dc -> 
  custom:framework-win-MediaFoundation: 216162199b28c13a410421893ffa2e32 -> 
  custom:CustomObjectIndexerAttribute: 3ead1caaecf1c488f20bcfeb224b6af5 -> 
  custom:container-demuxer-webm: 4f35f7cbe854078d1ac9338744f61a02 -> 
  custom:container-muxer-webm: aa71ff27fc2769a1b78a27578f13a17b -> 
  custom:video-decoder-webm-vp8: 9c59270c3fd7afecdb556c50c9e8de78 -> 
  custom:SearchIndexIgnoredProperties: e643bd26f0fe6173181afceb89e7c659 -> 
  custom:AudioImporter_EditorPlatform: d09bf68614088b80899f8185d706f6e7 -> 
  custom:video-encoder-webm-vp8: eb34c28f22e8b96e1ab97ce403110664 -> 
  custom:audio-decoder-ogg-vorbis: bf7c407c2cedff20999df2af8eb42d56 -> 
  custom:audio-encoder-webm-vorbis: bf7c407c2cedff20999df2af8eb42d56 -> 
Editor requested this worker to shutdown with reason: Scaling down because of idle timeout
TcpMessagingSession - receive error: operation aborted. errorcode: 995, details: The I/O operation has been aborted because of either a thread exit or an application request.
AssetImportWorker is now disconnected from the server
Process exiting
Exiting without the bug reporter. Application will terminate with return code 0